[    0.000000] Initializing cgroup subsys cpuset
[    0.000000] Initializing cgroup subsys cpu
[    0.000000] Initializing cgroup subsys cpuacct
[    0.000000] Linux version 4.4.0-154-generic (buildd@lgw01-amd64-049) (gcc version 5.4.0 20160609 (Ubuntu 5.4.0-6ubuntu1~16.04.10) ) #181-Ubuntu SMP Tue Jun 25 05:29:03 UTC 2019 (Ubuntu 4.4.0-154.181-generic 4.4.179)
[    0.000000] Command line: BOOT_IMAGE=/boot/vmlinuz-4.4.0-154-generic root=LABEL=cloudimg-rootfs ro console=tty1 console=ttyS0
[    0.000000] KERNEL supported cpus:
[    0.000000]   Intel GenuineIntel
[    0.000000]   AMD AuthenticAMD
[    0.000000]   Centaur CentaurHauls
[    0.000000] x86/fpu: xstate_offset[2]:  576, xstate_sizes[2]:  256
[    0.000000] x86/fpu: Supporting XSAVE feature 0x01: 'x87 floating point registers'
[    0.000000] x86/fpu: Supporting XSAVE feature 0x02: 'SSE registers'
[    0.000000] x86/fpu: Supporting XSAVE feature 0x04: 'AVX registers'
[    0.000000] x86/fpu: Enabled xstate features 0x7, context size is 832 bytes, using 'standard' format.
[    0.000000] e820: BIOS-provided physical RAM map:
[    0.000000] BIOS-e820: [mem 0x0000000000000000-0x000000000009fbff] usable
[    0.000000] BIOS-e820: [mem 0x000000000009fc00-0x000000000009ffff] reserved
[    0.000000] BIOS-e820: [mem 0x00000000000f0000-0x00000000000fffff] reserved
[    0.000000] BIOS-e820: [mem 0x0000000000100000-0x000000003ffeffff] usable
[    0.000000] BIOS-e820: [mem 0x000000003fff0000-0x000000003fffffff] ACPI data
[    0.000000] BIOS-e820: [mem 0x00000000fec00000-0x00000000fec00fff] reserved
[    0.000000] BIOS-e820: [mem 0x00000000fee00000-0x00000000fee00fff] reserved
[    0.000000] BIOS-e820: [mem 0x00000000fffc0000-0x00000000ffffffff] reserved
[    0.000000] NX (Execute Disable) protection: active
[    0.000000] SMBIOS 2.5 present.
[    0.000000] Hypervisor detected: KVM
[    0.000000] e820: last_pfn = 0x3fff0 max_arch_pfn = 0x400000000
[    0.000000] MTRR: Disabled
[    0.000000] x86/PAT: MTRRs disabled, skipping PAT initialization too.
[    0.000000] CPU MTRRs all blank - virtualized system.
[    0.000000] x86/PAT: Configuration [0-7]: WB  WT  UC- UC  WB  WT  UC- UC  
[    0.000000] found SMP MP-table at [mem 0x0009fff0-0x0009ffff] mapped at [ffff88000009fff0]
[    0.000000] Scanning 1 areas for low memory corruption
[    0.000000] RAMDISK: [mem 0x362fa000-0x37174fff]
[    0.000000] ACPI: Early table checksum verification disabled
[    0.000000] ACPI: RSDP 0x00000000000E0000 000024 (v02 VBOX  )
[    0.000000] ACPI: XSDT 0x000000003FFF0030 00003C (v01 VBOX   VBOXXSDT 00000001 ASL  00000061)
[    0.000000] ACPI: FACP 0x000000003FFF00F0 0000F4 (v04 VBOX   VBOXFACP 00000001 ASL  00000061)
[    0.000000] ACPI: DSDT 0x000000003FFF0470 0021FF (v02 VBOX   VBOXBIOS 00000002 INTL 20160108)
[    0.000000] ACPI: FACS 0x000000003FFF0200 000040
[    0.000000] ACPI: FACS 0x000000003FFF0200 000040
[    0.000000] ACPI: APIC 0x000000003FFF0240 00005C (v02 VBOX   VBOXAPIC 00000001 ASL  00000061)
[    0.000000] ACPI: SSDT 0x000000003FFF02A0 0001CC (v01 VBOX   VBOXCPUT 00000002 INTL 20160108)
[    0.000000] No NUMA configuration found
[    0.000000] Faking a node at [mem 0x0000000000000000-0x000000003ffeffff]
[    0.000000] NODE_DATA(0) allocated [mem 0x3ffeb000-0x3ffeffff]
[    0.000000] kvm-clock: Using msrs 4b564d01 and 4b564d00
[    0.000000] kvm-clock: cpu 0, msr 0:3ffe3001, primary cpu clock
[    0.000000] kvm-clock: using sched offset of 3537406151 cycles
[    0.000000] clocksource: kvm-clock: mask: 0xffffffffffffffff max_cycles: 0x1cd42e4dffb, max_idle_ns: 881590591483 ns
[    0.000000] Zone ranges:
[    0.000000]   DMA      [mem 0x0000000000001000-0x0000000000ffffff]
[    0.000000]   DMA32    [mem 0x0000000001000000-0x000000003ffeffff]
[    0.000000]   Normal   empty
[    0.000000]   Device   empty
[    0.000000] Movable zone start for each node
[    0.000000] Early memory node ranges
[    0.000000]   node   0: [mem 0x0000000000001000-0x000000000009efff]
[    0.000000]   node   0: [mem 0x0000000000100000-0x000000003ffeffff]
[    0.000000] Initmem setup node 0 [mem 0x0000000000001000-0x000000003ffeffff]
[    0.000000] ACPI: PM-Timer IO Port: 0x4008
[    0.000000] IOAPIC[0]: apic_id 2, version 32, address 0xfec00000, GSI 0-23
[    0.000000] ACPI: INT_SRC_OVR (bus 0 bus_irq 0 global_irq 2 dfl dfl)
[    0.000000] ACPI: INT_SRC_OVR (bus 0 bus_irq 9 global_irq 9 high level)
[    0.000000] Using ACPI (MADT) for SMP configuration information
[    0.000000] smpboot: Allowing 2 CPUs, 0 hotplug CPUs
[    0.000000] PM: Registered nosave memory: [mem 0x00000000-0x00000fff]
[    0.000000] PM: Registered nosave memory: [mem 0x0009f000-0x0009ffff]
[    0.000000] PM: Registered nosave memory: [mem 0x000a0000-0x000effff]
[    0.000000] PM: Registered nosave memory: [mem 0x000f0000-0x000fffff]
[    0.000000] e820: [mem 0x40000000-0xfebfffff] available for PCI devices
[    0.000000] Booting paravirtualized kernel on KVM
[    0.000000] clocksource: refined-jiffies: mask: 0xffffffff max_cycles: 0xffffffff, max_idle_ns: 7645519600211568 ns
[    0.000000] setup_percpu: NR_CPUS:512 nr_cpumask_bits:512 nr_cpu_ids:2 nr_node_ids:1
[    0.000000] PERCPU: Embedded 34 pages/cpu @ffff88003fc00000 s99480 r8192 d31592 u1048576
[    0.000000] Built 1 zonelists in Node order, mobility grouping on.  Total pages: 257912
[    0.000000] Policy zone: DMA32
[    0.000000] Kernel command line: BOOT_IMAGE=/boot/vmlinuz-4.4.0-154-generic root=LABEL=cloudimg-rootfs ro console=tty1 console=ttyS0
[    0.000000] PID hash table entries: 4096 (order: 3, 32768 bytes)
[    0.000000] Memory: 997732K/1048120K available (8613K kernel code, 1335K rwdata, 4028K rodata, 1484K init, 1284K bss, 50388K reserved, 0K cma-reserved)
[    0.000000] SLUB: HWalign=64, Order=0-3, MinObjects=0, CPUs=2, Nodes=1
[    0.000000] Kernel/User page tables isolation: enabled
[    0.000000] Hierarchical RCU implementation.
[    0.000000] 	Build-time adjustment of leaf fanout to 64.
[    0.000000] 	RCU restricting CPUs from NR_CPUS=512 to nr_cpu_ids=2.
[    0.000000] RCU: Adjusting geometry for rcu_fanout_leaf=64, nr_cpu_ids=2
[    0.000000] NR_IRQS:33024 nr_irqs:440 16
[    0.000000] Console: colour VGA+ 80x25
[    0.000000] console [tty1] enabled
[    0.000000] console [ttyS0] enabled
[    0.000000] tsc: Detected 3092.946 MHz processor
[    0.339031] Calibrating delay loop (skipped) preset value.. 6185.89 BogoMIPS (lpj=12371784)
[    0.340464] pid_max: default: 32768 minimum: 301
[    0.341248] ACPI: Core revision 20150930
[    0.342918] ACPI: 2 ACPI AML tables successfully acquired and loaded
[    0.350020] Security Framework initialized
[    0.351917] Yama: becoming mindful.
[    0.377514] AppArmor: AppArmor initialized
[    0.408185] Dentry cache hash table entries: 131072 (order: 8, 1048576 bytes)
[    0.410059] Inode-cache hash table entries: 65536 (order: 7, 524288 bytes)
[    0.416526] Mount-cache hash table entries: 2048 (order: 2, 16384 bytes)
[    0.425013] Mountpoint-cache hash table entries: 2048 (order: 2, 16384 bytes)
[    0.426232] Initializing cgroup subsys io
[    0.428121] Initializing cgroup subsys memory
[    0.434570] Initializing cgroup subsys devices
[    0.454552] Initializing cgroup subsys freezer
[    0.455367] Initializing cgroup subsys net_cls
[    0.456116] Initializing cgroup subsys perf_event
[    0.456929] Initializing cgroup subsys net_prio
[    0.463063] Initializing cgroup subsys hugetlb
[    0.475443] Initializing cgroup subsys pids
[    0.484419] mce: CPU supports 0 MCE banks
[    0.487625] Last level iTLB entries: 4KB 512, 2MB 8, 4MB 8
[    0.488508] Last level dTLB entries: 4KB 512, 2MB 32, 4MB 32, 1GB 0
[    0.489479] Spectre V2 : Mitigation: Full generic retpoline
[    0.490360] Spectre V2 : Spectre v2 / SpectreRSB mitigation: Filling RSB on context switch
[    0.491721] Speculative Store Bypass: Vulnerable
[    0.492650] MDS: Vulnerable: Clear CPU buffers attempted, no microcode
[    0.496411] Freeing SMP alternatives memory: 36K
[    0.513610] ftrace: allocating 32299 entries in 127 pages
[    0.585512] smpboot: APIC(0) Converting physical 0 to logical package 0
[    0.608796] smpboot: Max logical packages: 1
[    0.611604] x2apic enabled
[    0.622904] Switched APIC routing to physical x2apic.
[    0.624860] ..TIMER: vector=0x30 apic1=0 pin1=2 apic2=-1 pin2=-1
[    0.734700] smpboot: CPU0: Intel(R) Core(TM) i3-2100 CPU @ 3.10GHz (family: 0x6, model: 0x2a, stepping: 0x7)
[    0.751261] Performance Events: unsupported p6 CPU model 42 no PMU driver, software events only.
[    0.765972] KVM setup paravirtual spinlock
[    0.772706] x86: Booting SMP configuration:
[    0.786968] .... node  #0, CPUs:      #1
[    0.787816] kvm-clock: cpu 1, msr 0:3ffe3041, secondary cpu clock
[    0.788814] mce: CPU supports 0 MCE banks
[    0.791465] x86: Booted up 1 node, 2 CPUs
[    0.796336] smpboot: Total of 2 processors activated (12371.78 BogoMIPS)
[    0.805511] devtmpfs: initialized
[    0.817948] evm: security.selinux
[    0.823878] evm: security.SMACK64
[    0.824494] evm: security.SMACK64EXEC
[    0.825160] evm: security.SMACK64TRANSMUTE
[    0.825925] evm: security.SMACK64MMAP
[    0.827727] evm: security.ima
[    0.828309] evm: security.capability
[    0.834638] clocksource: jiffies: mask: 0xffffffff max_cycles: 0xffffffff, max_idle_ns: 7645041785100000 ns
[    0.837361] futex hash table entries: 512 (order: 3, 32768 bytes)
[    0.843360] pinctrl core: initialized pinctrl subsystem
[    0.847191] RTC time: 17:04:28, date: 08/08/19
[    0.857247] NET: Registered protocol family 16
[    0.874824] cpuidle: using governor ladder
[    0.894249] cpuidle: using governor menu
[    0.896080] PCCT header not found.
[    0.899685] ACPI: bus type PCI registered
[    0.906114] acpiphp: ACPI Hot Plug PCI Controller Driver version: 0.5
[    0.918456] PCI: Using configuration type 1 for base access
[    0.931226] ACPI: Added _OSI(Module Device)
[    0.956936] ACPI: Added _OSI(Processor Device)
[    0.963512] ACPI: Added _OSI(3.0 _SCP Extensions)
[    0.964625] ACPI: Added _OSI(Processor Aggregator Device)
[    0.984994] ACPI: Executed 1 blocks of module-level executable AML code
[    1.002743] ACPI: Interpreter enabled
[    1.022846] ACPI: (supports S0 S5)
[    1.025643] ACPI: Using IOAPIC for interrupt routing
[    1.026623] PCI: Using host bridge windows from ACPI; if necessary, use "pci=nocrs" and report a bug
[    1.031524] ACPI: PCI Root Bridge [PCI0] (domain 0000 [bus 00-ff])
[    1.113566] acpi PNP0A03:00: _OSC: OS supports [ASPM ClockPM Segments MSI]
[    1.117110] acpi PNP0A03:00: _OSC: not requesting OS control; OS requires [ExtendedConfig ASPM ClockPM MSI]
[    1.118630] acpi PNP0A03:00: fail to add MMCONFIG information, can't access extended PCI configuration space under this bridge.
[    1.120654] PCI host bridge to bus 0000:00
[    1.121357] pci_bus 0000:00: root bus resource [io  0x0000-0x0cf7 window]
[    1.122345] pci_bus 0000:00: root bus resource [io  0x0d00-0xffff window]
[    1.128619] pci_bus 0000:00: root bus resource [mem 0x000a0000-0x000bffff window]
[    1.129875] pci_bus 0000:00: root bus resource [mem 0x40000000-0xffdfffff window]
[    1.131169] pci_bus 0000:00: root bus resource [bus 00-ff]
[    1.133395] pci 0000:00:01.1: legacy IDE quirk: reg 0x10: [io  0x01f0-0x01f7]
[    1.134430] pci 0000:00:01.1: legacy IDE quirk: reg 0x14: [io  0x03f6]
[    1.135408] pci 0000:00:01.1: legacy IDE quirk: reg 0x18: [io  0x0170-0x0177]
[    1.136441] pci 0000:00:01.1: legacy IDE quirk: reg 0x1c: [io  0x0376]
[    1.157590] pci 0000:00:07.0: quirk: [io  0x4000-0x403f] claimed by PIIX4 ACPI
[    1.197306] pci 0000:00:07.0: quirk: [io  0x4100-0x410f] claimed by PIIX4 SMB
[    1.241124] ACPI: PCI Interrupt Link [LNKA] (IRQs 5 9 10 *11)
[    1.253520] ACPI: PCI Interrupt Link [LNKB] (IRQs 5 9 10 *11)
[    1.255145] ACPI: PCI Interrupt Link [LNKC] (IRQs 5 9 *10 11)
[    1.256767] ACPI: PCI Interrupt Link [LNKD] (IRQs 5 *9 10 11)
[    1.258439] ACPI: Enabled 2 GPEs in block 00 to 07
[    1.265288] vgaarb: setting as boot device: PCI:0000:00:02.0
[    1.267719] vgaarb: device added: PCI:0000:00:02.0,decodes=io+mem,owns=io+mem,locks=none
[    1.274338] vgaarb: loaded
[    1.274887] vgaarb: bridge control possible 0000:00:02.0
[    1.281567] SCSI subsystem initialized
[    1.287711] ACPI: bus type USB registered
[    1.288445] usbcore: registered new interface driver usbfs
[    1.292705] usbcore: registered new interface driver hub
[    1.293564] usbcore: registered new device driver usb
[    1.297513] PCI: Using ACPI for IRQ routing
[    1.299997] NetLabel: Initializing
[    1.300653] NetLabel:  domain hash size = 128
[    1.301378] NetLabel:  protocols = UNLABELED CIPSOv4
[    1.302700] NetLabel:  unlabeled traffic allowed by default
[    1.314679] amd_nb: Cannot enumerate AMD northbridges
[    1.315668] clocksource: Switched to clocksource kvm-clock
[    1.323333] AppArmor: AppArmor Filesystem Enabled
[    1.335929] pnp: PnP ACPI init
[    1.337404] pnp: PnP ACPI: found 3 devices
[    1.370285] clocksource: acpi_pm: mask: 0xffffff max_cycles: 0xffffff, max_idle_ns: 2085701024 ns
[    1.377175] NET: Registered protocol family 2
[    1.415441] TCP established hash table entries: 8192 (order: 4, 65536 bytes)
[    1.423008] TCP bind hash table entries: 8192 (order: 5, 131072 bytes)
[    1.435326] TCP: Hash tables configured (established 8192 bind 8192)
[    1.436329] UDP hash table entries: 512 (order: 2, 16384 bytes)
[    1.457443] UDP-Lite hash table entries: 512 (order: 2, 16384 bytes)
[    1.461404] NET: Registered protocol family 1
[    1.467487] pci 0000:00:00.0: Limiting direct PCI/PCI transfers
[    1.468432] pci 0000:00:01.0: Activating ISA DMA hang workarounds
[    1.469496] Unpacking initramfs...
[    1.694868] Freeing initrd memory: 14828K
[    1.795770] RAPL PMU detected, API unit is 2^-32 Joules, 3 fixed counters 10737418240 ms ovfl timer
[    1.797271] hw unit of domain pp0-core 2^-0 Joules
[    1.802357] hw unit of domain package 2^-0 Joules
[    1.803132] hw unit of domain pp1-gpu 2^-0 Joules
[    1.803914] clocksource: tsc: mask: 0xffffffffffffffff max_cycles: 0x2c954012f49, max_idle_ns: 440795248190 ns
[    1.816223] platform rtc_cmos: registered platform RTC device (no PNP device found)
[    1.966042] Scanning for low memory corruption every 60 seconds
[    1.969356] audit: initializing netlink subsys (disabled)
[    1.985924] audit: type=2000 audit(1565283873.297:1): initialized
[    1.987144] Initialise system trusted keyring
[    1.988142] HugeTLB registered 2 MB page size, pre-allocated 0 pages
[    1.990450] zbud: loaded
[    1.991338] VFS: Disk quotas dquot_6.6.0
[    1.992080] VFS: Dquot-cache hash table entries: 512 (order 0, 4096 bytes)
[    1.996082] squashfs: version 4.0 (2009/01/31) Phillip Lougher
[    2.003902] fuse init (API version 7.23)
[    2.004747] Key type big_key registered
[    2.005448] Allocating IMA MOK and blacklist keyrings.
[    2.007560] Key type asymmetric registered
[    2.015946] Asymmetric key parser 'x509' registered
[    2.023436] Block layer SCSI generic (bsg) driver version 0.4 loaded (major 249)
[    2.046570] io scheduler noop registered
[    2.059412] io scheduler deadline registered (default)
[    2.096144] io scheduler cfq registered
[    2.150489] pci_hotplug: PCI Hot Plug PCI Core version: 0.5
[    2.153842] pciehp: PCI Express Hot Plug Controller Driver version: 0.4
[    2.156199] ACPI: AC Adapter [AC] (on-line)
[    2.156991] input: Power Button as /devices/LNXSYSTM:00/LNXPWRBN:00/input/input0
[    2.158259] ACPI: Power Button [PWRF]
[    2.158972] input: Sleep Button as /devices/LNXSYSTM:00/LNXSLPBN:00/input/input1
[    2.160278] ACPI: Sleep Button [SLPF]
[    2.161282] GHES: HEST is not enabled!
[    2.176156] Serial: 8250/16550 driver, 32 ports, IRQ sharing enabled
[    2.307597] 00:02: ttyS0 at I/O 0x3f8 (irq = 4, base_baud = 115200) is a 16550A
[    2.337580] Linux agpgart interface v0.103
[    2.339729] loop: module loaded
[    2.347813] scsi host0: ata_piix
[    2.501536] scsi host1: ata_piix
[    2.525761] ata1: PATA max UDMA/33 cmd 0x1f0 ctl 0x3f6 bmdma 0xd000 irq 14
[    2.545907] ata2: PATA max UDMA/33 cmd 0x170 ctl 0x376 bmdma 0xd008 irq 15
[    2.556345] libphy: Fixed MDIO Bus: probed
[    2.586214] tun: Universal TUN/TAP device driver, 1.6
[    2.596372] tun: (C) 1999-2004 Max Krasnyansky <maxk@qualcomm.com>
[    2.661347] PPP generic driver version 2.4.2
[    2.765658] ehci_hcd: USB 2.0 'Enhanced' Host Controller (EHCI) Driver
[    2.823627] ehci-pci: EHCI PCI platform driver
[    2.824502] ehci-platform: EHCI generic platform driver
[    2.835962] ohci_hcd: USB 1.1 'Open' Host Controller (OHCI) Driver
[    2.836924] ohci-pci: OHCI PCI platform driver
[    2.837687] ohci-platform: OHCI generic platform driver
[    2.838526] uhci_hcd: USB Universal Host Controller Interface driver
[    2.839556] i8042: PNP: PS/2 Controller [PNP0303:PS2K,PNP0f03:PS2M] at 0x60,0x64 irq 1,12
[    2.841672] serio: i8042 KBD port at 0x60,0x64 irq 1
[    2.893241] serio: i8042 AUX port at 0x60,0x64 irq 12
[    2.896126] mousedev: PS/2 mouse device common for all mice
[    2.946188] rtc_cmos rtc_cmos: rtc core: registered rtc_cmos as rtc0
[    3.006099] input: AT Translated Set 2 keyboard as /devices/platform/i8042/serio0/input/input2
[    3.007716] rtc_cmos rtc_cmos: alarms up to one day, 114 bytes nvram
[    3.008737] i2c /dev entries driver
[    3.009570] device-mapper: uevent: version 1.0.3
[    3.056888] device-mapper: ioctl: 4.34.0-ioctl (2015-10-28) initialised: dm-devel@redhat.com
[    3.058294] ledtrig-cpu: registered to indicate activity on CPUs
[    3.059881] NET: Registered protocol family 10
[    3.076412] NET: Registered protocol family 17
[    3.085963] Key type dns_resolver registered
[    3.087047] registered taskstats version 1
[    3.087785] Loading compiled-in X.509 certificates
[    3.089399] Loaded X.509 cert 'Build time autogenerated kernel key: 65139e04a67245b562a838c28b5e7032abdd4348'
[    3.090975] zswap: loaded using pool lzo/zbud
[    3.094312] Key type trusted registered
[    3.160688] Key type encrypted registered
[    3.215673] AppArmor: AppArmor sha1 policy hashing enabled
[    3.216648] ima: No TPM chip found, activating TPM-bypass!
[    3.222781] ima: Allocated hash algorithm: sha1
[    3.223561] evm: HMAC attrs: 0x1
[    3.224508]   Magic number: 15:927:86
[    3.225311] rtc_cmos rtc_cmos: setting system clock to 2019-08-08 17:04:30 UTC (1565283870)
[    3.266061] BIOS EDD facility v0.16 2004-Jun-25, 0 devices found
[    3.286027] EDD information not available.
[    3.288095] Freeing unused kernel memory: 1484K
[    3.419718] Write protecting the kernel read-only data: 14336k
[    3.466503] Freeing unused kernel memory: 1616K
[    3.506010] Freeing unused kernel memory: 68K
Loading, please wait...
starting version[    3.524331] random: systemd-udevd: uninitialized urandom read (16 bytes read, 2 bits of entropy available)
 229
[    3.525183] random: udevadm: uninitialized urandom read (16 bytes read, 2 bits of entropy available)
[    3.525212] random: udevadm: uninitialized urandom read (16 bytes read, 2 bits of entropy available)
[    3.540903] random: udevadm: uninitialized urandom read (16 bytes read, 2 bits of entropy available)
[    3.540965] random: udevadm: uninitialized urandom read (16 bytes read, 2 bits of entropy available)
[    3.541180] random: udevadm: uninitialized urandom read (16 bytes read, 2 bits of entropy available)
[    3.541266] random: udevadm: uninitialized urandom read (16 bytes read, 2 bits of entropy available)
[    3.541349] random: udevadm: uninitialized urandom read (16 bytes read, 2 bits of entropy available)
[    3.541434] random: udevadm: uninitialized urandom read (16 bytes read, 2 bits of entropy available)
[    3.541520] random: udevadm: uninitialized urandom read (16 bytes read, 2 bits of entropy available)
[    3.690681] Fusion MPT base driver 3.04.20
[    3.699988] Copyright (c) 1999-2008 LSI Corporation
[    3.702291] e1000: Intel(R) PRO/1000 Network Driver - version 7.3.21-k8-NAPI
[    3.724419] e1000: Copyright (c) 1999-2006 Intel Corporation.
[    3.747648] Fusion MPT SPI Host driver 3.04.20
[    3.762562] mptbase: ioc0: Initiating bringup
[    3.852118] ioc0: LSI53C1030 A0: Capabilities={Initiator}
[    3.942505] input: ImExPS/2 Generic Explorer Mouse as /devices/platform/i8042/serio1/input/input4
[    4.055160] scsi host2: ioc0: LSI53C1030 A0, FwRev=00000000h, Ports=1, MaxQ=256, IRQ=20
[    4.188325] scsi 2:0:0:0: Direct-Access     VBOX     HARDDISK         1.0  PQ: 0 ANSI: 5
[    4.192813] scsi target2:0:0: Beginning Domain Validation
[    4.195909] scsi target2:0:0: Domain Validation skipping write tests
[    4.209463] scsi target2:0:0: Ending Domain Validation
[    4.221115] scsi target2:0:0: asynchronous
[    4.223867] scsi 2:0:1:0: Direct-Access     VBOX     HARDDISK         1.0  PQ: 0 ANSI: 5
[    4.226655] scsi target2:0:1: Beginning Domain Validation
[    4.235248] scsi target2:0:1: Domain Validation skipping write tests
[    4.242467] scsi target2:0:1: Ending Domain Validation
[    4.244114] scsi target2:0:1: asynchronous
[    4.265425] sd 2:0:0:0: Attached scsi generic sg0 type 0
[    4.273664] sd 2:0:0:0: [sda] 20971520 512-byte logical blocks: (10.7 GB/10.0 GiB)
[    4.292284] sd 2:0:1:0: Attached scsi generic sg1 type 0
[    4.300648] sd 2:0:1:0: [sdb] 20480 512-byte logical blocks: (10.5 MB/10.0 MiB)
[    4.304617] sd 2:0:1:0: [sdb] Write Protect is off
[    4.335101] sd 2:0:0:0: [sda] Write Protect is off
[    4.337821] sd 2:0:1:0: [sdb] Incomplete mode parameter data
[    4.340478] sd 2:0:1:0: [sdb] Assuming drive cache: write through
[    4.343173] sd 2:0:0:0: [sda] Incomplete mode parameter data
[    4.354205] sd 2:0:0:0: [sda] Assuming drive cache: write through
[    4.379856]  sda: sda1
[    4.387959] sd 2:0:1:0: [sdb] Attached SCSI disk
[    4.389444] sd 2:0:0:0: [sda] Attached SCSI disk
[    4.561832] e1000 0000:00:03.0 eth0: (PCI:33MHz:32-bit) 02:1e:e5:6d:71:21
[    4.589179] e1000 0000:00:03.0 eth0: Intel(R) PRO/1000 Network Connection
[    4.591653] e1000 0000:00:03.0 enp0s3: renamed from eth0
Begin: Loading e[    6.031097] md: linear personality registered for level -1
ssential drivers ... [    6.045447] md: multipath personality registered for level -4
[    6.076129] md: raid0 personality registered for level 0
[    6.100591] md: raid1 personality registered for level 1
[    6.187718] raid6: sse2x1   gen()  8214 MB/s
[    6.307721] raid6: sse2x1   xor()  6286 MB/s
[    6.391703] raid6: sse2x2   gen() 10168 MB/s
[    6.463714] raid6: sse2x2   xor()  7268 MB/s
[    6.539717] raid6: sse2x4   gen() 10655 MB/s
[    6.611699] raid6: sse2x4   xor()  8598 MB/s
[    6.735934] raid6: using algorithm sse2x4 gen() 10655 MB/s
[    6.848225] raid6: .... xor() 8598 MB/s, rmw enabled
[    6.852280] raid6: using ssse3x2 recovery algorithm
[    6.854785] xor: automatically using best checksumming function:
[    6.908618]    avx       : 40791.000 MB/sec
[    7.146950] async_tx: api initialized (async)
[    7.195442] md: raid6 personality registered for level 6
[    7.201948] md: raid5 personality registered for level 5
[    7.203149] md: raid4 personality registered for level 4
[    7.212337] md: raid10 personality registered for level 10
done.
Begin: Running /scripts/init-premount ... done.
Begin: Mounting root file system ... Begin: Running /scripts/local-top ... done.
Begin: Running /scripts/local-premount ... [    7.257601] Btrfs loaded
Scanning for Btrfs filesystems
done.
Warning: fsck not present, so skipping root file system
[    7.319596] EXT4-fs (sda1): mounted filesystem with ordered data mode. Opts: (null)
done.
Begin: Running /scripts/local-bottom ... done.
Begin: Running /scripts/init-bottom ... done.
[    7.767628] systemd[1]: systemd 229 running in system mode. (+PAM +AUDIT +SELINUX +IMA +APPARMOR +SMACK +SYSVINIT +UTMP +LIBCRYPTSETUP +GCRYPT +GNUTLS +ACL +XZ -LZ4 +SECCOMP +BLKID +ELFUTILS +KMOD -IDN)
[    7.788506] systemd[1]: Detected virtualization oracle.
[    7.789596] systemd[1]: Detected architecture x86-64.

Welcome to [1mUbuntu 16.04.6 LTS[0m!

[    7.812355] systemd[1]: Set hostname to <ubuntu>.
[    7.824086] systemd[1]: Initializing machine ID from random generator.
[    7.856064] systemd[1]: Installed transient /etc/machine-id file.
[    8.491364] systemd[1]: Listening on LVM2 poll daemon socket.
[[0;32m  OK  [0m] Listening on LVM2 poll daemon socket.
[    8.667036] systemd[1]: Listening on /dev/initctl Compatibility Named Pipe.
[[0;32m  OK  [0m] Listening on /dev/initctl Compatibility Named Pipe.
[    8.690453] systemd[1]: Created slice System Slice.
[[0;32m  OK  [0m] Created slice System Slice.
[    8.700242] systemd[1]: Created slice system-serial\x2dgetty.slice.
[[0;32m  OK  [0m] Created slice system-serial\x2dgetty.slice.
[    8.706626] systemd[1]: Listening on LVM2 metadata daemon socket.
[[0;32m  OK  [0m] Listening on LVM2 metadata daemon socket.
[    8.709031] systemd[1]: Listening on Journal Socket.
[[0;32m  OK  [0m] Listening on Journal Socket.
[    8.724073] systemd[1]: Starting Set console keymap...
         Starting Set console keymap...
[    8.748696] systemd[1]: Listening on Device-mapper event daemon FIFOs.
[[0;32m  OK  [0m] Listening on Device-mapper event daemon FIFOs.
[    8.750696] systemd[1]: Reached target System Time Synchronized.
[[0;32m  OK  [0m] Reached target System Time Synchronized.
[    8.752564] random: nonblocking pool is initialized
[    8.752647] systemd[1]: Reached target Swap.
[[0;32m  OK  [0m] Reached target Swap.
[    8.755968] systemd[1]: Listening on Journal Socket (/dev/log).
[[0;32m  OK  [0m] Listening on Journal Socket (/dev/log).
[    8.787975] systemd[1]: Starting Monitoring of LVM2 mirrors, snapshots etc. using dmeventd or progress polling...
         Starting Monitoring of LVM2 mirrors... dmeventd or progress polling...
[    8.948402] systemd[1]: Mounting Huge Pages File System...
         Mounting Huge Pages File System...
[    8.977797] systemd[1]: Starting Create list of required static device nodes for the current kernel...
         Starting Create list of required st... nodes for the current kernel...
[    9.019434] systemd[1]: Starting Uncomplicated firewall...
         Starting Uncomplicated firewall...
[    9.046126] systemd[1]: Reached target Encrypted Volumes.
[[0;32m  OK  [0m] Reached target Encrypted Volumes.
[    9.059898] systemd[1]: Mounting POSIX Message Queue File System...
         Mounting POSIX Message Queue File System...
[    9.118077] systemd[1]: Listening on udev Kernel Socket.
[[0;32m  OK  [0m] Listening on udev Kernel Socket.
[    9.120511] systemd[1]: Created slice User and Session Slice.
[[0;32m  OK  [0m] Created slice User and Session Slice.
[    9.122521] systemd[1]: Reached target Slices.
[[0;32m  OK  [0m] Reached target Slices.
[    9.124499] systemd[1]: Set up automount Arbitrary Executable File Formats File System Automount Point.
[[0;32m  OK  [0m] Set up automount Arbitrary Executab...ats File System Automount Point.
[    9.151874] systemd[1]: Starting Nameserver information manager...
         Starting Nameserver information manager...
[    9.187692] systemd[1]: Mounting Debug File System...
         Mounting Debug File System...
[    9.195327] systemd[1]: Starting Remount Root and Kernel File Systems...
[    9.208955] EXT4-fs (sda1): re-mounted. Opts: (null)
         Starting Remount Root and Kernel File Systems...
[    9.286014] systemd[1]: Started Forward Password Requests to Wall Directory Watch.
[[0;32m  OK  [0m] Started Forward Password Requests to Wall Directory Watch.
[    9.290744] systemd[1]: Starting Load Kernel Modules...
[    9.351622] Loading iSCSI transport class v2.0-870.
         Starting Load Kernel Modules...
[    9.353520] systemd[1]: Listening on Syslog Socket.
[[0;32m  OK  [0m] Listening on Syslog Socket.
[    9.356592] systemd[1]: Listening on udev Control Socket.
[[0;32m  OK  [0m] Listening on udev Control Socket.
[    9.361703] systemd[1]: Started Trigger resolvconf update for networkd DNS.
[[0;32m  OK  [0m] Started Trigger resolvconf update for networkd DNS.
[    9.364034] systemd[1]: Listening on Journal Audit Socket.
[[0;32m  OK  [[    9.378415] iscsi: registered transport (tcp)
0m] Listening on Journal Audit Socket.
[    9.415956] systemd[1]: Starting Journal Service...
         Starting Journal Service...
[    9.455929] systemd[1]: Reached target User and Group Name Lookups.
[[0;32m  OK  [0m] Reached target User and Group Name Lookups.
[    9.601084] systemd[1]: Mounted POSIX Message Queue File System.
[[0;32m  OK  [0m] Mounted POSI[    9.724443] iscsi: registered transport (iser)
X Message Queue File System.
[    9.747993] systemd[1]: Mounted Huge Pages File System.
[[0;32m  OK  [0m] Mounted Huge Pages File System.
[    9.810813] systemd[1]: Mounted Debug File System.
[[0;32m  OK  [0m] Mounted Debug File System.
[    9.853872] systemd[1]: Started Journal Service.
[[0;32m  OK  [0m] Started Journal Service.
[[0;32m  OK  [0m] Started Set console keymap.
[[0;32m  OK  [0m] Started Create list of required sta...ce nodes for the current kernel.
[[0;32m  OK  [0m] Started Uncomplicated firewall.
[[0;32m  OK  [0m] Started Remount Root and Kernel File Systems.
[[0;32m  OK  [0m] Started Load Kernel Modules.
[[0;32m  OK  [0m] Started Nameserver information manager.
[[0;32m  OK  [0m] Started LVM2 metadata daemon.
         Mounting FUSE Control File System...
         Starting Apply Kernel Variables...
         Starting udev Coldplug all Devices...
         Starting Load/Save Random Seed...
         Starting Create Static Device Nodes in /dev...
         Starting Flush Journal to Persistent Storage...
[[0;32m  OK  [0m] Mounted FUSE Control File System.
[[0;32m  OK  [0m] Started Apply Kernel Variables.
[[0;32m  OK  [0m] Started Load/Save Random Seed.
[[0;32m  OK  [0m] Started Create Static Device Nodes in /dev.
[[0;32m  OK  [0m] Started Monitoring of LVM2 mirrors,...ng dmeventd or progress polling.
[[0;32m  OK  [0m] Started udev Coldplug all Devices.
         Starting udev Kernel Device Manager...
[[0;32m  OK  [0m] Reached target Local File Systems (Pre).
[[0;32m  OK  [0m] Reached target Local File Systems.
         Starting Initial cloud-init job (pre-networking)...
         Starting Set console font and keymap...
         Starting LSB: AppArmor initialization...
         Starting Tell Plymouth To Write Out Runtime Data...
         Starting Commit a transient machine-id on disk...
[[0;32m  OK  [0m] Started Flush Journal to Persistent Storage.
[[0;32m  OK  [0m] Started Tell Plymouth To Write Out Runtime Data.
         Starting Create Volatile Files and Directories...
[[0;32m  OK  [0m] Started Commit a transient machine-id on disk.
[[0;32m  OK  [0m] Started Create Volatile Files and Directories.
         Starting Update UTMP about System Boot/Shutdown...
[[0;32m  OK  [0m] Started Update UTMP about System Boot/Shutdown.
[[0;32m  OK  [0m] Started udev Kernel Device Manager.
[[0;32m  OK  [0m] Started Dispatch Password Requests to Console Directory Watch.
[[0;32m  OK  [0m] Found device /dev/ttyS0.
[[0;32m  OK  [0m] Listening on Load/Save RF Kill Switch Status /dev/rfkill Watch.
[[0;32m  OK  [0m] Started LSB: AppArmor initialization.
[[0;32m  OK  [0m] Started Set console font and keymap.
[[0;32m  OK  [0m] Created slice system-getty.slice.
[   13.930279] cloud-init[445]: Cloud-init v. 19.1-1-gbaa47854-0ubuntu1~16.04.1 running 'init-local' at Thu, 08 Aug 2019 17:04:41 +0000. Up 13.39 seconds.
[[0;32m  OK  [0m] Started Initial cloud-init job (pre-networking).
[[0;32m  OK  [0m] Reached target Network (Pre).
         Starting Raise network interfaces...
[[0;32m  OK  [0m] Started Raise network interfaces.
         Starting Initial cloud-init job (metadata service crawler)...
[[0;32m  OK  [0m] Reached target Network.
[   16.291033] cloud-init[929]: Cloud-init v. 19.1-1-gbaa47854-0ubuntu1~16.04.1 running 'init' at Thu, 08 Aug 2019 17:04:42 +0000. Up 14.77 seconds.
[   16.296660] cloud-init[929]: ci-info: ++++++++++++++++++++++++++++++++++++++Net device info++++++++++++++++++++++++++++++++++++++
[   16.301136] cloud-init[929]: ci-info: +--------+------+----------------------------+---------------+--------+-------------------+
[   16.305647] cloud-init[929]: ci-info: | Device |  Up  |          Address           |      Mask     | Scope  |     Hw-Address    |
[   16.309020] cloud-init[929]: ci-info: +--------+------+----------------------------+---------------+--------+-------------------+
[   16.313452] cloud-init[929]: ci-info: | enp0s3 | True |         10.0.2.15          | 255.255.255.0 | global | 02:1e:e5:6d:71:21 |
[   16.316723] cloud-init[929]: ci-info: | enp0s3 | True | fe80::1e:e5ff:fe6d:7121/64 |       .       |  link  | 02:1e:e5:6d:71:21 |
[   16.320025] cloud-init[929]: ci-info: |   lo   | True |         127.0.0.1          |   255.0.0.0   |  host  |         .         |
[   16.325079] cloud-init[929]: ci-info: |   lo   | True |          ::1/128           |       .       |  host  |         .         |
[   16.330560] cloud-init[929]: ci-info: +--------+------+----------------------------+---------------+--------+-------------------+
[   16.333839] cloud-init[929]: ci-info: +++++++++++++++++++++++++++Route IPv4 info++++++++++++++++++++++++++++
[   16.336950] cloud-init[929]: ci-info: +-------+-------------+----------+---------------+-----------+-------+
[   16.339982] cloud-init[929]: ci-info: | Route | Destination | Gateway  |    Genmask    | Interface | Flags |
[   16.343016] cloud-init[929]: ci-info: +-------+-------------+----------+---------------+-----------+-------+
[   16.346056] cloud-init[929]: ci-info: |   0   |   0.0.0.0   | 10.0.2.2 |    0.0.0.0    |   enp0s3  |   UG  |
[   16.347906] cloud-init[929]: ci-info: |   1   |   10.0.2.0  | 0.0.0.0  | 255.255.255.0 |   enp0s3  |   U   |
[   16.349781] cloud-init[929]: ci-info: +-------+-------------+----------+---------------+-----------+-------+
[   16.352860] cloud-init[929]: ci-info: +++++++++++++++++++Route IPv6 info+++++++++++++++++++
[   16.355724] cloud-init[929]: ci-info: +-------+-------------+---------+-----------+-------+
[   16.358557] cloud-init[929]: ci-info: | Route | Destination | Gateway | Interface | Flags |
[   16.360206] cloud-init[929]: ci-info: +-------+-------------+---------+-----------+-------+
[   16.361877] cloud-init[929]: ci-info: |   0   |  fe80::/64  |    ::   |   enp0s3  |   U   |
[   16.363509] cloud-init[929]: ci-info: |   3   |   ff00::/8  |    ::   |   enp0s3  |   U   |
[   16.365188] cloud-init[929]: ci-info: +-------+-------------+---------+-----------+-------+
[   16.366828] cloud-init[929]: Generating public/private rsa key pair.
[   16.369419] cloud-init[929]: Your identification has been saved in /etc/ssh/ssh_host_rsa_key.
[   16.373443] cloud-init[929]: Your public key has been saved in /etc/ssh/ssh_host_rsa_key.pub.
[   16.376418] cloud-init[929]: The key fingerprint is:
[   16.378856] cloud-init[929]: SHA256:vZNKBJDsuFqwTIGFS2bj98dltttjgCQDTkZiw8ThT34 root@ubuntu-xenial
[   16.381786] cloud-init[929]: The key's randomart image is:
[   16.384244] cloud-init[929]: +---[RSA 2048]----+
[   16.386645] cloud-init[929]: |=O+o..           |
[   16.387756] cloud-init[929]: |=Oo+o.           |
[   16.388923] cloud-init[929]: |=o*+. .          |
[   16.390026] cloud-init[929]: |oo=o.o o =       |
[   16.390391] cloud-init[929]: |oo.+.E= S o      |
[   16.390589] cloud-init[929]: |..o .. = o o     |
[   16.390766] cloud-init[929]: | o    . . B      |
[   16.390951] cloud-init[929]: |.      . o =     |
[   16.391136] cloud-init[929]: |        . . .    |
[   16.391319] cloud-init[929]: +----[SHA256]-----+
[   16.391514] cloud-init[929]: Generating public/private dsa key pair.
[   16.391692] cloud-init[929]: Your identification has been saved in /etc/ssh/ssh_host_dsa_key.
[   16.391874] cloud-init[929]: Your public key has been saved in /etc/ssh/ssh_host_dsa_key.pub.
[   16.392098] cloud-init[929]: The key fingerprint is:
[   16.392432] cloud-init[929]: SHA256:5rF8x0J4uEdAPkhcp5ePG+jgqqfEsILe/irXtzt6mB4 root@ubuntu-xenial
[   16.392643] cloud-init[929]: The key's randomart image is:
[[0;32m  OK  [0m] Started Initial cloud-init job (metadata service crawler).
[   16.392825] cloud-init[929]: +---[DSA 1024]----+
[   16.456678] cloud-init[929]: |     ...o .      |
[   16.457001] cloud-init[929]: |     ..+ o .     |
[[0;32m  OK  [0m] Reached target Cloud-config availability.
[   16.457194] cloud-init[929]: |      . = o      |
[   16.460365] cloud-init[929]: |         B o     |
[   16.460534] cloud-init[929]: |.     . S * .    |
[   16.460916] cloud-init[929]: |.+   . * B +     |
[   16.461100] cloud-init[929]: |+ o .E+ * = o    |
[   16.461286] cloud-init[929]: |oo...=.+ o o     |
[   16.461472] cloud-init[929]: | .*B=++o+        |
[   16.461666] cloud-init[929]: +----[SHA256]-----+
[   16.461842] cloud-init[929]: Generating public/private ecdsa key pair.
[   16.462029] cloud-init[929]: Your identification has been saved in /etc/ssh/ssh_host_ecdsa_key.
[   16.462209] cloud-init[929]: Your public key has been saved in /etc/ssh/ssh_host_ecdsa_key.pub.
[   16.462394] cloud-init[929]: The key fingerprint is:
[   16.462578] cloud-init[929]: SHA256:fn+PJgY86JzuctqsLktNovzWEq8+R4hWEWIsT5C7Jug root@ubuntu-xenial
[   16.462760] cloud-init[929]: The key's randomart image is:
[   16.462946] cloud-init[929]: +---[ECDSA 256]---+
[   16.463127] cloud-init[929]: |.+o ..           |
[   16.463311] cloud-init[929]: |o.o..            |
[   16.463497] cloud-init[929]: | =   .           |
[   16.463683] cloud-init[929]: |. . .            |
[   16.463863] cloud-init[929]: |.. o... So       |
[   16.464079] cloud-init[929]: |+oo.o+... +      |
[   16.464235] cloud-init[929]: |+.o .=.o...o     |
[   16.464419] cloud-init[929]: | E o= =o=. .o o. |
[   16.464634] cloud-init[929]: |   o=O+B=  ..+...|
[   16.464979] cloud-init[929]: +----[SHA256]-----+
[   16.465163] cloud-init[929]: Generating public/private ed25519 key pair.
[   16.465346] cloud-init[929]: Your identification has been saved in /etc/ssh/ssh_host_ed25519_key.
[   16.465531] cloud-init[929]: Your public key has been saved in /etc/ssh/ssh_host_ed25519_key.pub.
[   16.465712] cloud-init[929]: The key fingerprint is:
[   16.465894] cloud-init[929]: SHA256:983Of/03Nl7ilR4HPYN754hSrt4wMUiTrnL+NqSkxHw root@ubuntu-xenial
[   16.466086] cloud-init[929]: The key's randomart image is:
[   16.466263] cloud-init[929]: +--[ED25519 256]--+
[   16.466446] cloud-init[929]: |                 |
[   16.466632] cloud-init[929]: |         .       |
[   16.466815] cloud-init[929]: |        +        |
[   16.467000] cloud-init[929]: |       o o    .. |
[[0;32m  OK  [0m] Reached target Network is Online.
[   16.467321] cloud-init[929]: |   o    S +  ..o.|
[   16.487557] cloud-init[929]: |    + E... +.o..+|
[   16.500615] cloud-init[929]: |   ..+oo  oo..++*|
[   16.500981] cloud-init[929]: |    .+. o .+.=oOO|
         Starting iSCSI initiator daemon (iscsid)...
[[   16.501084] cloud-init[929]: |      .o.oooo B+X|
[0;32m  OK  [0m] Reached target System Initialization.
[   16.522043] cloud-init[929]: +----[SHA256]-----+
[[0;32m  OK  [0m] Listening on UUID daemon activation socket.
         Starting Socket activation for snappy daemon.
[[0;32m  OK  [0m] Started Daily apt download activities.
[[0;32m  OK  [0m] Started Daily Cleanup of Temporary Directories.
         Starting LXD - unix socket.
[[0;32m  OK  [0m] Listening on ACPID Listen Socket.
[[0;32m  OK  [0m] Started Daily apt upgrade and clean activities.
[[0;32m  OK  [0m] Reached target Timers.
[[0;32m  OK  [0m] Started ACPI Events Check.
[[0;32m  OK  [0m] Reached target Paths.
[[0;32m  OK  [0m] Listening on D-Bus System Message Bus Socket.
[[0;32m  OK  [0m] Listening on Socket activation for snappy daemon.
[[0;32m  OK  [0m] Listening on LXD - unix socket.
[[0;32m  OK  [0m] Reached target Sockets.
[[0;32m  OK  [0m] Reached target Basic System.
         Starting Pollinate to seed the pseudo random number generator...
         Starting Accounts Service...
         Starting System Logging Service...
         Starting LSB: Record successful boot for GRUB...
         Starting Virtualbox guest utils...
         Starting LSB: MD monitoring daemon...
[[0;32m  OK  [0m] Started D-Bus System Message Bus.
[[0;32m  OK  [0m] Started ACPI event daemon.
[[0;32m  OK  [0m] Started Deferred execution scheduler.
[[0;32m  OK  [0m] Started FUSE filesystem for LXC.
         Starting LXD - container startup/shutdown...
         Starting Login Service...
         Starting /etc/rc.local Compatibility...
[[0;32m  OK  [0m] Started Regular background program processing daemon.
         Starting Snappy daemon...
[[0;32m  OK  [0m] Started System Logging Service.
[[0;32m  OK  [0m] Started iSCSI initiator daemon (iscsid).
[[0;32m  OK  [0m] Started /etc/rc.local Compatibility.
         Starting Authenticate and Authorize Users to Run Privileged Tasks...
         Starting Login to default iSCSI targets...
[[0;32m  OK  [0m] Started Login Service.
[[0;32m  OK  [0m] Started Unattended Upgrades Shutdown.
[[0;32m  OK  [0m] Started LSB: Record successful boot for GRUB.
[[0;32m  OK  [0m] Started Login to default iSCSI targets.
[[0;32m  OK  [0m] Started LSB: MD monitoring daemon.
[[0;32m  OK  [0m] Reached target Remote File Systems (Pre).
[[0;32m  OK  [0m] Reached target Remote File Systems.
         Starting Permit User Sessions...
         Starting LSB: automatic crash report generation...
         Starting LSB: Set the CPU Frequency Scaling governor to "ondemand"...
         Starting LSB: daemon to balance interrupts for SMP systems...
[[0;32m  OK  [0m] Started LSB: Set the CPU Frequency Scaling governor to "ondemand".
[[0;32m  OK  [0m] Started Permit User Sessions.
         Starting Terminate Plymouth Boot Screen...
         Starting Hold until boot process finishes up...
[[0;32m  OK  [0m] Started Terminate Plymouth Boot Screen.
[[0;32m  OK  [0m] Started Hold until boot process finishes up.
[[0;32m  OK  [0m] Started LSB: daemon to balance interrupts for SMP systems.
[[0;32m  OK  [0m] Started Authenticate and Authorize Users to Run Privileged Tasks.
[[0;32m  OK  [0m] Started Accounts Service.
[[0;32m  OK  [0m] Started Serial Getty on ttyS0.
[[0;32m  OK  [0m] Started Getty on tty1.
[[0;32m  OK  [0m] Reached target Login Prompts.
         Starting Set console scheme...
[[0;32m  OK  [0m] Started LSB: automatic crash report generation.
[[0;32m  OK  [0m] Started Set console scheme.
[[0;32m  OK  [0m] Started Virtualbox guest utils.
[[0;32m  OK  [0m] Started Snappy daemon.
         Starting Wait until snapd is fully seeded...
[[0;32m  OK  [0m] Started LXD - container startup/shutdown.
[[0;32m  OK  [0m] Started Pollinate to seed the pseudo random number generator.
         Starting OpenBSD Secure Shell server...
[[0;32m  OK  [0m] Started OpenBSD Secure Shell server.
[[0;32m  OK  [0m] Created slice User Slice of vagrant.
         Starting User Manager for UID 1000...
[[0;32m  OK  [0m] Started Session 1 of user vagrant.
[[0;32m  OK  [0m] Started User Manager for UID 1000.
[[0;32m  OK  [0m] Started Wait until snapd is fully seeded.
         Starting Apply the settings specified in cloud-config...
[[0;32m  OK  [0m] Reached target Multi-User System.
[[0;32m  OK  [0m] Reached target Graphical Interface.
         Starting Update UTMP about System Runlevel Changes...
[[0;32m  OK  [0m] Started Update UTMP about System Runlevel Changes.
[   22.491778] cloud-init[1369]: Generating locales (this might take a while)...
[   23.477046] cloud-init[1369]:   en_US.UTF-8... done
[   23.477780] cloud-init[1369]: Generation complete.

Ubuntu 16.04.6 LTS ubuntu-xenial ttyS0

ubuntu-xenial login: [   24.371476] cloud-init[1369]: Cloud-init v. 19.1-1-gbaa47854-0ubuntu1~16.04.1 running 'modules:config' at Thu, 08 Aug 2019 17:04:50 +0000. Up 22.31 seconds.
ci-info: no authorized ssh keys fingerprints found for user ubuntu.
<14>Aug  8 17:04:53 ec2: 
<14>Aug  8 17:04:53 ec2: #############################################################
<14>Aug  8 17:04:53 ec2: -----BEGIN SSH HOST KEY FINGERPRINTS-----
<14>Aug  8 17:04:53 ec2: 1024 SHA256:5rF8x0J4uEdAPkhcp5ePG+jgqqfEsILe/irXtzt6mB4 root@ubuntu-xenial (DSA)
<14>Aug  8 17:04:53 ec2: 256 SHA256:fn+PJgY86JzuctqsLktNovzWEq8+R4hWEWIsT5C7Jug root@ubuntu-xenial (ECDSA)
<14>Aug  8 17:04:53 ec2: 256 SHA256:983Of/03Nl7ilR4HPYN754hSrt4wMUiTrnL+NqSkxHw root@ubuntu-xenial (ED25519)
<14>Aug  8 17:04:53 ec2: 2048 SHA256:vZNKBJDsuFqwTIGFS2bj98dltttjgCQDTkZiw8ThT34 root@ubuntu-xenial (RSA)
<14>Aug  8 17:04:53 ec2: -----END SSH HOST KEY FINGERPRINTS-----
<14>Aug  8 17:04:53 ec2: #############################################################
-----BEGIN SSH HOST KEY KEYS-----
ecdsa-sha2-nistp256 AAAAE2VjZHNhLXNoYTItbmlzdHAyNTYAAAAIbmlzdHAyNTYAAABBBBukGbzUuGN6m8rEu5RsPA2tFkB1vNSzqMZbGkf+jbkXjfBZB4FUwu/7zFjxtEmZWJ0Q+Nm/jTjo2VSTVQsbqVM= root@ubuntu-xenial
ssh-ed25519 AAAAC3NzaC1lZDI1NTE5AAAAIG/A0Yi3vEXYCBY1TLUA+xmwVQZAYBuN5lHrWPAw/5TQ root@ubuntu-xenial
ssh-rsa AAAAB3NzaC1yc2EAAAADAQABAAABAQCkHW/oYGM+aiHv+iH4E++cgLMdZ5wYAfx7i9r+CoQ0KufFsry05jBrQjHVLamR7+wBA5Cy/qKu55NDx9oH7bO1cSbUgl1O2SziQZnaH8M4WnIBnx5E6yliNrB9u9cGWrdV1Q1KaxmXXp7d6J0jSpoNfAeOB0oZQlk5Yv9EfGfroek6SpAzXVlUruIRSqSaG5gNoav0JUZT3Sivtsvq8KPXjUP+enrsdUVd/OUvC/x2Z8kwTxsGlLAuCXAZncz7BQQLCBo3vjDZZKBP3O7lbzb/pvTHnvGQGprqkyX1KOvniYxgAqUflz5i8U0GDzijaMfo3VwTumDkLQ5qkzKFFH/f root@ubuntu-xenial
-----END SSH HOST KEY KEYS-----
[   25.035324] cloud-init[1490]: Cloud-init v. 19.1-1-gbaa47854-0ubuntu1~16.04.1 running 'modules:final' at Thu, 08 Aug 2019 17:04:53 +0000. Up 24.81 seconds.
[   25.036123] cloud-init[1490]: ci-info: no authorized ssh keys fingerprints found for user ubuntu.
[   25.036446] cloud-init[1490]: Cloud-init v. 19.1-1-gbaa47854-0ubuntu1~16.04.1 finished at Thu, 08 Aug 2019 17:04:53 +0000. Datasource DataSourceNoCloud [seed=/dev/sdb][dsmode=net].  Up 25.01 seconds
         Stopping User Manager for UID 1000...
         Stopping Authenticate and Authorize Users to Run Privileged Tasks...
[[0;32m  OK  [0m] Stopped target Graphical Interface.
         Stoppin          Stopping Getty on tty1...
         Stopping LSB: daemon to balance interrupts for SMP systems...
         Stopping LSB: Record successful boot for GRUB...
         Stopping LSB: automatic crash report generation...
         Stopping OpenBSD Secure Shell server...
         Stopping Deferred execution scheduler...
         Stopping LXD - container startup/shutdown...
         Stopping Virtualbox guest utils...
         Stopping Regular background program processing daemon...
         Stopping FUSE filesystem for LXC...
         Stopping LSB: Set the CPU Frequency Scaling governor to "ondemand"...
         Stopping D-Bus System Message Bus...
         Stopping LSB: MD monitoring daemon...
[[0;32m  OK  [0m] Stopped Apply the settings specified in cloud-config.
[[0;32m  OK  [0m] Stopped Wait until snapd is fully seeded.
[[0;32m  OK  [0m] Stopped target Cloud-config availability.
         Stopping Unattended Upgrades Shutdown...
         Stopping System Logging Service...
[[0;32m  OK  [0m] Unmounted /var/lib/lxcfs.
[[0;32m  OK  [0m] Stopped Accounts Service.
[[0;32m  OK  [0m] Stopped System Logging Service.
[[0;32m  OK  [0m] Stopped ACPI event daemon.
[[0;32m  OK  [0m] Stopped Deferred execution scheduler.
[[0;32m  OK  [0m] Stopped Regular background program processing daemon.
[[0;32m  OK  [0m] Stopped Authenticate and Authorize Users to Run Privileged Tasks.
[[0;32m  OK  [0m] Stopped Unattended Upgrades Shutdown.
[[0;32m  OK  [0m] Stopped Serial Getty on ttyS0.
[[0;32m  OK  [0m] Stopped Getty on tty1.
[[0;32m  OK  [0m] Stopped OpenBSD Secure Shell server.
[[0;32m  OK  [0m] Stopped User Manager for UID 1000.
[[0;32m  OK  [0m] Stopped Session 3 of user vagrant.
[[0;32m  OK  [0m] Stopped D-Bus System Message Bus.
[[0;32m  OK  [0m] Stopped FUSE filesystem for LXC.
[[0;32m  OK  [0m] Stopped LSB: daemon to balance interrupts for SMP systems.
[[0;32m  OK  [0m] Stopped LSB: Record successful boot for GRUB.
[[0;32m  OK  [0m] Stopped LXD - container startup/shutdown.
[[0;32m  OK  [0m] Stopped LSB: automatic crash report generation.
[[0;32m  OK  [0m] Stopped LSB: Set the CPU Frequency Scaling governor to "ondemand".
[[0;32m  OK  [0m] Stopped LSB: MD monitoring daemon.
[[0;32m  OK  [0m] Stopped Virtualbox guest utils.
[[0;32m  OK  [0m] Stopped User Manager for UID 1000.
[[0;32m  OK  [0m] Removed slice User Slice of vagrant.
[[0;32m  OK  [0m] Removed slice system-getty.slice.
[[0;32m  OK  [0m] Removed slice system-serial\x2dgetty.slice.
         Stopping Permit User Sessions...
[[0;32m  OK  [0m] Stopped /etc/rc.local Compatibility.
         Stopping Login Service...
[[0;32m  OK  [0m] Stopped Permit User Sessions.
[[0;32m  OK  [0m] Stopped target Remote File Systems.
[[0;32m  OK  [0m] Stopped target Remote File Systems (Pre).
         Stopping Login to default iSCSI targets...
[[0;32m  OK  [0m] Stopped Login Service.
[[0;32m  OK  [0m] Stopped target User and Group Name Lookups.
[[0;32m  OK  [0m] Stopped target Basic System.
[[0;32m  OK  [0m] Stopped target Sockets.
[[0;32m  OK  [0m] Closed Socket activation for snappy daemon.
[[0;32m  OK  [0m] Closed Syslog Socket.
[[0;32m  OK  [0m] Closed D-Bus System Message Bus Socket.
[[0;32m  OK  [0m] Closed UUID daemon activation socket.
[[0;32m  OK  [0m] Closed ACPID Listen Socket.
[[0;32m  OK  [0m] Closed LXD - unix socket.
[[0;32m  OK  [0m] Stopped target Slices.
[[0;32m  OK  [0m] Stopped target Paths.
[[0;32m  OK  [0m] Stopped Forward Password Requests to Wall Directory Watch.
[[0;32m  OK  [0m] Stopped ACPI Events Check.
[[0;32m  OK  [0m] Stopped Dispatch Password Requests to Console Directory Watch.
[[0;32m  OK  [0m] Stopped target System Initialization.
[[0;32m  OK  [0m] Stopped Commit a transient machine-id on disk.
[[0;32m  OK  [0m] Stopped target Encrypted Volumes.
         Stopping Load/Save Random Seed...
[[0;32m  OK  [0m] Stopped Create Volatile Files and Directories.
[[0;32m  OK  [0m] Stopped target Swap.
[[0;32m  OK  [0m] Removed slice User and Session Slice.
[[0;32m  OK  [0m] Stopped Load/Save Random Seed.
[[0;32m  OK  [0m] Stopped Login to default iSCSI targets.
         Stopping iSCSI initiator daemon (iscsid)...
[[0;32m  OK  [0m] Stopped iSCSI initiator daemon (iscsid).
[[0;32m  OK  [0m] Stopped target Network is Online.
[[0;32m  OK  [0m] Stopped target Network.
[[0;32m  OK  [0m] Stopped Initial cloud-init job (metadata service crawler).
         Stopping Raise network interfaces...
[[0;32m  OK  [0m] Stopped Raise network interfaces.
[[0;32m  OK  [0m] Stopped target Local File Systems.
         Unmounting /run/user/1000...
         Unmounting /vagrant...
[[0;32m  OK  [0m] Stopped Apply Kernel Variables.
[[0;32m  OK  [0m] Stopped Load Kernel Modules.
[[0;32m  OK  [0m] Stopped target Network (Pre).
[[0;32m  OK  [0m] Stopped Initial cloud-init job (pre-networking).
[[0;32m  OK  [0m] Unmounted /run/user/1000.
[[0;32m  OK  [0m] Unmounted /vagrant.
[[0;32m  OK  [0m] Reached target Unmount All Filesystems.
[[0;32m  OK  [0m] Stopped target Local File Systems (Pre).
[[0;32m  OK  [0m] Stopped Remount Root and Kernel File Systems.
         Stopping Monitoring of LVM2 mirrors... dmeventd or progress polling...
[[0;32m  OK  [0m] Stopped Create Static Device Nodes in /dev.
[[0;32m  OK  [0m] Reached target Shutdown.
[  129.609314] reboot: Power down
