[    0.000000] Initializing cgroup subsys cpuset
[    0.000000] Initializing cgroup subsys cpu
[    0.000000] Initializing cgroup subsys cpuacct
[    0.000000] Linux version 4.4.0-154-generic (buildd@lgw01-amd64-049) (gcc version 5.4.0 20160609 (Ubuntu 5.4.0-6ubuntu1~16.04.10) ) #181-Ubuntu SMP Tue Jun 25 05:29:03 UTC 2019 (Ubuntu 4.4.0-154.181-generic 4.4.179)
[    0.000000] Command line: BOOT_IMAGE=/boot/vmlinuz-4.4.0-154-generic root=LABEL=cloudimg-rootfs ro console=tty1 console=ttyS0
[    0.000000] KERNEL supported cpus:
[    0.000000]   Intel GenuineIntel
[    0.000000]   AMD AuthenticAMD
[    0.000000]   Centaur CentaurHauls
[    0.000000] x86/fpu: xstate_offset[2]:  576, xstate_sizes[2]:  256
[    0.000000] x86/fpu: Supporting XSAVE feature 0x01: 'x87 floating point registers'
[    0.000000] x86/fpu: Supporting XSAVE feature 0x02: 'SSE registers'
[    0.000000] x86/fpu: Supporting XSAVE feature 0x04: 'AVX registers'
[    0.000000] x86/fpu: Enabled xstate features 0x7, context size is 832 bytes, using 'standard' format.
[    0.000000] e820: BIOS-provided physical RAM map:
[    0.000000] BIOS-e820: [mem 0x0000000000000000-0x000000000009fbff] usable
[    0.000000] BIOS-e820: [mem 0x000000000009fc00-0x000000000009ffff] reserved
[    0.000000] BIOS-e820: [mem 0x00000000000f0000-0x00000000000fffff] reserved
[    0.000000] BIOS-e820: [mem 0x0000000000100000-0x000000003ffeffff] usable
[    0.000000] BIOS-e820: [mem 0x000000003fff0000-0x000000003fffffff] ACPI data
[    0.000000] BIOS-e820: [mem 0x00000000fec00000-0x00000000fec00fff] reserved
[    0.000000] BIOS-e820: [mem 0x00000000fee00000-0x00000000fee00fff] reserved
[    0.000000] BIOS-e820: [mem 0x00000000fffc0000-0x00000000ffffffff] reserved
[    0.000000] NX (Execute Disable) protection: active
[    0.000000] SMBIOS 2.5 present.
[    0.000000] Hypervisor detected: KVM
[    0.000000] e820: last_pfn = 0x3fff0 max_arch_pfn = 0x400000000
[    0.000000] MTRR: Disabled
[    0.000000] x86/PAT: MTRRs disabled, skipping PAT initialization too.
[    0.000000] CPU MTRRs all blank - virtualized system.
[    0.000000] x86/PAT: Configuration [0-7]: WB  WT  UC- UC  WB  WT  UC- UC  
[    0.000000] found SMP MP-table at [mem 0x0009fff0-0x0009ffff] mapped at [ffff88000009fff0]
[    0.000000] Scanning 1 areas for low memory corruption
[    0.000000] RAMDISK: [mem 0x362fa000-0x37174fff]
[    0.000000] ACPI: Early table checksum verification disabled
[    0.000000] ACPI: RSDP 0x00000000000E0000 000024 (v02 VBOX  )
[    0.000000] ACPI: XSDT 0x000000003FFF0030 00003C (v01 VBOX   VBOXXSDT 00000001 ASL  00000061)
[    0.000000] ACPI: FACP 0x000000003FFF00F0 0000F4 (v04 VBOX   VBOXFACP 00000001 ASL  00000061)
[    0.000000] ACPI: DSDT 0x000000003FFF0470 0021FF (v02 VBOX   VBOXBIOS 00000002 INTL 20160108)
[    0.000000] ACPI: FACS 0x000000003FFF0200 000040
[    0.000000] ACPI: FACS 0x000000003FFF0200 000040
[    0.000000] ACPI: APIC 0x000000003FFF0240 00005C (v02 VBOX   VBOXAPIC 00000001 ASL  00000061)
[    0.000000] ACPI: SSDT 0x000000003FFF02A0 0001CC (v01 VBOX   VBOXCPUT 00000002 INTL 20160108)
[    0.000000] No NUMA configuration found
[    0.000000] Faking a node at [mem 0x0000000000000000-0x000000003ffeffff]
[    0.000000] NODE_DATA(0) allocated [mem 0x3ffeb000-0x3ffeffff]
[    0.000000] kvm-clock: Using msrs 4b564d01 and 4b564d00
[    0.000000] kvm-clock: cpu 0, msr 0:3ffe3001, primary cpu clock
[    0.000000] kvm-clock: using sched offset of 3392338909 cycles
[    0.000000] clocksource: kvm-clock: mask: 0xffffffffffffffff max_cycles: 0x1cd42e4dffb, max_idle_ns: 881590591483 ns
[    0.000000] Zone ranges:
[    0.000000]   DMA      [mem 0x0000000000001000-0x0000000000ffffff]
[    0.000000]   DMA32    [mem 0x0000000001000000-0x000000003ffeffff]
[    0.000000]   Normal   empty
[    0.000000]   Device   empty
[    0.000000] Movable zone start for each node
[    0.000000] Early memory node ranges
[    0.000000]   node   0: [mem 0x0000000000001000-0x000000000009efff]
[    0.000000]   node   0: [mem 0x0000000000100000-0x000000003ffeffff]
[    0.000000] Initmem setup node 0 [mem 0x0000000000001000-0x000000003ffeffff]
[    0.000000] ACPI: PM-Timer IO Port: 0x4008
[    0.000000] IOAPIC[0]: apic_id 2, version 32, address 0xfec00000, GSI 0-23
[    0.000000] ACPI: INT_SRC_OVR (bus 0 bus_irq 0 global_irq 2 dfl dfl)
[    0.000000] ACPI: INT_SRC_OVR (bus 0 bus_irq 9 global_irq 9 high level)
[    0.000000] Using ACPI (MADT) for SMP configuration information
[    0.000000] smpboot: Allowing 2 CPUs, 0 hotplug CPUs
[    0.000000] PM: Registered nosave memory: [mem 0x00000000-0x00000fff]
[    0.000000] PM: Registered nosave memory: [mem 0x0009f000-0x0009ffff]
[    0.000000] PM: Registered nosave memory: [mem 0x000a0000-0x000effff]
[    0.000000] PM: Registered nosave memory: [mem 0x000f0000-0x000fffff]
[    0.000000] e820: [mem 0x40000000-0xfebfffff] available for PCI devices
[    0.000000] Booting paravirtualized kernel on KVM
[    0.000000] clocksource: refined-jiffies: mask: 0xffffffff max_cycles: 0xffffffff, max_idle_ns: 7645519600211568 ns
[    0.000000] setup_percpu: NR_CPUS:512 nr_cpumask_bits:512 nr_cpu_ids:2 nr_node_ids:1
[    0.000000] PERCPU: Embedded 34 pages/cpu @ffff88003fc00000 s99480 r8192 d31592 u1048576
[    0.000000] Built 1 zonelists in Node order, mobility grouping on.  Total pages: 257912
[    0.000000] Policy zone: DMA32
[    0.000000] Kernel command line: BOOT_IMAGE=/boot/vmlinuz-4.4.0-154-generic root=LABEL=cloudimg-rootfs ro console=tty1 console=ttyS0
[    0.000000] PID hash table entries: 4096 (order: 3, 32768 bytes)
[    0.000000] Memory: 997732K/1048120K available (8613K kernel code, 1335K rwdata, 4028K rodata, 1484K init, 1284K bss, 50388K reserved, 0K cma-reserved)
[    0.000000] SLUB: HWalign=64, Order=0-3, MinObjects=0, CPUs=2, Nodes=1
[    0.000000] Kernel/User page tables isolation: enabled
[    0.000000] Hierarchical RCU implementation.
[    0.000000] 	Build-time adjustment of leaf fanout to 64.
[    0.000000] 	RCU restricting CPUs from NR_CPUS=512 to nr_cpu_ids=2.
[    0.000000] RCU: Adjusting geometry for rcu_fanout_leaf=64, nr_cpu_ids=2
[    0.000000] NR_IRQS:33024 nr_irqs:440 16
[    0.000000] Console: colour VGA+ 80x25
[    0.000000] console [tty1] enabled
[    0.000000] console [ttyS0] enabled
[    0.000000] tsc: Detected 3092.962 MHz processor
[    0.692496] Calibrating delay loop (skipped) preset value.. 6185.92 BogoMIPS (lpj=12371848)
[    0.693940] pid_max: default: 32768 minimum: 301
[    0.694728] ACPI: Core revision 20150930
[    0.697438] ACPI: 2 ACPI AML tables successfully acquired and loaded
[    0.698552] Security Framework initialized
[    0.699287] Yama: becoming mindful.
[    0.699972] AppArmor: AppArmor initialized
[    0.700765] Dentry cache hash table entries: 131072 (order: 8, 1048576 bytes)
[    0.702520] Inode-cache hash table entries: 65536 (order: 7, 524288 bytes)
[    0.708969] Mount-cache hash table entries: 2048 (order: 2, 16384 bytes)
[    0.709998] Mountpoint-cache hash table entries: 2048 (order: 2, 16384 bytes)
[    0.711247] Initializing cgroup subsys io
[    0.713053] Initializing cgroup subsys memory
[    0.713801] Initializing cgroup subsys devices
[    0.714563] Initializing cgroup subsys freezer
[    0.715323] Initializing cgroup subsys net_cls
[    0.716107] Initializing cgroup subsys perf_event
[    0.716894] Initializing cgroup subsys net_prio
[    0.717654] Initializing cgroup subsys hugetlb
[    0.718409] Initializing cgroup subsys pids
[    0.719202] mce: CPU supports 0 MCE banks
[    0.719960] Last level iTLB entries: 4KB 512, 2MB 8, 4MB 8
[    0.724229] Last level dTLB entries: 4KB 512, 2MB 32, 4MB 32, 1GB 0
[    0.725199] Spectre V2 : Mitigation: Full generic retpoline
[    0.726074] Spectre V2 : Spectre v2 / SpectreRSB mitigation: Filling RSB on context switch
[    0.727454] Speculative Store Bypass: Vulnerable
[    0.728356] MDS: Vulnerable: Clear CPU buffers attempted, no microcode
[    0.732061] Freeing SMP alternatives memory: 36K
[    0.738296] ftrace: allocating 32299 entries in 127 pages
[    0.796745] smpboot: APIC(0) Converting physical 0 to logical package 0
[    0.990899] smpboot: Max logical packages: 1
[    1.030636] x2apic enabled
[    1.040380] Switched APIC routing to physical x2apic.
[    1.045702] ..TIMER: vector=0x30 apic1=0 pin1=2 apic2=-1 pin2=-1
[    1.159259] smpboot: CPU0: Intel(R) Core(TM) i3-2100 CPU @ 3.10GHz (family: 0x6, model: 0x2a, stepping: 0x7)
[    1.261099] Performance Events: unsupported p6 CPU model 42 no PMU driver, software events only.
[    1.272807] KVM setup paravirtual spinlock
[    1.398057] x86: Booting SMP configuration:
[    1.515934] .... node  #0, CPUs:      #1
[    1.562600] kvm-clock: cpu 1, msr 0:3ffe3041, secondary cpu clock
[    1.564276] mce: CPU supports 0 MCE banks
[    1.566692] x86: Booted up 1 node, 2 CPUs
[    1.567809] smpboot: Total of 2 processors activated (12371.84 BogoMIPS)
[    1.569586] devtmpfs: initialized
[    1.573016] evm: security.selinux
[    1.573813] evm: security.SMACK64
[    1.574601] evm: security.SMACK64EXEC
[    1.575453] evm: security.SMACK64TRANSMUTE
[    1.576394] evm: security.SMACK64MMAP
[    1.577241] evm: security.ima
[    1.577973] evm: security.capability
[    1.579023] clocksource: jiffies: mask: 0xffffffff max_cycles: 0xffffffff, max_idle_ns: 7645041785100000 ns
[    1.581095] futex hash table entries: 512 (order: 3, 32768 bytes)
[    1.582479] pinctrl core: initialized pinctrl subsystem
[    1.583704] RTC time: 17:18:51, date: 08/22/19
[    1.584896] NET: Registered protocol family 16
[    1.595876] cpuidle: using governor ladder
[    1.727315] cpuidle: using governor menu
[    1.759411] PCCT header not found.
[    1.760127] ACPI: bus type PCI registered
[    1.760824] acpiphp: ACPI Hot Plug PCI Controller Driver version: 0.5
[    1.761894] PCI: Using configuration type 1 for base access
[    1.776163] ACPI: Added _OSI(Module Device)
[    1.888714] ACPI: Added _OSI(Processor Device)
[    1.993940] ACPI: Added _OSI(3.0 _SCP Extensions)
[    1.994729] ACPI: Added _OSI(Processor Aggregator Device)
[    1.996249] ACPI: Executed 1 blocks of module-level executable AML code
[    1.999219] ACPI: Interpreter enabled
[    1.999924] ACPI: (supports S0 S5)
[    2.000554] ACPI: Using IOAPIC for interrupt routing
[    2.001498] PCI: Using host bridge windows from ACPI; if necessary, use "pci=nocrs" and report a bug
[    2.006290] ACPI: PCI Root Bridge [PCI0] (domain 0000 [bus 00-ff])
[    2.007257] acpi PNP0A03:00: _OSC: OS supports [ASPM ClockPM Segments MSI]
[    2.008328] acpi PNP0A03:00: _OSC: not requesting OS control; OS requires [ExtendedConfig ASPM ClockPM MSI]
[    2.009851] acpi PNP0A03:00: fail to add MMCONFIG information, can't access extended PCI configuration space under this bridge.
[    2.012904] PCI host bridge to bus 0000:00
[    2.013608] pci_bus 0000:00: root bus resource [io  0x0000-0x0cf7 window]
[    2.014625] pci_bus 0000:00: root bus resource [io  0x0d00-0xffff window]
[    2.015648] pci_bus 0000:00: root bus resource [mem 0x000a0000-0x000bffff window]
[    2.016911] pci_bus 0000:00: root bus resource [mem 0x40000000-0xffdfffff window]
[    2.018191] pci_bus 0000:00: root bus resource [bus 00-ff]
[    2.020453] pci 0000:00:01.1: legacy IDE quirk: reg 0x10: [io  0x01f0-0x01f7]
[    2.021495] pci 0000:00:01.1: legacy IDE quirk: reg 0x14: [io  0x03f6]
[    2.022485] pci 0000:00:01.1: legacy IDE quirk: reg 0x18: [io  0x0170-0x0177]
[    2.023552] pci 0000:00:01.1: legacy IDE quirk: reg 0x1c: [io  0x0376]
[    2.045612] pci 0000:00:07.0: quirk: [io  0x4000-0x403f] claimed by PIIX4 ACPI
[    2.061405] pci 0000:00:07.0: quirk: [io  0x4100-0x410f] claimed by PIIX4 SMB
[    2.069588] ACPI: PCI Interrupt Link [LNKA] (IRQs 5 9 10 *11)
[    2.076367] ACPI: PCI Interrupt Link [LNKB] (IRQs 5 9 10 *11)
[    2.077694] ACPI: PCI Interrupt Link [LNKC] (IRQs 5 9 *10 11)
[    2.079062] ACPI: PCI Interrupt Link [LNKD] (IRQs 5 *9 10 11)
[    2.080448] ACPI: Enabled 2 GPEs in block 00 to 07
[    2.081695] vgaarb: setting as boot device: PCI:0000:00:02.0
[    2.082571] vgaarb: device added: PCI:0000:00:02.0,decodes=io+mem,owns=io+mem,locks=none
[    2.089218] vgaarb: loaded
[    2.089769] vgaarb: bridge control possible 0000:00:02.0
[    2.090892] SCSI subsystem initialized
[    2.091740] ACPI: bus type USB registered
[    2.092463] usbcore: registered new interface driver usbfs
[    2.093332] usbcore: registered new interface driver hub
[    2.094201] usbcore: registered new device driver usb
[    2.095315] PCI: Using ACPI for IRQ routing
[    2.096313] NetLabel: Initializing
[    2.096940] NetLabel:  domain hash size = 128
[    2.097666] NetLabel:  protocols = UNLABELED CIPSOv4
[    2.098981] NetLabel:  unlabeled traffic allowed by default
[    2.105476] amd_nb: Cannot enumerate AMD northbridges
[    2.111750] clocksource: Switched to clocksource kvm-clock
[    2.124028] AppArmor: AppArmor Filesystem Enabled
[    2.134544] pnp: PnP ACPI init
[    2.136023] pnp: PnP ACPI: found 3 devices
[    2.148849] clocksource: acpi_pm: mask: 0xffffff max_cycles: 0xffffff, max_idle_ns: 2085701024 ns
[    2.184444] NET: Registered protocol family 2
[    2.191196] TCP established hash table entries: 8192 (order: 4, 65536 bytes)
[    2.192263] TCP bind hash table entries: 8192 (order: 5, 131072 bytes)
[    2.193247] TCP: Hash tables configured (established 8192 bind 8192)
[    2.194217] UDP hash table entries: 512 (order: 2, 16384 bytes)
[    2.195133] UDP-Lite hash table entries: 512 (order: 2, 16384 bytes)
[    2.196131] NET: Registered protocol family 1
[    2.196880] pci 0000:00:00.0: Limiting direct PCI/PCI transfers
[    2.197808] pci 0000:00:01.0: Activating ISA DMA hang workarounds
[    2.198856] Unpacking initramfs...
[    2.416898] Freeing initrd memory: 14828K
[    2.462822] RAPL PMU detected, API unit is 2^-32 Joules, 3 fixed counters 10737418240 ms ovfl timer
[    2.474245] hw unit of domain pp0-core 2^-0 Joules
[    2.475043] hw unit of domain package 2^-0 Joules
[    2.475818] hw unit of domain pp1-gpu 2^-0 Joules
[    2.476595] clocksource: tsc: mask: 0xffffffffffffffff max_cycles: 0x2c954f1e096, max_idle_ns: 440795235029 ns
[    2.478180] platform rtc_cmos: registered platform RTC device (no PNP device found)
[    2.479519] Scanning for low memory corruption every 60 seconds
[    2.480898] audit: initializing netlink subsys (disabled)
[    2.491064] audit: type=2000 audit(1566494336.474:1): initialized
[    2.492257] Initialise system trusted keyring
[    2.493155] HugeTLB registered 2 MB page size, pre-allocated 0 pages
[    2.495398] zbud: loaded
[    2.496269] VFS: Disk quotas dquot_6.6.0
[    2.496990] VFS: Dquot-cache hash table entries: 512 (order 0, 4096 bytes)
[    2.498240] squashfs: version 4.0 (2009/01/31) Phillip Lougher
[    2.499433] fuse init (API version 7.23)
[    2.515213] Key type big_key registered
[    2.518103] Allocating IMA MOK and blacklist keyrings.
[    2.520226] Key type asymmetric registered
[    2.520943] Asymmetric key parser 'x509' registered
[    2.521766] Block layer SCSI generic (bsg) driver version 0.4 loaded (major 249)
[    2.523088] io scheduler noop registered
[    2.523787] io scheduler deadline registered (default)
[    2.524640] io scheduler cfq registered
[    2.525409] pci_hotplug: PCI Hot Plug PCI Core version: 0.5
[    2.526277] pciehp: PCI Express Hot Plug Controller Driver version: 0.4
[    2.527375] ACPI: AC Adapter [AC] (on-line)
[    2.528151] input: Power Button as /devices/LNXSYSTM:00/LNXPWRBN:00/input/input0
[    2.529416] ACPI: Power Button [PWRF]
[    2.530123] input: Sleep Button as /devices/LNXSYSTM:00/LNXSLPBN:00/input/input1
[    2.531404] ACPI: Sleep Button [SLPF]
[    2.532215] GHES: HEST is not enabled!
[    2.542880] Serial: 8250/16550 driver, 32 ports, IRQ sharing enabled
[    2.589900] 00:02: ttyS0 at I/O 0x3f8 (irq = 4, base_baud = 115200) is a 16550A
[    2.617416] Linux agpgart interface v0.103
[    2.638208] loop: module loaded
[    2.644658] scsi host0: ata_piix
[    2.663771] scsi host1: ata_piix
[    2.684646] ata1: PATA max UDMA/33 cmd 0x1f0 ctl 0x3f6 bmdma 0xd000 irq 14
[    2.713302] ata2: PATA max UDMA/33 cmd 0x170 ctl 0x376 bmdma 0xd008 irq 15
[    2.718997] libphy: Fixed MDIO Bus: probed
[    2.720816] tun: Universal TUN/TAP device driver, 1.6
[    2.721636] tun: (C) 1999-2004 Max Krasnyansky <maxk@qualcomm.com>
[    2.722668] PPP generic driver version 2.4.2
[    2.737363] ehci_hcd: USB 2.0 'Enhanced' Host Controller (EHCI) Driver
[    2.749693] ehci-pci: EHCI PCI platform driver
[    2.750462] ehci-platform: EHCI generic platform driver
[    2.751310] ohci_hcd: USB 1.1 'Open' Host Controller (OHCI) Driver
[    2.752276] ohci-pci: OHCI PCI platform driver
[    2.753027] ohci-platform: OHCI generic platform driver
[    2.753864] uhci_hcd: USB Universal Host Controller Interface driver
[    2.754885] i8042: PNP: PS/2 Controller [PNP0303:PS2K,PNP0f03:PS2M] at 0x60,0x64 irq 1,12
[    2.757801] serio: i8042 KBD port at 0x60,0x64 irq 1
[    2.789366] serio: i8042 AUX port at 0x60,0x64 irq 12
[    2.790411] mousedev: PS/2 mouse device common for all mice
[    2.796587] input: AT Translated Set 2 keyboard as /devices/platform/i8042/serio0/input/input2
[    2.804059] rtc_cmos rtc_cmos: rtc core: registered rtc_cmos as rtc0
[    2.804119] rtc_cmos rtc_cmos: alarms up to one day, 114 bytes nvram
[    2.804126] i2c /dev entries driver
[    2.804186] device-mapper: uevent: version 1.0.3
[    2.804240] device-mapper: ioctl: 4.34.0-ioctl (2015-10-28) initialised: dm-devel@redhat.com
[    2.804255] ledtrig-cpu: registered to indicate activity on CPUs
[    2.836098] NET: Registered protocol family 10
[    2.836275] NET: Registered protocol family 17
[    2.836285] Key type dns_resolver registered
[    2.836535] registered taskstats version 1
[    2.836551] Loading compiled-in X.509 certificates
[    2.837298] Loaded X.509 cert 'Build time autogenerated kernel key: 65139e04a67245b562a838c28b5e7032abdd4348'
[    2.837314] zswap: loaded using pool lzo/zbud
[    2.839248] Key type trusted registered
[    2.842799] Key type encrypted registered
[    2.842804] AppArmor: AppArmor sha1 policy hashing enabled
[    2.842807] ima: No TPM chip found, activating TPM-bypass!
[    2.842812] ima: Allocated hash algorithm: sha1
[    2.842827] evm: HMAC attrs: 0x1
[    2.843220]   Magic number: 15:739:340
[    2.843647] rtc_cmos rtc_cmos: setting system clock to 2019-08-22 17:18:53 UTC (1566494333)
[    2.843801] BIOS EDD facility v0.16 2004-Jun-25, 0 devices found
[    2.843801] EDD information not available.
[    2.876891] Freeing unused kernel memory: 1484K
[    2.891787] Write protecting the kernel read-only data: 14336k
[    2.893520] Freeing unused kernel memory: 1616K
[    2.898717] Freeing unused kernel memory: 68K
Loading, please wait...
starting version[    2.916418] random: systemd-udevd: uninitialized urandom read (16 bytes read, 2 bits of entropy available)
 229
[    2.917306] random: udevadm: uninitialized urandom read (16 bytes read, 2 bits of entropy available)
[    2.917336] random: udevadm: uninitialized urandom read (16 bytes read, 2 bits of entropy available)
[    2.932577] random: udevadm: uninitialized urandom read (16 bytes read, 2 bits of entropy available)
[    2.932640] random: udevadm: uninitialized urandom read (16 bytes read, 2 bits of entropy available)
[    2.932857] random: udevadm: uninitialized urandom read (16 bytes read, 2 bits of entropy available)
[    2.932945] random: udevadm: uninitialized urandom read (16 bytes read, 2 bits of entropy available)
[    2.933029] random: udevadm: uninitialized urandom read (16 bytes read, 2 bits of entropy available)
[    2.933114] random: udevadm: uninitialized urandom read (16 bytes read, 2 bits of entropy available)
[    2.933198] random: udevadm: uninitialized urandom read (16 bytes read, 2 bits of entropy available)
[    2.996855] e1000: Intel(R) PRO/1000 Network Driver - version 7.3.21-k8-NAPI
[    3.016718] e1000: Copyright (c) 1999-2006 Intel Corporation.
[    3.025281] Fusion MPT base driver 3.04.20
[    3.041045] Copyright (c) 1999-2008 LSI Corporation
[    3.048453] Fusion MPT SPI Host driver 3.04.20
[    3.341953] input: ImExPS/2 Generic Explorer Mouse as /devices/platform/i8042/serio1/input/input4
[    3.472945] e1000 0000:00:03.0 eth0: (PCI:33MHz:32-bit) 02:1e:e5:6d:71:21
[    3.484705] e1000 0000:00:03.0 eth0: Intel(R) PRO/1000 Network Connection
[    3.503812] mptbase: ioc0: Initiating bringup
[    3.503839] e1000 0000:00:03.0 enp0s3: renamed from eth0
[    3.575994] ioc0: LSI53C1030 A0: Capabilities={Initiator}
[    3.743315] scsi host2: ioc0: LSI53C1030 A0, FwRev=00000000h, Ports=1, MaxQ=256, IRQ=20
[    3.892320] scsi 2:0:0:0: Direct-Access     VBOX     HARDDISK         1.0  PQ: 0 ANSI: 5
[    3.900307] scsi target2:0:0: Beginning Domain Validation
[    3.903719] scsi target2:0:0: Domain Validation skipping write tests
[    3.964516] scsi target2:0:0: Ending Domain Validation
[    3.966884] scsi target2:0:0: asynchronous
[    3.968396] scsi 2:0:1:0: Direct-Access     VBOX     HARDDISK         1.0  PQ: 0 ANSI: 5
[    3.970321] scsi target2:0:1: Beginning Domain Validation
[    3.972616] scsi target2:0:1: Domain Validation skipping write tests
[    3.973970] scsi target2:0:1: Ending Domain Validation
[    3.975181] scsi target2:0:1: asynchronous
[    3.996320] sd 2:0:0:0: Attached scsi generic sg0 type 0
[    4.032558] sd 2:0:0:0: [sda] 20971520 512-byte logical blocks: (10.7 GB/10.0 GiB)
[    4.041086] sd 2:0:1:0: Attached scsi generic sg1 type 0
[    4.041159] sd 2:0:1:0: [sdb] 20480 512-byte logical blocks: (10.5 MB/10.0 MiB)
[    4.124723] sd 2:0:0:0: [sda] Write Protect is off
[    4.126002] sd 2:0:1:0: [sdb] Write Protect is off
[    4.127152] sd 2:0:0:0: [sda] Incomplete mode parameter data
[    4.128391] sd 2:0:0:0: [sda] Assuming drive cache: write through
[    4.129650] sd 2:0:1:0: [sdb] Incomplete mode parameter data
[    4.130846] sd 2:0:1:0: [sdb] Assuming drive cache: write through
[    4.144389]  sda: sda1
[    4.146658] sd 2:0:0:0: [sda] Attached SCSI disk
[    4.170143] sd 2:0:1:0: [sdb] Attached SCSI disk
Begin: Loading e[    5.623956] md: linear personality registered for level -1
ssential drivers ... [    5.663372] md: multipath personality registered for level -4
[    5.728381] md: raid0 personality registered for level 0
[    5.764237] md: raid1 personality registered for level 1
[    5.840236] raid6: sse2x1   gen()  6750 MB/s
[    5.932065] raid6: sse2x1   xor()  6100 MB/s
[    6.330241] raid6: sse2x2   gen() 10574 MB/s
[    6.495892] raid6: sse2x2   xor()  6615 MB/s
[    6.660206] raid6: sse2x4   gen() 11816 MB/s
[    6.856374] raid6: sse2x4   xor()  8976 MB/s
[    6.859016] raid6: using algorithm sse2x4 gen() 11816 MB/s
[    6.859889] raid6: .... xor() 8976 MB/s, rmw enabled
[    6.860748] raid6: using ssse3x2 recovery algorithm
[    6.863235] xor: automatically using best checksumming function:
[    6.903772]    avx       : 19965.000 MB/sec
[    6.905976] async_tx: api initialized (async)
[    6.920229] md: raid6 personality registered for level 6
[    7.260646] md: raid5 personality registered for level 5
[    7.261495] md: raid4 personality registered for level 4
[    7.270553] md: raid10 personality registered for level 10
done.
Begin: Running /scripts/init-premount ... done[    7.471028] Btrfs loaded
.
Begin: Mounting root file system ... Begin: Running /scripts/local-top ... done.
Begin: Running /scripts/local-premount ... Scanning for Btrfs filesystems
done.
Warning: fsck not present, so skipping root file system
[    7.568635] EXT4-fs (sda1): mounted filesystem with ordered data mode. Opts: (null)
done.
Begin: Running /scripts/local-bottom ... done.
Begin: Running /scripts/init-bottom ... done.
[    8.027333] systemd[1]: systemd 229 running in system mode. (+PAM +AUDIT +SELINUX +IMA +APPARMOR +SMACK +SYSVINIT +UTMP +LIBCRYPTSETUP +GCRYPT +GNUTLS +ACL +XZ -LZ4 +SECCOMP +BLKID +ELFUTILS +KMOD -IDN)
[    8.502070] systemd[1]: Detected virtualization oracle.
[    8.502930] systemd[1]: Detected architecture x86-64.

Welcome to [1mUbuntu 16.04.6 LTS[0m!

[    8.526146] systemd[1]: Set hostname to <ubuntu>.
[    8.536995] systemd[1]: Initializing machine ID from random generator.
[    8.565493] systemd[1]: Installed transient /etc/machine-id file.
[    9.027755] random: nonblocking pool is initialized
[    9.427157] systemd[1]: Reached target Encrypted Volumes.
[[0;32m  OK  [0m] Reached target Encrypted Volumes.
[    9.431521] systemd[1]: Reached target User and Group Name Lookups.
[[0;32m  OK  [0m] Reached target User and Group Name Lookups.
[    9.436213] systemd[1]: Listening on Syslog Socket.
[[0;32m  OK  [0m] Listening on Syslog Socket.
[    9.439675] systemd[1]: Created slice User and Session Slice.
[[0;32m  OK  [0m] Created slice User and Session Slice.
[    9.442974] systemd[1]: Reached target System Time Synchronized.
[[0;32m  OK  [0m] Reached target System Time Synchronized.
[    9.446721] systemd[1]: Created slice System Slice.
[[0;32m  OK  [0m] Created slice System Slice.
[    9.449489] systemd[1]: Reached target Swap.
[[0;32m  OK  [0m] Reached target Swap.
[    9.452059] systemd[1]: Listening on Journal Socket.
[[0;32m  OK  [0m] Listening on Journal Socket.
[    9.468002] systemd[1]: Starting Uncomplicated firewall...
         Starting Uncomplicated firewall...
[    9.492021] systemd[1]: Starting Load Kernel Modules...
         Starting Load Kernel Modules...
[    9.503815] systemd[1]: Mounting Debug File System...
         Mounting Debug File System...
[    9.522584] systemd[1]: Mounting Huge Pages File System...
         Mounting Huge Pages File System...
[    9.529546] systemd[1]: Mounting POSIX Message Queue File System...
         Mounting POSIX Message Queue File System...
[    9.535623] systemd[1]: Listening on Journal Audit Socket.
[[0;32m  OK  [0m] Listening on Journal Audit Socket.
[    9.539627] systemd[1]: Set up automount Arbitrary Executable File Formats File System Automount Point.
[[0;32m  OK  [0m] Set up automount Arbitrary Executab...ats File System Automount Point.
[    9.546014] systemd[1]: Listening on /dev/initctl Compatibility Named Pipe.
[[0;32m  OK  [0m] Listening on /dev/initctl Compatibility Named Pipe.
[    9.549035] systemd[1]: Listening on Journal Socket (/dev/log).
[[0;32m  OK  [0m] Listening on Journal Socket (/dev/log).
[    9.557031] Loading iSCSI transport class v2.0-870.
[    9.576071] systemd[1]: Starting Remount Root and Kernel File Systems...
         Starting Remount Root and Kernel File Systems...
[    9.582074] systemd[1]: Listening on LVM2 metadata daemon socket.
[[0;32m  OK  [0m] Listening on LVM2 metadata daemon socket.
[    9.586705] systemd[1]: Created slice system-serial\x2dgetty.slice.
[    9.596099] EXT4-fs (sda1): re-mounted. Opts: (null)
[    9.598778] iscsi: registered transport (tcp)
[[0;32m  OK  [0m] Created slice system-serial\x2dgetty.slice.
[    9.648222] systemd[1]: Started Forward Password Requests to Wall Directory Watch.
[[0;32m  OK  [0m] Started Forward Password Requests to Wall Directory Watch.
[    9.682934] iscsi: registered transport (iser)
[    9.683040] systemd[1]: Starting Journal Service...
         Starting Journal Service...
[    9.708005] systemd[1]: Listening on LVM2 poll daemon socket.
[[0;32m  OK  [0m] Listening on LVM2 poll daemon socket.
[    9.719894] systemd[1]: Listening on udev Control Socket.
[[0;32m  OK  [0m] Listening on udev Control Socket.
[    9.732034] systemd[1]: Starting Create list of required static device nodes for the current kernel...
         Starting Create list of required st... nodes for the current kernel...
[   10.278475] systemd[1]: Started Trigger resolvconf update for networkd DNS.
[[0;32m  OK  [0m] Started Trigger resolvconf update for networkd DNS.
[   10.293891] systemd[1]:SStarting Set console keymap...
         Starting Set console keymap...
[   10.601583] systemd[1]: Listening on udev Kernel Socket.
[[0;32m  OK  [0m] Listening on udev Kernel Socket.
[   10.667955] systemd[1]: Starting Nameserver information manager...
         Starting Nameserver information manager...
[   10.743534] systemd[1]: Reached target Slices.
[[0;32m  OK  [0m] Reached target Slices.
[   10.779161] systemd[1]: Listening on Device-mapper event daemon FIFOs.
[[0;32m  OK  [0m] Listening on Device-mapper event daemon FIFOs.
[   10.782244] systemd[1]: Starting Monitoring of LVM2 mirrors, snapshots etc. using dmeventd or progress polling...
         Starting Monitoring of LVM2 mirrors... dmeventd or progress polling...
[   10.788728] systemd[1]: Mounted POSIX Message Queue File System.
[[0;32m  OK  [0m] Mounted POSIX Message Queue File System.
[   10.792106] systemd[1]: Mounted Huge Pages File System.
[[0;32m  OK  [0m] Mounted Huge Pages File System.
[   10.794498] systemd[1]: Mounted Debug File System.
[[0;32m  OK  [0m] Mounted Debug File System.
[   10.796603] systemd[1]: Started Journal Service.
[[0;32m  OK  [0m] Started Journal Service.
[[0;32m  OK  [0m] Started Uncomplicated firewall.
[[0;32m  OK  [0m] Started Load Kernel Modules.
[[0;32m  OK  [0m] Started Remount Root and Kernel File Systems.
[[0;32m  OK  [0m] Started Create list of required sta...ce nodes for the current kernel.
[[0;32m  OK  [0m] Started Set console keymap.
[[0;32m  OK  [0m] Started Nameserver information manager.
[[0;32m  OK  [0m] Started LVM2 metadata daemon.
         Starting Create Static Device Nodes in /dev...
         Starting udev Coldplug all Devices...
         Starting Load/Save Random Seed...
         Starting Apply Kernel Variables...
         Mounting FUSE Control File System...
         Starting Flush Journal to Persistent Storage...
[[0;32m  OK  [0m] Mounted FUSE Control File System.
[[0;32m  OK  [0m] Started Load/Save Random Seed.
[[0;32m  OK  [0m] Started Create Static Device Nodes in /dev.
[[0;32m  OK  [0m] Started Apply Kernel Variables.
[[0;32m  OK  [0m] Started udev Coldplug all Devices.
[[0;32m  OK  [0m] Started Monitoring of LVM2 mirrors,...ng dmeventd or progress polling.
[[0;32m  OK  [0m] Started Flush Journal to Persistent Storage.
         Starting udev Kernel Device Manager...
[[0;32m  OK  [0m] Reached target Local File Systems (Pre).
[[0;32m  OK  [0m] Reached target Local File Systems.
         Starting Initial cloud-init job (pre-networking)...
         Starting Commit a transient machine-id on disk...
         Starting Set console font and keymap...
         Starting Create Volatile Files and Directories...
         Starting Tell Plymouth To Write Out Runtime Data...
         Starting LSB: AppArmor initialization...
[[0;32m  OK  [0m] Started Commit a transient machine-id on disk.
[[0;32m  OK  [0m] Started Create Volatile Files and Directories.
[[0;32m  OK  [0m] Started Tell Plymouth To Write Out Runtime Data.
         Starting Update UTMP about System Boot/Shutdown...
[[0;32m  OK  [0m] Started Update UTMP about System Boot/Shutdown.
[[0;32m  OK  [0m] Started udev Kernel Device Manager.
[[0;32m  OK  [0m] Started Dispatch Password Requests to Console Directory Watch.
[[0;32m  OK  [0m] Found device /dev/ttyS0.
[[0;32m  OK  [0m] Listening on Load/Save RF Kill Switch Status /dev/rfkill Watch.
[[0;32m  OK  [0m] Started LSB: AppArmor initialization.
[[0;32m  OK  [0m] Started Set console font and keymap.
[[0;32m  OK  [0m] Created slice system-getty.slice.
[   14.018447] cloud-init[463]: Cloud-init v. 19.1-1-gbaa47854-0ubuntu1~16.04.1 running 'init-local' at Thu, 22 Aug 2019 17:19:05 +0000. Up 13.43 seconds.
[[0;32m  OK  [0m] Started Initial cloud-init job (pre-networking).
[[0;32m  OK  [0m] Reached target Network (Pre).
         Starting Raise network interfaces...
[[0;32m  OK  [0m] Started Raise network interfaces.
[[0;32m  OK  [0m] Reached target Network.
         Starting Initial cloud-init job (metadata service crawler)...
[   15.992981] cloud-init[948]: Cloud-init v. 19.1-1-gbaa47854-0ubuntu1~16.04.1 running 'init' at Thu, 22 Aug 2019 17:19:07 +0000. Up 14.88 seconds.
[   15.998238] cloud-init[948]: ci-info: ++++++++++++++++++++++++++++++++++++++Net device info++++++++++++++++++++++++++++++++++++++
[   16.004379] cloud-init[948]: ci-info: +--------+------+----------------------------+---------------+--------+-------------------+
[   16.009379] cloud-init[948]: ci-info: | Device |  Up  |          Address           |      Mask     | Scope  |     Hw-Address    |
[   16.033451] cloud-init[948]: ci-info: +--------+------+----------------------------+---------------+--------+-------------------+
[   16.037108] cloud-init[948]: ci-info: | enp0s3 | True |         10.0.2.15          | 255.255.255.0 | global | 02:1e:e5:6d:71:21 |
[   16.040792] cloud-init[948]: ci-info: | enp0s3 | True | fe80::1e:e5ff:fe6d:7121/64 |       .       |  link  | 02:1e:e5:6d:71:21 |
[   16.043261] cloud-init[948]: ci-info: |   lo   | True |         127.0.0.1          |   255.0.0.0   |  host  |         .         |
[   16.045690] cloud-init[948]: ci-info: |   lo   | True |          ::1/128           |       .       |  host  |         .         |
[   16.049257] cloud-init[948]: ci-info: +--------+------+----------------------------+---------------+--------+-------------------+
[   16.052764] cloud-init[948]: ci-info: +++++++++++++++++++++++++++Route IPv4 info++++++++++++++++++++++++++++
[   16.055940] cloud-init[948]: ci-info: +-------+-------------+----------+---------------+-----------+-------+
[   16.058993] cloud-init[948]: ci-info: | Route | Destination | Gateway  |    Genmask    | Interface | Flags |
[   16.062002] cloud-init[948]: ci-info: +-------+-------------+----------+---------------+-----------+-------+
[   16.065127] cloud-init[948]: ci-info: |   0   |   0.0.0.0   | 10.0.2.2 |    0.0.0.0    |   enp0s3  |   UG  |
[   16.069321] cloud-init[948]: ci-info: |   1   |   10.0.2.0  | 0.0.0.0  | 255.255.255.0 |   enp0s3  |   U   |
[   16.072423] cloud-init[948]: ci-info: +-------+-------------+----------+---------------+-----------+-------+
[   16.075528] cloud-init[948]: ci-info: +++++++++++++++++++Route IPv6 info+++++++++++++++++++
[   16.078391] cloud-init[948]: ci-info: +-------+-------------+---------+-----------+-------+
[   16.081279] cloud-init[948]: ci-info: | Route | Destination | Gateway | Interface | Flags |
[   16.084112] cloud-init[948]: ci-info: +-------+-------------+---------+-----------+-------+
[   16.086888] cloud-init[948]: ci-info: |   0   |  fe80::/64  |    ::   |   enp0s3  |   U   |
[[0;32m  OK  [0m] Started Initial cloud-init job (metadata service crawler).
[   16.087292] cloud-init[948]: ci-info: |   3   |   ff00::/8  |    ::   |   enp0s3  |   U   |
[   16.091749] cloud-init[948]: ci-info: +-------+-------------+---------+-----------+-------+
[   16.093294] cloud-init[948]: Generating public/private rsa key pair.
[   16.094540] cloud-init[948]: Your identification has been saved in /etc/ssh/ssh_host_rsa_key.
[   16.096127] cloud-init[948]: Your public key has been saved in /etc/ssh/ssh_host_rsa_key.pub.
[   16.097713] cloud-init[948]: The key fingerprint is:
[   16.097984] cloud-init[948]: SHA256:0Dc9x8iZTyj8zyWOlkSKirApfE7tZ2rRUgwgEupvLVk root@ubuntu-xenial
[   16.098171] cloud-init[948]: The key's randomart image is:
[   16.098351] cloud-init[948]: +---[RSA 2048]----+
[   16.098535] cloud-init[948]: |oo ..            |
[   16.098728] cloud-init[948]: |o .  . . . o *   |
[   16.098909] cloud-init[948]: |.     + . = X +  |
[   16.099089] cloud-init[948]: |.      + o * =   |
[   16.099443] cloud-init[948]: | ..  Eo S . o o .|
[   16.099632] cloud-init[948]: |. .+=+ o   . * o |
[   16.099993] cloud-init[948]: |..oB.o+     + +  |
[   16.100366] cloud-init[948]: | .= o. o   .     |
[   16.100545] cloud-init[948]: |   ..o+          |
[   16.100723] cloud-init[948]: +----[SHA256]-----+
[   16.100905] cloud-init[948]: Generating public/private dsa key pair.
[   16.101086] cloud-init[948]: Your identification has been saved in /etc/ssh/ssh_host_dsa_key.
[   16.101266] cloud-init[948]: Your public key has been saved in /etc/ssh/ssh_host_dsa_key.pub.
[   16.101448] cloud-init[948]: The key fingerprint is:
[   16.101627] cloud-init[948]: SHA256:0eXT0fulu3OotYZ3cl7Hn0y/PAoIZBvKNSohjzZGrbY root@ubuntu-xenial
[   16.101813] cloud-init[948]: The key's randomart image is:
[   16.101991] cloud-init[948]: +---[DSA 1024]----+
[   16.102172] cloud-init[948]: |            . .. |
[   16.102351] cloud-init[948]: |  .      . o . ..|
[   16.102532] cloud-init[948]: | o o   *. . o . .|
[   16.102709] cloud-init[948]: |. = o * +.   . ..|
[[0;32m  OK  [0m] Reached target Network is Online.
[   16.102902] cloud-init[948]: | B o + oS      .o|
[   16.119742] cloud-init[948]: |+ o .   . .   ...|
[   16.121229] cloud-init[948]: | E       . . ..++|
[   16.123408] cloud-init[948]: |            o.@oX|
[   16.124437] cloud-init[948]: |            .=+&*|
[   16.125477] cloud-init[948]: +----[SHA256]-----+
[   16.126493] cloud-init[948]: Generating public/private ecdsa key pair.
[   16.127767] cloud-init[948]: Your identification has been saved in /etc/ssh/ssh_host_ecdsa_key.
[   16.129406] cloud-init[948]: Your public key has been saved in /etc/ssh/ssh_host_ecdsa_key.pub.
[   16.130990] cloud-init[948]: The key fingerprint is:
[   16.132064] cloud-init[948]: SHA256:ltBW+3Uba8O4quB3jWJGuphQtkW6HMpzHjTjgDrgTqg root@ubuntu-xenial
[   16.133717] cloud-init[948]: The key's randomart image is:
[   16.134851] cloud-init[948]: +---[ECDSA 256]---+
[   16.136968] cloud-init[948]: |          .      |
[   16.138007] cloud-init[948]: |       . . .     |
[   16.139040] cloud-init[948]: |      ..o .   ...|
[   16.139328] cloud-init[948]: |  .   oo . . .o.+|
[   16.139517] cloud-init[948]: |.. . O .S   .. * |
[   16.139698] cloud-init[948]: |= . O B. .    o .|
[   16.139884] cloud-init[948]: |+o = B .o   o.   |
[   16.140257] cloud-init[948]: |+.  = =..= o..   |
[   16.140441] cloud-init[948]: |E.   + o=.+.     |
[   16.140624] cloud-init[948]: +----[SHA256]-----+
[   16.140807] cloud-init[948]: Generating public/private ed25519 key pair.
[   16.140995] cloud-init[948]: Your identification has been saved in /etc/ssh/ssh_host_ed25519_key.
[   16.141069] cloud-init[948]: Your public key has been saved in /etc/ssh/ssh_host_ed25519_key.pub.
[   16.141142] cloud-init[948]: The key fingerprint is:
[   16.141214] cloud-init[948]: SHA256:9baJgIjqQODnam9eqI2E2KVO6v/CVZJTP96u9U/A9pY root@ubuntu-xenial
[   16.141288] cloud-init[948]: The key's randomart image is:
[   16.141361] cloud-init[948]: +--[ED25519 256]--+
[   16.141433] cloud-init[948]: |                 |
[   16.141506] cloud-init[948]: |       .         |
[   16.141580] cloud-init[948]: |.     o . .      |
[   16.141652] cloud-init[948]: |o  . = o + ..    |
         Starting iSCSI initiator daemon (iscsid)...
[   16.141746] cloud-init[948]: | o..o = S o o+   |
[   16.166034] cloud-init[948]: |+ooo..   o +.oo .|
[   16.166363] cloud-init[948]: |=.=o..    o.o  E |
[   16.166544] cloud-init[948]: |+==+.     ... o  |
[   16.167010] cloud-init[948]: |+**=o.   ..  ... |
[   16.167105] cloud-init[948]: +----[SHA256]-----+
[[0;32m  OK  [0m] Reached target Cloud-config availability.
[[0;32m  OK  [0m] Reached target System Initialization.
[[0;32m  OK  [0m] Listening on ACPID Listen Socket.
[[0;32m  OK  [0m] Started ACPI Events Check.
[[0;32m  OK  [0m] Reached target Paths.
[[0;32m  OK  [0m] Listening on D-Bus System Message Bus Socket.
         Starting LXD - unix socket.
         Starting Socket activation for snappy daemon.
[[0;32m  OK  [0m] Started Daily apt download activities.
[[0;32m  OK  [0m] Started Daily apt upgrade and clean activities.
[[0;32m  OK  [0m] Listening on UUID daemon activation socket.
[[0;32m  OK  [0m] Started Daily Cleanup of Temporary Directories.
[[0;32m  OK  [0m] Reached target Timers.
[[0;32m  OK  [0m] Listening on LXD - unix socket.
[[0;32m  OK  [0m] Listening on Socket activation for snappy daemon.
[[0;32m  OK  [0m] Started iSCSI initiator daemon (iscsid).
         Starting Login to default iSCSI targets...
[[0;32m  OK  [0m] Reached target Sockets.
[[0;32m  OK  [0m] Reached target Basic System.
         Starting System Logging Service...
[[0;32m  OK  [0m] Started Regular background program processing daemon.
[[0;32m  OK  [0m] Started ACPI event daemon.
         Starting LXD - container startup/shutdown...
[[0;32m  OK  [0m] Started FUSE filesystem for LXC.
         Starting Accounts Service...
         Starting Pollinate to seed the pseudo random number generator...
         Starting /etc/rc.local Compatibility...
         Starting Login Service...
[[0;32m  OK  [0m] Started Deferred execution scheduler.
         Starting LSB: MD monitoring daemon...
         Starting LSB: Record successful boot for GRUB...
         Starting Snappy daemon...
         Starting Virtualbox guest utils...
[[0;32m  OK  [0m] Started D-Bus System Message Bus.
[[0;32m  OK  [0m] Started System Logging Service.
[[0;32m  OK  [0m] Started /etc/rc.local Compatibility.
[[0;32m  OK  [0m] Started Login Service.
[[0;32m  OK  [0m] Started Unattended Upgrades Shutdown.
[[0;32m  OK  [0m] Started LSB: Record successful boot for GRUB.
[[0;32m  OK  [0m] Started Login to default iSCSI targets.
[[0;32m  OK  [0m] Started LSB: MD monitoring daemon.
         Starting Authenticate and Authorize Users to Run Privileged Tasks...
[[0;32m  OK  [0m] Reached target Remote File Systems (Pre).
[[0;32m  OK  [0m] Reached target Remote File Systems.
         Starting LSB: automatic crash report generation...
         Starting LSB: Set the CPU Frequency Scaling governor to "ondemand"...
         Starting LSB: daemon to balance interrupts for SMP systems...
         Starting Permit User Sessions...
[[0;32m  OK  [0m] Started LSB: Set the CPU Frequency Scaling governor to "ondemand".
[[0;32m  OK  [0m] Started Permit User Sessions.
[[0;32m  OK  [0m] Started LSB: automatic crash report generation.
         Starting Terminate Plymouth Boot Screen...
         Starting Hold until boot process finishes up...
[[0;32m  OK  [0m] Started LSB: daemon to balance interrupts for SMP systems.
[[0;32m  OK  [0m] Started Terminate Plymouth Boot Screen.
[[0;32m  OK  [0m] Started Hold until boot process finishes up.
[[0;32m  OK  [0m] Started Virtualbox guest utils.
         Starting Set console scheme...
[[0;32m  OK  [0m] Started Serial Getty on ttyS0.
[[0;32m  OK  [0m] Started Getty on tty1.
[[0;32m  OK  [0m] Reached target Login Prompts.
[[0;32m  OK  [0m] Started Authenticate and Authorize Users to Run Privileged Tasks.
[[0;32m  OK  [0m] Started Accounts Service.
[[0;32m  OK  [0m] Started Set console scheme.
[[0;32m  OK  [0m] Started LXD - container startup/shutdown.
[[0;32m  OK  [0m] Started Snappy daemon.
         Starting Wait until snapd is fully seeded...
[[0;32m  OK  [0m] Started Pollinate to seed the pseudo random number generator.
         Starting OpenBSD Secure Shell server...
[[0;32m  OK  [0m] Started OpenBSD Secure Shell server.
[[0;32m  OK  [0m] Created slice User Slice of vagrant.
         Starting User Manager for UID 1000...
[[0;32m  OK  [0m] Started Session 1 of user vagrant.
[[0;32m  OK  [0m] Started User Manager for UID 1000.
[[0;32m  OK  [0m] Started Wait until snapd is fully seeded.
         Starting Apply the settings specified in cloud-config...
[[0;32m  OK  [0m] Reached target Multi-User System.
[[0;32m  OK  [0m] Reached target Graphical Interface.
         Starting Update UTMP about System Runlevel Changes...
[[0;32m  OK  [0m] Started Update UTMP about System Runlevel Changes.
[   22.348530] cloud-init[1399]: Generating locales (this might take a while)...
[   23.528758] cloud-init[1399]:   en_US.UTF-8... done
[   23.529573] cloud-init[1399]: Generation complete.

Ubuntu 16.04.6 LTS ubuntu-xenial ttyS0

ubuntu-xenial login: [   24.335394] cloud-init[1399]: Cloud-init v. 19.1-1-gbaa47854-0ubuntu1~16.04.1 running 'modules:config' at Thu, 22 Aug 2019 17:19:14 +0000. Up 22.13 seconds.
ci-info: no authorized ssh keys fingerprints found for user ubuntu.
<14>Aug 22 17:19:17 ec2: 
<14>Aug 22 17:19:17 ec2: #############################################################
<14>Aug 22 17:19:17 ec2: -----BEGIN SSH HOST KEY FINGERPRINTS-----
<14>Aug 22 17:19:17 ec2: 1024 SHA256:0eXT0fulu3OotYZ3cl7Hn0y/PAoIZBvKNSohjzZGrbY root@ubuntu-xenial (DSA)
<14>Aug 22 17:19:17 ec2: 256 SHA256:ltBW+3Uba8O4quB3jWJGuphQtkW6HMpzHjTjgDrgTqg root@ubuntu-xenial (ECDSA)
<14>Aug 22 17:19:17 ec2: 256 SHA256:9baJgIjqQODnam9eqI2E2KVO6v/CVZJTP96u9U/A9pY root@ubuntu-xenial (ED25519)
<14>Aug 22 17:19:17 ec2: 2048 SHA256:0Dc9x8iZTyj8zyWOlkSKirApfE7tZ2rRUgwgEupvLVk root@ubuntu-xenial (RSA)
<14>Aug 22 17:19:17 ec2: -----END SSH HOST KEY FINGERPRINTS-----
<14>Aug 22 17:19:17 ec2: #############################################################
-----BEGIN SSH HOST KEY KEYS-----
ecdsa-sha2-nistp256 AAAAE2VjZHNhLXNoYTItbmlzdHAyNTYAAAAIbmlzdHAyNTYAAABBBIIuxVE0FOjHkkmf7E+sjEha7wrnQPR3z7OUaveHm2wKQHq5n7uYxbOiGdATuWoGpt7cAIBN4IRj1Z/WVVw9uTk= root@ubuntu-xenial
ssh-ed25519 AAAAC3NzaC1lZDI1NTE5AAAAIBPbsIq2c2BqvMLXUjRhxuKuBGrKdzoiha9G2OPGzEYt root@ubuntu-xenial
ssh-rsa AAAAB3NzaC1yc2EAAAADAQABAAABAQDSe8dRVUnujh3Wq4wgMQLllja4/ih3cSsQMZqtow7Toeo6j9lC3htO/J3jrCQ2Mtpxa1QOCOa1NnWWki98ufeI8QRzRcxJKlnQ9Hb6mwYY5tVjkyAtILkXyihnRPaHD1Y5oTj4yUgNOgfwCEKpEcTdRVSPy2BYNZhsn2mvBejFkdVKzv2vI92dwbSAj+7nT9E9aEMrUZVOJ9ArU859HqQWEjDuLSlZpI30cX6A+E4Pc64w9AUFv3ReZ2nRM89qgSjtEeZF9Yy21HsXwUsP+tZuBeD8FGE2Qmg2Pm8ac6gcRg2pC1U4NubEaUAEjqyWi8B/Z4EAcPTN444brP385t4X root@ubuntu-xenial
-----END SSH HOST KEY KEYS-----
[   24.952683] cloud-init[1555]: Cloud-init v. 19.1-1-gbaa47854-0ubuntu1~16.04.1 running 'modules:final' at Thu, 22 Aug 2019 17:19:17 +0000. Up 24.74 seconds.
[   24.953121] cloud-init[1555]: ci-info: no authorized ssh keys fingerprints found for user ubuntu.
[   24.953450] cloud-init[1555]: Cloud-init v. 19.1-1-gbaa47854-0ubuntu1~16.04.1 finished at Thu, 22 Aug 2019 17:19:17 +0000. Datasource DataSourceNoCloud [seed=/dev/sdb][dsmode=net].  Up 24.93 seconds
