[    0.000000] Initializing cgroup subsys cpuset
[    0.000000] Initializing cgroup subsys cpu
[    0.000000] Initializing cgroup subsys cpuacct
[    0.000000] Linux version 4.4.0-154-generic (buildd@lgw01-amd64-049) (gcc version 5.4.0 20160609 (Ubuntu 5.4.0-6ubuntu1~16.04.10) ) #181-Ubuntu SMP Tue Jun 25 05:29:03 UTC 2019 (Ubuntu 4.4.0-154.181-generic 4.4.179)
[    0.000000] Command line: BOOT_IMAGE=/boot/vmlinuz-4.4.0-154-generic root=LABEL=cloudimg-rootfs ro console=tty1 console=ttyS0
[    0.000000] KERNEL supported cpus:
[    0.000000]   Intel GenuineIntel
[    0.000000]   AMD AuthenticAMD
[    0.000000]   Centaur CentaurHauls
[    0.000000] x86/fpu: xstate_offset[2]:  576, xstate_sizes[2]:  256
[    0.000000] x86/fpu: Supporting XSAVE feature 0x01: 'x87 floating point registers'
[    0.000000] x86/fpu: Supporting XSAVE feature 0x02: 'SSE registers'
[    0.000000] x86/fpu: Supporting XSAVE feature 0x04: 'AVX registers'
[    0.000000] x86/fpu: Enabled xstate features 0x7, context size is 832 bytes, using 'standard' format.
[    0.000000] e820: BIOS-provided physical RAM map:
[    0.000000] BIOS-e820: [mem 0x0000000000000000-0x000000000009fbff] usable
[    0.000000] BIOS-e820: [mem 0x000000000009fc00-0x000000000009ffff] reserved
[    0.000000] BIOS-e820: [mem 0x00000000000f0000-0x00000000000fffff] reserved
[    0.000000] BIOS-e820: [mem 0x0000000000100000-0x000000003ffeffff] usable
[    0.000000] BIOS-e820: [mem 0x000000003fff0000-0x000000003fffffff] ACPI data
[    0.000000] BIOS-e820: [mem 0x00000000fec00000-0x00000000fec00fff] reserved
[    0.000000] BIOS-e820: [mem 0x00000000fee00000-0x00000000fee00fff] reserved
[    0.000000] BIOS-e820: [mem 0x00000000fffc0000-0x00000000ffffffff] reserved
[    0.000000] NX (Execute Disable) protection: active
[    0.000000] SMBIOS 2.5 present.
[    0.000000] Hypervisor detected: KVM
[    0.000000] e820: last_pfn = 0x3fff0 max_arch_pfn = 0x400000000
[    0.000000] MTRR: Disabled
[    0.000000] x86/PAT: MTRRs disabled, skipping PAT initialization too.
[    0.000000] CPU MTRRs all blank - virtualized system.
[    0.000000] x86/PAT: Configuration [0-7]: WB  WT  UC- UC  WB  WT  UC- UC  
[    0.000000] found SMP MP-table at [mem 0x0009fff0-0x0009ffff] mapped at [ffff88000009fff0]
[    0.000000] Scanning 1 areas for low memory corruption
[    0.000000] RAMDISK: [mem 0x362fa000-0x37174fff]
[    0.000000] ACPI: Early table checksum verification disabled
[    0.000000] ACPI: RSDP 0x00000000000E0000 000024 (v02 VBOX  )
[    0.000000] ACPI: XSDT 0x000000003FFF0030 00003C (v01 VBOX   VBOXXSDT 00000001 ASL  00000061)
[    0.000000] ACPI: FACP 0x000000003FFF00F0 0000F4 (v04 VBOX   VBOXFACP 00000001 ASL  00000061)
[    0.000000] ACPI: DSDT 0x000000003FFF0470 0021FF (v02 VBOX   VBOXBIOS 00000002 INTL 20160108)
[    0.000000] ACPI: FACS 0x000000003FFF0200 000040
[    0.000000] ACPI: FACS 0x000000003FFF0200 000040
[    0.000000] ACPI: APIC 0x000000003FFF0240 00005C (v02 VBOX   VBOXAPIC 00000001 ASL  00000061)
[    0.000000] ACPI: SSDT 0x000000003FFF02A0 0001CC (v01 VBOX   VBOXCPUT 00000002 INTL 20160108)
[    0.000000] No NUMA configuration found
[    0.000000] Faking a node at [mem 0x0000000000000000-0x000000003ffeffff]
[    0.000000] NODE_DATA(0) allocated [mem 0x3ffeb000-0x3ffeffff]
[    0.000000] kvm-clock: Using msrs 4b564d01 and 4b564d00
[    0.000000] kvm-clock: cpu 0, msr 0:3ffe3001, primary cpu clock
[    0.000000] kvm-clock: using sched offset of 3399529740 cycles
[    0.000000] clocksource: kvm-clock: mask: 0xffffffffffffffff max_cycles: 0x1cd42e4dffb, max_idle_ns: 881590591483 ns
[    0.000000] Zone ranges:
[    0.000000]   DMA      [mem 0x0000000000001000-0x0000000000ffffff]
[    0.000000]   DMA32    [mem 0x0000000001000000-0x000000003ffeffff]
[    0.000000]   Normal   empty
[    0.000000]   Device   empty
[    0.000000] Movable zone start for each node
[    0.000000] Early memory node ranges
[    0.000000]   node   0: [mem 0x0000000000001000-0x000000000009efff]
[    0.000000]   node   0: [mem 0x0000000000100000-0x000000003ffeffff]
[    0.000000] Initmem setup node 0 [mem 0x0000000000001000-0x000000003ffeffff]
[    0.000000] ACPI: PM-Timer IO Port: 0x4008
[    0.000000] IOAPIC[0]: apic_id 2, version 32, address 0xfec00000, GSI 0-23
[    0.000000] ACPI: INT_SRC_OVR (bus 0 bus_irq 0 global_irq 2 dfl dfl)
[    0.000000] ACPI: INT_SRC_OVR (bus 0 bus_irq 9 global_irq 9 high level)
[    0.000000] Using ACPI (MADT) for SMP configuration information
[    0.000000] smpboot: Allowing 2 CPUs, 0 hotplug CPUs
[    0.000000] PM: Registered nosave memory: [mem 0x00000000-0x00000fff]
[    0.000000] PM: Registered nosave memory: [mem 0x0009f000-0x0009ffff]
[    0.000000] PM: Registered nosave memory: [mem 0x000a0000-0x000effff]
[    0.000000] PM: Registered nosave memory: [mem 0x000f0000-0x000fffff]
[    0.000000] e820: [mem 0x40000000-0xfebfffff] available for PCI devices
[    0.000000] Booting paravirtualized kernel on KVM
[    0.000000] clocksource: refined-jiffies: mask: 0xffffffff max_cycles: 0xffffffff, max_idle_ns: 7645519600211568 ns
[    0.000000] setup_percpu: NR_CPUS:512 nr_cpumask_bits:512 nr_cpu_ids:2 nr_node_ids:1
[    0.000000] PERCPU: Embedded 34 pages/cpu @ffff88003fc00000 s99480 r8192 d31592 u1048576
[    0.000000] Built 1 zonelists in Node order, mobility grouping on.  Total pages: 257912
[    0.000000] Policy zone: DMA32
[    0.000000] Kernel command line: BOOT_IMAGE=/boot/vmlinuz-4.4.0-154-generic root=LABEL=cloudimg-rootfs ro console=tty1 console=ttyS0
[    0.000000] PID hash table entries: 4096 (order: 3, 32768 bytes)
[    0.000000] Memory: 997732K/1048120K available (8613K kernel code, 1335K rwdata, 4028K rodata, 1484K init, 1284K bss, 50388K reserved, 0K cma-reserved)
[    0.000000] SLUB: HWalign=64, Order=0-3, MinObjects=0, CPUs=2, Nodes=1
[    0.000000] Kernel/User page tables isolation: enabled
[    0.000000] Hierarchical RCU implementation.
[    0.000000] 	Build-time adjustment of leaf fanout to 64.
[    0.000000] 	RCU restricting CPUs from NR_CPUS=512 to nr_cpu_ids=2.
[    0.000000] RCU: Adjusting geometry for rcu_fanout_leaf=64, nr_cpu_ids=2
[    0.000000] NR_IRQS:33024 nr_irqs:440 16
[    0.000000] Console: colour VGA+ 80x25
[    0.000000] console [tty1] enabled
[    0.000000] console [ttyS0] enabled
[    0.000000] tsc: Detected 3092.962 MHz processor
[    0.176309] Calibrating delay loop (skipped) preset value.. 6185.92 BogoMIPS (lpj=12371848)
[    0.178831] pid_max: default: 32768 minimum: 301
[    0.179640] ACPI: Core revision 20150930
[    0.181268] ACPI: 2 ACPI AML tables successfully acquired and loaded
[    0.182397] Security Framework initialized
[    0.183175] Yama: becoming mindful.
[    0.183863] AppArmor: AppArmor initialized
[    0.184658] Dentry cache hash table entries: 131072 (order: 8, 1048576 bytes)
[    0.186440] Inode-cache hash table entries: 65536 (order: 7, 524288 bytes)
[    0.203278] Mount-cache hash table entries: 2048 (order: 2, 16384 bytes)
[    0.204337] Mountpoint-cache hash table entries: 2048 (order: 2, 16384 bytes)
[    0.205550] Initializing cgroup subsys io
[    0.206266] Initializing cgroup subsys memory
[    0.207023] Initializing cgroup subsys devices
[    0.207796] Initializing cgroup subsys freezer
[    0.208560] Initializing cgroup subsys net_cls
[    0.209319] Initializing cgroup subsys perf_event
[    0.210106] Initializing cgroup subsys net_prio
[    0.210873] Initializing cgroup subsys hugetlb
[    0.222832] Initializing cgroup subsys pids
[    0.223644] mce: CPU supports 0 MCE banks
[    0.224378] Last level iTLB entries: 4KB 512, 2MB 8, 4MB 8
[    0.225258] Last level dTLB entries: 4KB 512, 2MB 32, 4MB 32, 1GB 0
[    0.226226] Spectre V2 : Mitigation: Full generic retpoline
[    0.227118] Spectre V2 : Spectre v2 / SpectreRSB mitigation: Filling RSB on context switch
[    0.228559] Speculative Store Bypass: Vulnerable
[    0.229434] MDS: Vulnerable: Clear CPU buffers attempted, no microcode
[    0.233127] Freeing SMP alternatives memory: 36K
[    0.239306] ftrace: allocating 32299 entries in 127 pages
[    0.297185] smpboot: APIC(0) Converting physical 0 to logical package 0
[    0.348160] smpboot: Max logical packages: 1
[    0.349173] x2apic enabled
[    0.349992] Switched APIC routing to physical x2apic.
[    0.351920] ..TIMER: vector=0x30 apic1=0 pin1=2 apic2=-1 pin2=-1
[    0.459501] smpboot: CPU0: Intel(R) Core(TM) i3-2100 CPU @ 3.10GHz (family: 0x6, model: 0x2a, stepping: 0x7)
[    0.497000] Performance Events: unsupported p6 CPU model 42 no PMU driver, software events only.
[    0.508685] KVM setup paravirtual spinlock
[    0.515414] x86: Booting SMP configuration:
[    0.550919] .... node  #0, CPUs:      #1
[    0.551738] kvm-clock: cpu 1, msr 0:3ffe3041, secondary cpu clock
[    0.552739] mce: CPU supports 0 MCE banks
[    0.555360] x86: Booted up 1 node, 2 CPUs
[    0.585271] smpboot: Total of 2 processors activated (12371.84 BogoMIPS)
[    0.646821] devtmpfs: initialized
[    0.658518] evm: security.selinux
[    0.659163] evm: security.SMACK64
[    0.659809] evm: security.SMACK64EXEC
[    0.660473] evm: security.SMACK64TRANSMUTE
[    0.661187] evm: security.SMACK64MMAP
[    0.661849] evm: security.ima
[    0.662434] evm: security.capability
[    0.663268] clocksource: jiffies: mask: 0xffffffff max_cycles: 0xffffffff, max_idle_ns: 7645041785100000 ns
[    0.664867] futex hash table entries: 512 (order: 3, 32768 bytes)
[    0.665942] pinctrl core: initialized pinctrl subsystem
[    0.666898] RTC time: 16:56:00, date: 08/22/19
[    0.667822] NET: Registered protocol family 16
[    0.679854] cpuidle: using governor ladder
[    0.707976] cpuidle: using governor menu
[    0.753238] PCCT header not found.
[    0.798670] ACPI: bus type PCI registered
[    0.834236] acpiphp: ACPI Hot Plug PCI Controller Driver version: 0.5
[    0.841619] PCI: Using configuration type 1 for base access
[    0.852706] ACPI: Added _OSI(Module Device)
[    0.897858] ACPI: Added _OSI(Processor Device)
[    0.923637] ACPI: Added _OSI(3.0 _SCP Extensions)
[    0.924415] ACPI: Added _OSI(Processor Aggregator Device)
[    0.925936] ACPI: Executed 1 blocks of module-level executable AML code
[    0.928903] ACPI: Interpreter enabled
[    0.929579] ACPI: (supports S0 S5)
[    0.930210] ACPI: Using IOAPIC for interrupt routing
[    0.931169] PCI: Using host bridge windows from ACPI; if necessary, use "pci=nocrs" and report a bug
[    0.936011] ACPI: PCI Root Bridge [PCI0] (domain 0000 [bus 00-ff])
[    0.945723] acpi PNP0A03:00: _OSC: OS supports [ASPM ClockPM Segments MSI]
[    0.960465] acpi PNP0A03:00: _OSC: not requesting OS control; OS requires [ExtendedConfig ASPM ClockPM MSI]
[    0.962016] acpi PNP0A03:00: fail to add MMCONFIG information, can't access extended PCI configuration space under this bridge.
[    0.964016] PCI host bridge to bus 0000:00
[    0.964732] pci_bus 0000:00: root bus resource [io  0x0000-0x0cf7 window]
[    0.965743] pci_bus 0000:00: root bus resource [io  0x0d00-0xffff window]
[    0.966804] pci_bus 0000:00: root bus resource [mem 0x000a0000-0x000bffff window]
[    0.968103] pci_bus 0000:00: root bus resource [mem 0x40000000-0xffdfffff window]
[    0.969382] pci_bus 0000:00: root bus resource [bus 00-ff]
[    0.971664] pci 0000:00:01.1: legacy IDE quirk: reg 0x10: [io  0x01f0-0x01f7]
[    0.972720] pci 0000:00:01.1: legacy IDE quirk: reg 0x14: [io  0x03f6]
[    0.973706] pci 0000:00:01.1: legacy IDE quirk: reg 0x18: [io  0x0170-0x0177]
[    0.974759] pci 0000:00:01.1: legacy IDE quirk: reg 0x1c: [io  0x0376]
[    0.995556] pci 0000:00:07.0: quirk: [io  0x4000-0x403f] claimed by PIIX4 ACPI
[    1.029587] pci 0000:00:07.0: quirk: [io  0x4100-0x410f] claimed by PIIX4 SMB
[    1.037295] ACPI: PCI Interrupt Link [LNKA] (IRQs 5 9 10 *11)
[    1.052285] ACPI: PCI Interrupt Link [LNKB] (IRQs 5 9 10 *11)
[    1.066584] ACPI: PCI Interrupt Link [LNKC] (IRQs 5 9 *10 11)
[    1.104114] ACPI: PCI Interrupt Link [LNKD] (IRQs 5 *9 10 11)
[    1.115501] ACPI: Enabled 2 GPEs in block 00 to 07
[    1.116737] vgaarb: setting as boot device: PCI:0000:00:02.0
[    1.117623] vgaarb: device added: PCI:0000:00:02.0,decodes=io+mem,owns=io+mem,locks=none
[    1.125841] vgaarb: loaded
[    1.128156] vgaarb: bridge control possible 0000:00:02.0
[    1.129323] SCSI subsystem initialized
[    1.130196] ACPI: bus type USB registered
[    1.130935] usbcore: registered new interface driver usbfs
[    1.131813] usbcore: registered new interface driver hub
[    1.132690] usbcore: registered new device driver usb
[    1.133729] PCI: Using ACPI for IRQ routing
[    1.134710] NetLabel: Initializing
[    1.135356] NetLabel:  domain hash size = 128
[    1.136132] NetLabel:  protocols = UNLABELED CIPSOv4
[    1.137442] NetLabel:  unlabeled traffic allowed by default
[    1.156779] amd_nb: Cannot enumerate AMD northbridges
[    1.157646] clocksource: Switched to clocksource kvm-clock
[    1.165218] AppArmor: AppArmor Filesystem Enabled
[    1.180796] pnp: PnP ACPI init
[    1.182123] pnp: PnP ACPI: found 3 devices
[    1.191933] clocksource: acpi_pm: mask: 0xffffff max_cycles: 0xffffff, max_idle_ns: 2085701024 ns
[    1.276823] NET: Registered protocol family 2
[    1.277776] TCP established hash table entries: 8192 (order: 4, 65536 bytes)
[    1.278841] TCP bind hash table entries: 8192 (order: 5, 131072 bytes)
[    1.279853] TCP: Hash tables configured (established 8192 bind 8192)
[    1.280828] UDP hash table entries: 512 (order: 2, 16384 bytes)
[    1.281755] UDP-Lite hash table entries: 512 (order: 2, 16384 bytes)
[    1.282752] NET: Registered protocol family 1
[    1.300913] pci 0000:00:00.0: Limiting direct PCI/PCI transfers
[    1.301881] pci 0000:00:01.0: Activating ISA DMA hang workarounds
[    1.302981] Unpacking initramfs...
[    1.516331] Freeing initrd memory: 14828K
[    1.536922] RAPL PMU detected, API unit is 2^-32 Joules, 3 fixed counters 10737418240 ms ovfl timer
[    1.538879] hw unit of domain pp0-core 2^-0 Joules
[    1.544791] hw unit of domain package 2^-0 Joules
[    1.545813] hw unit of domain pp1-gpu 2^-0 Joules
[    1.546864] clocksource: tsc: mask: 0xffffffffffffffff max_cycles: 0x2c954f1e096, max_idle_ns: 440795235029 ns
[    1.548989] platform rtc_cmos: registered platform RTC device (no PNP device found)
[    1.550746] Scanning for low memory corruption every 60 seconds
[    1.552398] audit: initializing netlink subsys (disabled)
[    1.553555] audit: type=2000 audit(1566492964.902:1): initialized
[    1.555124] Initialise system trusted keyring
[    1.556296] HugeTLB registered 2 MB page size, pre-allocated 0 pages
[    1.558940] zbud: loaded
[    1.559985] VFS: Disk quotas dquot_6.6.0
[    1.560919] VFS: Dquot-cache hash table entries: 512 (order 0, 4096 bytes)
[    1.562565] squashfs: version 4.0 (2009/01/31) Phillip Lougher
[    1.564091] fuse init (API version 7.23)
[    1.565109] Key type big_key registered
[    1.566028] Allocating IMA MOK and blacklist keyrings.
[    1.568308] Key type asymmetric registered
[    1.571597] Asymmetric key parser 'x509' registered
[    1.572682] Block layer SCSI generic (bsg) driver version 0.4 loaded (major 249)
[    1.574448] io scheduler noop registered
[    1.575350] io scheduler deadline registered (default)
[    1.579965] io scheduler cfq registered
[    1.580950] pci_hotplug: PCI Hot Plug PCI Core version: 0.5
[    1.582149] pciehp: PCI Express Hot Plug Controller Driver version: 0.4
[    1.583613] ACPI: AC Adapter [AC] (on-line)
[    1.584627] input: Power Button as /devices/LNXSYSTM:00/LNXPWRBN:00/input/input0
[    1.586323] ACPI: Power Button [PWRF]
[    1.587260] input: Sleep Button as /devices/LNXSYSTM:00/LNXSLPBN:00/input/input1
[    1.588909] ACPI: Sleep Button [SLPF]
[    1.590005] GHES: HEST is not enabled!
[    1.590987] Serial: 8250/16550 driver, 32 ports, IRQ sharing enabled
[    1.613913] 00:02: ttyS0 at I/O 0x3f8 (irq = 4, base_baud = 115200) is a 16550A
[    1.616758] Linux agpgart interface v0.103
[    1.619413] loop: module loaded
[    1.624683] scsi host0: ata_piix
[    1.625658] scsi host1: ata_piix
[    1.626501] ata1: PATA max UDMA/33 cmd 0x1f0 ctl 0x3f6 bmdma 0xd000 irq 14
[    1.631948] ata2: PATA max UDMA/33 cmd 0x170 ctl 0x376 bmdma 0xd008 irq 15
[    1.633441] libphy: Fixed MDIO Bus: probed
[    1.636443] tun: Universal TUN/TAP device driver, 1.6
[    1.637521] tun: (C) 1999-2004 Max Krasnyansky <maxk@qualcomm.com>
[    1.638858] PPP generic driver version 2.4.2
[    1.639878] ehci_hcd: USB 2.0 'Enhanced' Host Controller (EHCI) Driver
[    1.641197] ehci-pci: EHCI PCI platform driver
[    1.642222] ehci-platform: EHCI generic platform driver
[    1.646358] ohci_hcd: USB 1.1 'Open' Host Controller (OHCI) Driver
[    1.647629] ohci-pci: OHCI PCI platform driver
[    1.648613] ohci-platform: OHCI generic platform driver
[    1.649726] uhci_hcd: USB Universal Host Controller Interface driver
[    1.651120] i8042: PNP: PS/2 Controller [PNP0303:PS2K,PNP0f03:PS2M] at 0x60,0x64 irq 1,12
[    1.653399] serio: i8042 KBD port at 0x60,0x64 irq 1
[    1.654497] serio: i8042 AUX port at 0x60,0x64 irq 12
[    1.655830] mousedev: PS/2 mouse device common for all mice
[    1.657444] rtc_cmos rtc_cmos: rtc core: registered rtc_cmos as rtc0
[    1.658832] input: AT Translated Set 2 keyboard as /devices/platform/i8042/serio0/input/input2
[    1.660780] rtc_cmos rtc_cmos: alarms up to one day, 114 bytes nvram
[    1.662192] i2c /dev entries driver
[    1.663072] device-mapper: uevent: version 1.0.3
[    1.664138] device-mapper: ioctl: 4.34.0-ioctl (2015-10-28) initialised: dm-devel@redhat.com
[    1.666002] ledtrig-cpu: registered to indicate activity on CPUs
[    1.667708] NET: Registered protocol family 10
[    1.668944] NET: Registered protocol family 17
[    1.669935] Key type dns_resolver registered
[    1.671158] registered taskstats version 1
[    1.672101] Loading compiled-in X.509 certificates
[    1.673874] Loaded X.509 cert 'Build time autogenerated kernel key: 65139e04a67245b562a838c28b5e7032abdd4348'
[    1.676007] zswap: loaded using pool lzo/zbud
[    1.679377] Key type trusted registered
[    1.688133] Key type encrypted registered
[    1.691734] AppArmor: AppArmor sha1 policy hashing enabled
[    1.692884] ima: No TPM chip found, activating TPM-bypass!
[    1.694063] ima: Allocated hash algorithm: sha1
[    1.695076] evm: HMAC attrs: 0x1
[    1.696169]   Magic number: 15:254:945
[    1.697057] tty tty2: hash matches
[    1.697870] processor cpu0: hash matches
[    1.698881] rtc_cmos rtc_cmos: setting system clock to 2019-08-22 16:56:01 UTC (1566492961)
[    1.700852] BIOS EDD facility v0.16 2004-Jun-25, 0 devices found
[    1.702104] EDD information not available.
[    1.791038] Freeing unused kernel memory: 1484K
[    1.956355] Write protecting the kernel read-only data: 14336k
[    2.186945] Freeing unused kernel memory: 1616K
[    2.226853] Freeing unused kernel memory: 68K
Loading, please wait...
starting version[    2.267180] random: systemd-udevd: uninitialized urandom read (16 bytes read, 2 bits of entropy available)
 229
[    2.268049] random: udevadm: uninitialized urandom read (16 bytes read, 2 bits of entropy available)
[    2.268085] random: udevadm: uninitialized urandom read (16 bytes read, 2 bits of entropy available)
[    2.283382] random: udevadm: uninitialized urandom read (16 bytes read, 2 bits of entropy available)
[    2.283445] random: udevadm: uninitialized urandom read (16 bytes read, 2 bits of entropy available)
[    2.283668] random: udevadm: uninitialized urandom read (16 bytes read, 2 bits of entropy available)
[    2.283754] random: udevadm: uninitialized urandom read (16 bytes read, 2 bits of entropy available)
[    2.283844] random: udevadm: uninitialized urandom read (16 bytes read, 2 bits of entropy available)
[    2.283935] random: udevadm: uninitialized urandom read (16 bytes read, 2 bits of entropy available)
[    2.284020] random: udevadm: uninitialized urandom read (16 bytes read, 2 bits of entropy available)
[    2.368023] e1000: Intel(R) PRO/1000 Network Driver - version 7.3.21-k8-NAPI
[    2.386981] e1000: Copyright (c) 1999-2006 Intel Corporation.
[    2.399536] Fusion MPT base driver 3.04.20
[    2.443960] Copyright (c) 1999-2008 LSI Corporation
[    2.466113] Fusion MPT SPI Host driver 3.04.20
[    2.682091] input: ImExPS/2 Generic Explorer Mouse as /devices/platform/i8042/serio1/input/input4
[    2.777995] e1000 0000:00:03.0 eth0: (PCI:33MHz:32-bit) 02:1e:e5:6d:71:21
[    2.806252] e1000 0000:00:03.0 eth0: Intel(R) PRO/1000 Network Connection
[    2.808796] e1000 0000:00:03.0 enp0s3: renamed from eth0
[    2.810772] mptbase: ioc0: Initiating bringup
[    2.894035] ioc0: LSI53C1030 A0: Capabilities={Initiator}
[    3.061042] scsi host2: ioc0: LSI53C1030 A0, FwRev=00000000h, Ports=1, MaxQ=256, IRQ=20
[    3.178248] scsi 2:0:0:0: Direct-Access     VBOX     HARDDISK         1.0  PQ: 0 ANSI: 5
[    3.236568] scsi target2:0:0: Beginning Domain Validation
[    3.271937] scsi target2:0:0: Domain Validation skipping write tests
[    3.276020] scsi target2:0:0: Ending Domain Validation
[    3.286607] scsi target2:0:0: asynchronous
[    3.287942] scsi 2:0:1:0: Direct-Access     VBOX     HARDDISK         1.0  PQ: 0 ANSI: 5
[    3.289613] scsi target2:0:1: Beginning Domain Validation
[    3.291523] scsi target2:0:1: Domain Validation skipping write tests
[    3.304597] scsi target2:0:1: Ending Domain Validation
[    3.343064] scsi target2:0:1: asynchronous
[    3.358403] sd 2:0:0:0: Attached scsi generic sg0 type 0
[    3.373247] sd 2:0:0:0: [sda] 20971520 512-byte logical blocks: (10.7 GB/10.0 GiB)
[    3.375280] sd 2:0:1:0: [sdb] 20480 512-byte logical blocks: (10.5 MB/10.0 MiB)
[    3.377741] sd 2:0:0:0: [sda] Write Protect is off
[    3.377850] sd 2:0:1:0: [sdb] Write Protect is off
[    3.377920] sd 2:0:1:0: [sdb] Incomplete mode parameter data
[    3.377921] sd 2:0:1:0: [sdb] Assuming drive cache: write through
[    3.386216] sd 2:0:1:0: Attached scsi generic sg1 type 0
[    3.400510] sd 2:0:0:0: [sda] Incomplete mode parameter data
[    3.401707] sd 2:0:0:0: [sda] Assuming drive cache: write through
[    3.424978]  sda: sda1
[    3.425852] sd 2:0:1:0: [sdb] Attached SCSI disk
[    3.448124] sd 2:0:0:0: [sda] Attached SCSI disk
Begin: Loading e[    4.911120] md: linear personality registered for level -1
ssential drivers[    5.078089] md: multipath personality registered for level -4
 ... [    5.168194] md: raid0 personality registered for level 0
[    5.174606] md: raid1 personality registered for level 1
[    5.491093] raid6: sse2x1   gen()  7445 MB/s
[    5.594725] raid6: sse2x1   xor()  6374 MB/s
[    5.685845] raid6: sse2x2   gen() 10991 MB/s
[    5.895817] raid6: sse2x2   xor()  8010 MB/s
[    5.985842] raid6: sse2x4   gen() 11894 MB/s
[    6.122034] raid6: sse2x4   xor()  8933 MB/s
[    6.166528] raid6: using algorithm sse2x4 gen() 11894 MB/s
[    6.167406] raid6: .... xor() 8933 MB/s, rmw enabled
[    6.168219] raid6: using ssse3x2 recovery algorithm
[    6.170691] xor: automatically using best checksumming function:
[    6.213668]    avx       : 19699.000 MB/sec
[    6.219218] async_tx: api initialized (async)
[    6.235213] md: raid6 personality registered for level 6
[    6.252563] md: raid5 personality registered for level 5
[    6.253420] md: raid4 personality registered for level 4
[    6.261881] md: raid10 personality registered for level 10
done.
Begin: Running /scripts/init-premount ... done.
Begin: Mounting root file system ... Begin: Running /scripts/local-top ... done.
Begin: Running /scripts/local-premount ... [    6.304833] Btrfs loaded
Scanning for Btrfs filesystems
done.
Warning: fsck not present, so skipping root file system
[    6.407626] EXT4-fs (sda1): mounted filesystem with ordered data mode. Opts: (null)
done.
Begin: Running /scripts/local-bottom ... done.
Begin: Running /scripts/init-bottom ... done.
[    6.835217] systemd[1]: systemd 229 running in system mode. (+PAM +AUDIT +SELINUX +IMA +APPARMOR +SMACK +SYSVINIT +UTMP +LIBCRYPTSETUP +GCRYPT +GNUTLS +ACL +XZ -LZ4 +SECCOMP +BLKID +ELFUTILS +KMOD -IDN)
[    6.849651] systemd[1]: Detected virtualization oracle.
[    6.850900] systemd[1]: Detected architecture x86-64.

Welcome to [1mUbuntu 16.04.6 LTS[0m!

[    6.874230] systemd[1]: Set hostname to <ubuntu>.
[    6.887041] systemd[1]: Initializing machine ID from random generator.
[    6.966735] systemd[1]: Installed transient /etc/machine-id file.
[    7.365809] random: nonblocking pool is initialized
[    7.580255] systemd[1]: Listening on LVM2 metadata daemon socket.
[[0;32m  OK  [0m] Listening on LVM2 metadata daemon socket.
[    7.602012] systemd[1]: Listening on Device-mapper event daemon FIFOs.
[[0;32m  OK  [0m] Listening on Device-mapper event daemon FIFOs.
[    7.608542] systemd[1]: Started Forward Password Requests to Wall Directory Watch.
[[0;32m  OK  [0m] Started Forward Password Requests to Wall Directory Watch.
[    7.626441] systemd[1]: Listening on Journal Audit Socket.
[[0;32m  OK  [0m] Listening on Journal Audit Socket.
[    7.647726] systemd[1]: Listening on Journal Socket.
[[0;32m  OK  [0m] Listening on Journal Socket.
[    7.649707] systemd[1]: Reached target Encrypted Volumes.
[[0;32m  OK  [0m] Reached target Encrypted Volumes.
[    7.652092] systemd[1]: Set up automount Arbitrary Executable File Formats File System Automount Point.
[[0;32m  OK  [0m] Set up automount Arbitrary Executab...ats File System Automount Point.
[    7.655453] systemd[1]: Started Trigger resolvconf update for networkd DNS.
[[0;32m  OK  [0m] Started Trigger resolvconf update for networkd DNS.
[    7.658374] systemd[1]: Created slice User and Session Slice.
[[0;32m  OK  [0m] Created slice User and Session Slice.
[    7.664113] systemd[1]: Created slice System Slice.
[[0;32m  OK  [0m] Created slice System Slice.
[    7.677856] systemd[1]: Mounting Huge Pages File System...
         Mounting Huge Pages File System...
[    7.838442] systemd[1]: Mounting POSIX Message Queue File System...
         Mounting POSIX Message Queue File System...
[    7.842139] systemd[1]: Starting Uncomplicated firewall...
         Starting Uncomplicated firewall...
[    7.847515] systemd[1]: Reached target Slices.
[[0;32m  OK  [0m] Reached target Slices.
[    7.852244] systemd[1]: Created slice system-serial\x2dgetty.slice.
[[0;32m  OK  [0m] Created slice system-serial\x2dgetty.slice.
[    7.881967] systemd[1]: Starting Remount Root and Kernel File Systems...
[    7.890599] EXT4-fs (sda1): re-mounted. Opts: (null)
         Starting Remount Root and Kernel File Systems...
[    8.399743] systemd[1]: Starting Set console keymap...
         Starting Set console keymap...
[    8.402135] systemd[1]: Listening on LVM2 poll daemon socket.
[[0;32m  OK  [0m] Listening on LVM2 poll daemon socket.
[    8.405182] systemd[1]: Starting Create list of required static device nodes for the current kernel...
         Starting Create list of required st... nodes for the current kernel...
[    8.548024] systemd[1]: Reached target User and Group Name Lookups.
[[0;32m  OK  [0m] Reached target User and Group Name Lookups.
[    8.550032] systemd[1]: Reached target System Time Synchronized.
[[0;32m  OK  [0m] Reached target System Time Synchronized.
[    8.552897] systemd[1]: Starting Nameserver information manager...
         Starting Nameserver information manager...
[    8.555520] systemd[1]: Listening on Journal Socket (/dev/log).
[[0;32m  OK  [0m] Listening on Journal Socket (/dev/log).
[    8.557957] systemd[1]: Reached target Swap.
[[0;32m  OK  [0m] Reached target Swap.
[    8.678029] systemd[1]: Starting Load Kernel Modules...
         Starting Load Kernel Modules...
[    8.716158] systemd[1]: Mounting Debug File System...
         Mounting Debug File System...
[    8.727210] systemd[1]: Listening on /dev/initctl Compatibility Named Pipe.
[[0;32m  OK  [0m] Listening on /dev/initctl Compatibility Named Pipe.
[    8.729910] systemd[1]: Listening on udev Control Socket.
[[0;32m  OK  [0m] Listening on udev Control Socket.
[    8.731999] systemd[1]: Listening on udev Kernel Socket.
[[0;32m  OK  [0m] Listening on udev Kernel Socket.
[    8.736081] systemd[1]: Starting Monitoring of LVM2 mirrors, snapshots etc. using dmeventd or progress polling...
         Starting Monitoring of LVM2 mirrors... dmeventd or progress polling...
[    8.753447] systemd[1]: Listening on Syslog Socket.
[[0;32m  OK  [0m] Listening on Syslog Socket.
[    8.756303] systemd[1]: Starting Journal Service...
         Starting Journal Service...
[    8.763889] systemd[1]: Mounted POSIX Message Queue File System.
[[0;32m  OK  [0m] Mounted POSIX Message Queue File System.
[    8.769848] systemd[1]: Mounted Huge Pages File System.
[[0;32m  OK  [0m] Mounted Huge Pages File System.
[    8.772127] systemd[1]: Mounted Debug File System.
[[0;32m  OK  [0m] Mounted Debug File System.
[    8.787635] systemd[1]: Started Uncomplicated firewall.
[[0;32m  OK  [0m] Started Uncomplicated firewall.
[    8.796167] systemd[1]: Started Remount Root and Kernel File Systems.
[[0;32m  OK  [0m] Started Remount Root and Kernel File Systems.
[    8.808604] systemd[1]: Started Create list of required static device nodes for the current kernel.
[    8.811975] Loading iSCSI transport class v2.0-870.
[[0;32m  OK  [0m] Started Create list of required sta...ce nodes for the current kernel.
[    8.869957] systemd[1]: Starting Create Static Device Nodes in /dev...
[    8.994985] iscsi: registered transport (tcp)
         Starting Create Static Device Nodes in /dev...
[    9.114021] systemd[1]: Starting udev Coldplug all Devices...
         Starting udev Coldplug all Devices...
[    9.124544] systemd[1]: Starting Load/Save Random Seed...
         Starting Load/Save Random Seed...
[    9.144872] systemd[1]: Started Journal Service.
[[0;32m  OK  [0m] Started Journal Service.
[[0;32m  OK  [0m] Started Set console keymap.
[[0;32m  OK  [0m] Started Nameserver information manager.
[[0;32m  OK  [0m] Started Create Static Device Nodes in /dev.
[[0;32m  OK  [0m] Started Load/Save Random Seed.
[    9.198773] iscsi: registered transport (iser)
[[0;32m  OK  [0m] Started LVM2 metadata daemon.
         Starting udev Kernel Device Manager...
         Starting Flush Journal to Persistent Storage...
[[0;32m  OK  [0m] Started Load Kernel Modules.
[[0;32m  OK  [0m] Started udev Coldplug all Devices.
         Mounting FUSE Control File System...
         Starting Apply Kernel Variables...
[[0;32m  OK  [0m] Mounted FUSE Control File System.
[    9.281585] systemd-journald[383]: Received request to flush runtime journal from PID 1
[[0;32m  OK  [0m] Started Flush Journal to Persistent Storage.
[[0;32m  OK  [0m] Started Apply Kernel Variables.
[[0;32m  OK  [0m] Started udev Kernel Device Manager.
[[0;32m  OK  [0m] Started Dispatch Password Requests to Console Directory Watch.
[[0;32m  OK  [0m] Found device /dev/ttyS0.
[[0;32m  OK  [0m] Started Monitoring of LVM2 mirrors,...ng dmeventd or progress polling.
[[0;32m  OK  [0m] Reached target Local File Systems (Pre).
[[0;32m  OK  [0m] Reached target Local File Systems.
         Starting Tell Plymouth To Write Out Runtime Data...
         Starting Commit a transient machine-id on disk...
         Starting Initial cloud-init job (pre-networking)...
         Starting Create Volatile Files and Directories...
         Starting Set console font and keymap...
         Starting LSB: AppArmor initialization...
[[0;32m  OK  [0m] Started Tell Plymouth To Write Out Runtime Data.
[[0;32m  OK  [0m] Started Commit a transient machine-id on disk.
[[0;32m  OK  [0m] Started Create Volatile Files and Directories.
[[0;32m  OK  [0m] Listening on Load/Save RF Kill Switch Status /dev/rfkill Watch.
         Starting Update UTMP about System Boot/Shutdown...
[[0;32m  OK  [0m] Started Update UTMP about System Boot/Shutdown.
[[0;32m  OK  [0m] Started LSB: AppArmor initialization.
[[0;32m  OK  [0m] Started Set console font and keymap.
[[0;32m  OK  [0m] Created slice system-getty.slice.
[   12.796222] cloud-init[500]: Cloud-init v. 19.1-1-gbaa47854-0ubuntu1~16.04.1 running 'init-local' at Thu, 22 Aug 2019 16:56:12 +0000. Up 12.25 seconds.
[[0;32m  OK  [0m] Started Initial cloud-init job (pre-networking).
[[0;32m  OK  [0m] Reached target Network (Pre).
         Starting Raise network interfaces...
[[0;32m  OK  [0m] Started Raise network interfaces.
[[0;32m  OK  [0m] Reached target Network.
         Starting Initial cloud-init job (metadata service crawler)...
[   14.989977] cloud-init[940]: Cloud-init v. 19.1-1-gbaa47854-0ubuntu1~16.04.1 running 'init' at Thu, 22 Aug 2019 16:56:14 +0000. Up 13.75 seconds.
[   15.096617] cloud-init[940]: ci-info: ++++++++++++++++++++++++++++++++++++++Net device info++++++++++++++++++++++++++++++++++++++
[   15.097072] cloud-init[940]: ci-info: +--------+------+----------------------------+---------------+--------+-------------------+
[[0;32m  OK  [0m] Started Initial cloud-init job (metadata service crawler).
[   15.097750] cloud-init[940]: ci-info: | Device |  Up  |          Address           |      Mask     | Scope  |     Hw-Address    |
[   15.265753] cloud-init[940]: ci-info: +--------+------+----------------------------+---------------+--------+-------------------+
[   15.269108] cloud-init[940]: ci-info: | enp0s3 | True |         10.0.2.15          | 255.255.255.0 | global | 02:1e:e5:6d:71:21 |
[[0;32m  OK  [0m[   15.272318] cloud-init[940]: ci-info: | enp0s3 | True | fe80::1e:e5ff:fe6d:7121/64 |       .       |  link  | 02:1e:e5:6d:71:21 |
[   15.273767] cloud-init[940]: ci-info: |   lo   | True |         127.0.0.1          |   255.0.0.0   |  host  |         .         |
[   15.274337] cloud-init[940]: ci-info: |   lo   | True |          ::1/128           |       .       |  host  |         .         |
[   15.274901] cloud-init[940]: ci-info: +--------+------+----------------------------+---------------+--------+-------------------+
[   15.275474] cloud-init[940]: ci-info: +++++++++++++++++++++++++++Route IPv4 info++++++++++++++++++++++++++++
[   15.276109] cloud-init[940]: ci-info: +-------+-------------+----------+---------------+-----------+-------+
[   15.276626] cloud-init[940]: ci-info: | Route | Destination | Gateway  |    Genmask    | Interface | Flags |
[   15.277216] cloud-init[940]: ci-info: +-------+-------------+----------+---------------+-----------+-------+
[   15.277799] cloud-init[940]: ci-info: |   0   |   0.0.0.0   | 10.0.2.2 |    0.0.0.0    |   enp0s3  |   UG  |
[   15.278365] cloud-init[940]: ci-info: |   1   |   10.0.2.0  | 0.0.0.0  | 255.255.255.0 |   enp0s3  |   U   |
[   15.278940] cloud-init[940]: ci-info: +-------+-------------+----------+---------------+-----------+-------+
[   15.279507] cloud-init[940]: ci-info: +++++++++++++++++++Route IPv6 info+++++++++++++++++++
[   15.280140] cloud-init[940]: ci-info: +-------+-------------+---------+-----------+-------+
[   15.280674] cloud-init[940]: ci-info: | Route | Destination | Gateway | Interface | Flags |
[   15.281250] cloud-init[940]: ci-info: +-------+-------------+---------+-----------+-------+
[   15.281789] cloud-init[940]: ci-info: |   0   |  fe80::/64  |    ::   |   enp0s3  |   U   |
[   15.282336] cloud-init[940]: ci-info: |   3   |   ff00::/8  |    ::   |   enp0s3  |   U   |
[   15.282874] cloud-init[940]: ci-info: +-------+-------------+---------+-----------+-------+
[   15.283479] cloud-init[940]: Generating public/private rsa key pair.
[   15.283964] cloud-init[940]: Your identification has been saved in /etc/ssh/ssh_host_rsa_key.
[   15.284521] cloud-init[940]: Your public key has been saved in /etc/ssh/ssh_host_rsa_key.pub.
[   15.285076] cloud-init[940]: The key fingerprint is:
[   15.285614] cloud-init[940]: SHA256:26BqiA924JuZM6d+yuObi9MBsSWd3Y+/AHmPauuzA4Q root@ubuntu-xenial
[   15.286160] cloud-init[940]: The key's randomart image is:
[   15.286698] cloud-init[940]: +---[RSA 2048]----+
[   15.287241] cloud-init[940]: | . o .           |
[   15.287786] cloud-init[940]: |o + . .          |
[   15.288600] cloud-init[940]: | *   . o         |
[   15.289167] cloud-init[940]: |E . o o .        |
[   15.289544] cloud-init[940]: | +   o +S        |
[   15.289923] cloud-init[940]: |. +   o.o+       |
[   15.290304] cloud-init[940]: |.= = ......      |
[   15.290685] cloud-init[940]: |*=Xo*.  .        |
[   15.291065] cloud-init[940]: |+^%+==           |
[   15.291446] cloud-init[940]: +----[SHA256]-----+
[   15.291824] cloud-init[940]: Generating public/private dsa key pair.
[   15.292406] cloud-init[940]: Your identification has been saved in /etc/ssh/ssh_host_dsa_key.
[   15.292778] cloud-init[940]: Your public key has been saved in /etc/ssh/ssh_host_dsa_key.pub.
[   15.293242] cloud-init[940]: The key fingerprint is:
[   15.293709] cloud-init[940]: SHA256:HxuqHKwZJv0tfS9+yPq95Cl3g8qE5FfyUkOsji6t0dg root@ubuntu-xenial
[   15.294176] cloud-init[940]: The key's randomart image is:
[   15.294640] cloud-init[940]: +---[DSA 1024]----+
[   15.295109] cloud-init[940]: |                 |
[   15.295581] cloud-init[940]: |           .     |
[   15.296095] cloud-init[940]: |            o    |
[   15.296533] cloud-init[940]: |           o     |
[   15.297013] cloud-init[940]: |        S = +    |
[   15.297492] cloud-init[940]: |   . . * * O .   |
[   15.297949] cloud-init[940]: |  . + =oE.B.o.   |
[   15.298422] cloud-init[940]: |   o *o*o+*=+.o  |
[   15.298895] cloud-init[940]: |    o =++==B*o . |
[   15.299357] cloud-init[940]: +----[SHA256]-----+
[   15.299827] cloud-init[940]: Generating public/private ecdsa key pair.
[   15.300541] cloud-init[940]: Your identification has been saved in /etc/ssh/ssh_host_ecdsa_key.
[   15.301016] cloud-init[940]: Your public key has been saved in /etc/ssh/ssh_host_ecdsa_key.pub.
[   15.301487] cloud-init[940]: The key fingerprint is:
[   15.301949] cloud-init[940]: SHA256:Hhnnu7tH/bIi89jNNOBqNtDvx3ZjP3VdGQQchlA1jL8 root@ubuntu-xenial
[   15.302409] cloud-init[940]: The key's randomart image is:
[   15.302868] cloud-init[940]: +---[ECDSA 256]---+
[   15.303331] cloud-init[940]: |         .o.**+. |
[   15.303794] cloud-init[940]: |           o.o.. |
[   15.304489] cloud-init[940]: |        . . .   o|
[   15.304960] cloud-init[940]: |         =   . ..|
[   15.305408] cloud-init[940]: |        S.. ... o|
[   15.305841] cloud-init[940]: |       ....o.E. +|
[   15.306294] cloud-init[940]: |        ...o..o.o|
[   15.306728] cloud-init[940]: |          *=++==o|
[   15.307164] cloud-init[940]: |         o*X++=+=|
[   15.307607] cloud-init[940]: +----[SHA256]-----+
[   15.308084] cloud-init[940]: Generating public/private ed25519 key pair.
[   15.308498] cloud-init[940]: Your identification has been saved in /etc/ssh/ssh_host_ed25519_key.
[   15.308950] cloud-init[940]: Your public key has been saved in /etc/ssh/ssh_host_ed25519_key.pub.
[   15.309388] cloud-init[940]: The key fingerprint is:
[   15.309831] cloud-init[940]: SHA256:A1NrtnU+JHcctMeHQ6Uni9Hxmsv4/9z2itP2uTgxbqg root@ubuntu-xenial
[   15.310274] cloud-init[940]: The key's randomart image is:
[   15.310716] cloud-init[940]: +--[ED25519 256]--+
[   15.311160] cloud-init[940]: |        .    .=..|
[   15.311610] cloud-init[940]: |       . .   + O |
[   15.312094] cloud-init[940]: |      o + o = X *|
[   15.312504] cloud-init[940]: |       = o * + O.|
[   15.312948] cloud-init[940]: |        S   + +  |
[   15.313398] cloud-init[940]: |         .   * . |
[   15.313833] cloud-init[940]: |            +.=  |
[   15.314269] cloud-init[940]: |           ..*+.+|
[   15.315150] cloud-init[940]: |         E. o++B@|
[   15.315628] cloud-init[940]: +----[SHA256]-----+
] Reached target Cloud-config availability.
[[0;32m  OK  [0m] Reached target Network is Online.
         Starting iSCSI initiator daemon (iscsid)...
[[0;32m  OK  [0m] Reached target System Initialization.
[[0;32m  OK  [0m] Started ACPI Events Check.
[[0;32m  OK  [0m] Reached target Paths.
[[0;32m  OK  [0m] Listening on ACPID Listen Socket.
[[0;32m  OK  [0m] Listening on D-Bus System Message Bus Socket.
[[0;32m  OK  [0m] Started Daily Cleanup of Temporary Directories.
         Starting LXD - unix socket.
         Starting Socket activation for snappy daemon.
[[0;32m  OK  [0m] Listening on UUID daemon activation socket.
[[0;32m  OK  [0m] Started Daily apt download activities.
[[0;32m  OK  [0m] Started Daily apt upgrade and clean activities.
[[0;32m  OK  [0m] Reached target Timers.
[[0;32m  OK  [0m] Listening on LXD - unix socket.
[[0;32m  OK  [0m] Listening on Socket activation for snappy daemon.
[[0;32m  OK  [0m] Reached target Sockets.
[[0;32m  OK  [0m] Reached target Basic System.
         Starting LSB: Record successful boot for GRUB...
         Starting Login Service...
[[0;32m  OK  [0m] Started ACPI event daemon.
         Starting Pollinate to seed the pseudo random number generator...
[[0;32m  OK  [0m] Started Regular background program processing daemon.
         Starting Accounts Service...
         Starting Snappy daemon...
[[0;32m  OK  [0m] Started FUSE filesystem for LXC.
         Starting System Logging Service...
[[0;32m  OK  [0m] Started D-Bus System Message Bus.
[[0;32m  OK  [0m] Started Deferred execution scheduler.
         Starting /etc/rc.local Compatibility...
         Starting LSB: MD monitoring daemon...
         Starting Virtualbox guest utils...
         Starting LXD - container startup/shutdown...
[[0;32m  OK  [0m] Started System Logging Service.
[[0;32m  OK  [0m] Started iSCSI initiator daemon (iscsid).
[[0;32m  OK  [0m] Started /etc/rc.local Compatibility.
[[0;32m  OK  [0m] Started Login Service.
[[0;32m  OK  [0m] Started Unattended Upgrades Shutdown.
         Starting Login to default iSCSI targets...
[[0;32m  OK  [0m] Started LSB: MD monitoring daemon.
[[0;32m  OK  [0m] Started LSB: Record successful boot for GRUB.
[[0;32m  OK  [0m] Started Login to default iSCSI targets.
[[0;32m  OK  [0m] Reached target Remote File Systems (Pre).
[[0;32m  OK  [0m] Reached target Remote File Systems.
         Starting LSB: Set the CPU Frequency Scaling governor to "ondemand"...
         Starting LSB: daemon to balance interrupts for SMP systems...
         Starting Permit User Sessions...
         Starting LSB: automatic crash report generation...
         Starting Authenticate and Authorize Users to Run Privileged Tasks...
[[0;32m  OK  [0m] Started Permit User Sessions.
         Starting Hold until boot process finishes up...
         Starting Terminate Plymouth Boot Screen...
[[0;32m  OK  [0m] Started LSB: Set the CPU Frequency Scaling governor to "ondemand".
[[0;32m  OK  [0m] Started Hold until boot process finishes up.
[[0;32m  OK  [0m] Started Terminate Plymouth Boot Screen.
[[0;32m  OK  [0m] Started Getty on tty1.
[[0;32m  OK  [0m] Started Serial Getty on ttyS0.
[[0;32m  OK  [0m] Reached target Login Prompts.
         Starting Set console scheme...
[[0;32m  OK  [0m] Started LSB: automatic crash report generation.
[[0;32m  OK  [0m] Started Set console scheme.
[[0;32m  OK  [0m] Started Virtualbox guest utils.
[[0;32m  OK  [0m] Started LSB: daemon to balance interrupts for SMP systems.
[[0;32m  OK  [0m] Started Authenticate and Authorize Users to Run Privileged Tasks.
[[0;32m  OK  [0m] Started Accounts Service.
[[0;32m  OK  [0m] Started Snappy daemon.
         Starting Wait until snapd is fully seeded...
[[0;32m  OK  [0m] Started LXD - container startup/shutdown.
[[0;32m  OK  [0m] Started Pollinate to seed the pseudo random number generator.
         Starting OpenBSD Secure Shell server...
[[0;32m  OK  [0m] Started OpenBSD Secure Shell server.
[[0;32m  OK  [0m] Created slice User Slice of vagrant.
         Starting User Manager for UID 1000...
[[0;32m  OK  [0m] Started Session 1 of user vagrant.
[[0;32m  OK  [0m] Started User Manager for UID 1000.
[[0;32m  OK  [0m] Started Wait until snapd is fully seeded.
         Starting Apply the settings specified in cloud-config...
[[0;32m  OK  [0m] Reached target Multi-User System.
[[0;32m  OK  [0m] Reached target Graphical Interface.
         Starting Update UTMP about System Runlevel Changes...
[[0;32m  OK  [0m] Started Update UTMP about System Runlevel Changes.
[   21.295500] cloud-init[1387]: Generating locales (this might take a while)...
[   22.356642] cloud-init[1387]:   en_US.UTF-8... done
[   22.357371] cloud-init[1387]: Generation complete.

Ubuntu 16.04.6 LTS ubuntu-xenial ttyS0

ubuntu-xenial login: [   23.317399] cloud-init[1387]: Cloud-init v. 19.1-1-gbaa47854-0ubuntu1~16.04.1 running 'modules:config' at Thu, 22 Aug 2019 16:56:21 +0000. Up 21.11 seconds.
ci-info: no authorized ssh keys fingerprints found for user ubuntu.
<14>Aug 22 16:56:24 ec2: 
<14>Aug 22 16:56:24 ec2: #############################################################
<14>Aug 22 16:56:24 ec2: -----BEGIN SSH HOST KEY FINGERPRINTS-----
<14>Aug 22 16:56:24 ec2: 1024 SHA256:HxuqHKwZJv0tfS9+yPq95Cl3g8qE5FfyUkOsji6t0dg root@ubuntu-xenial (DSA)
<14>Aug 22 16:56:24 ec2: 256 SHA256:Hhnnu7tH/bIi89jNNOBqNtDvx3ZjP3VdGQQchlA1jL8 root@ubuntu-xenial (ECDSA)
<14>Aug 22 16:56:24 ec2: 256 SHA256:A1NrtnU+JHcctMeHQ6Uni9Hxmsv4/9z2itP2uTgxbqg root@ubuntu-xenial (ED25519)
<14>Aug 22 16:56:24 ec2: 2048 SHA256:26BqiA924JuZM6d+yuObi9MBsSWd3Y+/AHmPauuzA4Q root@ubuntu-xenial (RSA)
<14>Aug 22 16:56:24 ec2: -----END SSH HOST KEY FINGERPRINTS-----
<14>Aug 22 16:56:24 ec2: #############################################################
-----BEGIN SSH HOST KEY KEYS-----
ecdsa-sha2-nistp256 AAAAE2VjZHNhLXNoYTItbmlzdHAyNTYAAAAIbmlzdHAyNTYAAABBBKlWDbC14lPieUL7uF6aDPN/7fXweE/3L9MO1pmW/s0iCdJrsloan5Z6/bHCdEvZnGkSODp3YXxcxwww4faGk74= root@ubuntu-xenial
ssh-ed25519 AAAAC3NzaC1lZDI1NTE5AAAAIFClnAul9WhGpziTEssCqQEQWMrLkygJ8XG0xw83H+Q9 root@ubuntu-xenial
ssh-rsa AAAAB3NzaC1yc2EAAAADAQABAAABAQDEHdHD8HyuaQyglSqQhvUxl0W8XLGiawquvfVMZJLcPIfv8DoZPqp6YGt9b/lGpXnUM/BvwpKoKMFqch5BywHlzhajw92zrgestHDa2WrN/amNHBOjzVAFMghoLUeBydTArpTEpk2L2YJxTVXZgib8cUFKOBXVBlaUWiXITx10TG3V4//tPcZMTf9i8uFL4fVS29YnyFu+N+SjNJsgMlSFL80d+YpxKCQ0As4oYY/RNxv13MXHZ3D6Z6ROdOzCUcLJU8zOj+oXAx7nsK3dMm1myK1hET+J6Wi6aTcVwpgSLMmZejba3+OcSUJgoAA6Xwc8W68hp22fPyc9kbFcSSxz root@ubuntu-xenial
-----END SSH HOST KEY KEYS-----
[   23.951443] cloud-init[1543]: Cloud-init v. 19.1-1-gbaa47854-0ubuntu1~16.04.1 running 'modules:final' at Thu, 22 Aug 2019 16:56:24 +0000. Up 23.72 seconds.
[   23.951835] cloud-init[1543]: ci-info: no authorized ssh keys fingerprints found for user ubuntu.
[   23.952205] cloud-init[1543]: Cloud-init v. 19.1-1-gbaa47854-0ubuntu1~16.04.1 finished at Thu, 22 Aug 2019 16:56:24 +0000. Datasource DataSourceNoCloud [seed=/dev/sdb][dsmode=net].  Up 23.92 seconds
