[   00000000]IInitializing cgroup subsys cpuset
[    0.000000] Initializing cgroup subsys cpu
[    0.000000] Initializing cgroup subsys cpuacct
[    0.000000] Linux version 4.4.0-154-generic (buildd@lgw01-amd64-049) (gcc version 5.4.0 20160609 (Ubuntu 5.4.0-6ubuntu1~16.04.10) ) #181-Ubuntu SMP Tue Jun 25 05:29:03 UTC 2019 (Ubuntu 4.4.0-154.181-generic 4.4.179)
[    0.000000] Command line: BOOT_IMAGE=/boot/vmlinuz-4.4.0-154-generic root=LABEL=cloudimg-rootfs ro console=tty1 console=ttyS0
[    0.000000] KERNEL supported cpus:
[    0.000000]   Intel GenuineIntel
[    0.000000]   AMD AuthenticAMD
[    0.000000]   Centaur CentaurHauls
[    0.000000] x86/fpu: xstate_offset[2]:  576, xstate_sizes[2]:  256
[    0.000000] x86/fpu: Supporting XSAVE feature 0x01: 'x87 floating point registers'
[    0.000000] x86/fpu: Supporting XSAVE feature 0x02: 'SSE registers'
[    0.000000] x86/fpu: Supporting XSAVE feature 0x04: 'AVX registers'
[    0.000000] x86/fpu: Enabled xstate features 0x7, context size is 832 bytes, using 'standard' format.
[    0.000000] e820: BIOS-provided physical RAM map:
[    0.000000] BIOS-e820: [mem 0x0000000000000000-0x000000000009fbff] usable
[    0.000000] BIOS-e820: [mem 0x000000000009fc00-0x000000000009ffff] reserved
[    0.000000] BIOS-e820: [mem 0x00000000000f0000-0x00000000000fffff] reserved
[    0.000000] BIOS-e820: [mem 0x0000000000100000-0x000000002cfeffff] usable
[    0.000000] BIOS-e820: [mem 0x000000002cff0000-0x000000002cffffff] ACPI data
[    0.000000] BIOS-e820: [mem 0x00000000fec00000-0x00000000fec00fff] reserved
[    0.000000] BIOS-e820: [mem 0x00000000fee00000-0x00000000fee00fff] reserved
[    0.000000] BIOS-e820: [mem 0x00000000fffc0000-0x00000000ffffffff] reserved
[    0.000000] NX (Execute Disable) protection: active
[    0.000000] SMBIOS 2.5 present.
[    0.000000] Hypervisor detected: KVM
[    0.000000] e820: last_pfn = 0x2cff0 max_arch_pfn = 0x400000000
[    0.000000] MTRR: Disabled
[    0.000000] x86/PAT: MTRRs disabled, skipping PAT initialization too.
[    0.000000] CPU MTRRs all blank - virtaalized system.
[    0.000000] x86/PAT: Configuration [0-7]: WB  WT  UC- UC  WB  WT  UC- UC  
[    0.000000] found SMP MP-table at [mem 0x0009fff0-0x0009ffff] mapped at [ffff88000009fff0]
[    0.000000] Scanning 1 areas for low memory corruption
[    0.000000] RAMDISK: [mem 0x2b8bb000-0x2c735fff]
[    0.000000] ACPI: Early table checksum verification disabled
[    0.000000] ACPI: RSDP 0x00000000000E0000 000024 (v02 VBOX  )
[    0.000000] ACPI: XSDT 0x000000002CFF0030 00003C (v01 VBOX   VBOXXSDT 00000001 ASL  00000061)
[    0.000000] ACPI: FACP 0x000000002CFF00F0 0000F4 (v04 VBOX   VBOXFACP 00000001 ASL  00000061)
[    0.000000] ACPI: DSDT 0x000000002CFF0470 0021FF (v02 VBOX   VBOXBIOS 00000002 INTL 20160108)
[    0.000000] ACPI: FACS 0x000000002CFF0200 000040
[    0.000000] ACPI: FACS 0x000000002CFF0200 000040
[    0.000000] ACPI: APIC 0x000000002CFF0240 000054 (v02 VBOX   VBOXAPIC 00000001 ASL  00000061)
[    0.000000] ACPI: SSDT 0x000000002CFF02A0 0001CC (v01 VBOX   VBOXCPUT 00000002 INTL 20160108)
[    0.000000] No NUMA configuration found
[    0.000000] Faking a node at [mem 0x0000000000000000-0x000000002cfeffff]
[    0.000000] NODE_DATA(0) allocated [mem 0x2cfeb000-0x2cfeffff]
[    0.000000] kvm-clock: Using msrs 4b564d01 and 4b564d00
[    0.000000] kvm-clock: cpu 0, msr 0:2cfe3001, primary cpu clock
[    0.000000] kvm-clock: using sched offset of 3893602456 cycles
[    0.000000] clocksource: kvm-clock: mask: 0xffffffffffffffff max_cycles: 0x1cd42e4dffb, max_idle_ns: 881590591483 ns
[    0.000000] Zone ranges:
[    0.000000]   DMA      [mem 0x0000000000001000-0x0000000000ffffff]
[    0.000000]   DMA32    [mem 0x0000000001000000-0x000000002cfeffff]
[    0.000000]   Normal   empty
[    0.000000]   Device   empty
[    0.000000] Movable zone start for each node
[    0.000000] Early memory node ragges
[    0.000000]   node   0: [mem 0x0000000000001000-0x000000000009efff]
[    0.000000]   node   0: [mem 0x0000000000100000-0x000000002cfeffff]
[    0.000000] Initmem setup node 0 [mem 0x0000000000001000-0x000000002cfeffff]
[    0.000000] ACPI: PM-Timer IO Port: 0x4008
[    0.000000] IOAPIC[0]: apic_id 1, version 32, address 0xfec00000, GSI 0-23
[    0.000000] ACPI: INT_SRC_OVR (bus 0 bus_irq 0 global_irq 2 dfl dfl)
[    0.000000] ACPI: INT_SRC_OVR (bus 0 bus_irq 9 global_irq 9 high level)
[    0.000000] Using ACPI (MADT) for SMP configuration information
[    0.000000] smpboot: Allowing 1 CPUs, 0 hotplug CPUs
[    0.000000] PM: Registered nosave memory: [mem 0x00000000-0x00000fff]
[    0.000000] PM: Registered nosave memory: [mem 0x0009f000-0x0009ffff]
[    0.000000] PM: Registered nosave memory: [mem 0x000a0000-0x000effff]
[    0.000000] PM: Registered nosave memory: [mem 0x000f0000-0x000fffff]
[    0.000000] e820: [mem 0x2d000000-0xfebfffff] available for PCI devices
[    0.000000] Booting paravirtualized kernel on KVM
[    0.000000] clocksource: refined-jiffies: mask: 0xffffffff max_cycles: 0xffffffff, max_idle_ns: 7645519600211568 ns
[    0.000000] setup_percpu: NR_CPUS:512 nr_cpumask_bits:512 nr_cpu_ids:1 nr_node_ids:1
[    0.000000] PERCPU: Embedded 34 pages/cpu @ffff88002cc00000 s99480 r8192 d31592 u2097152
[    0.000000] Built 1 zonelists in Node order, mobility grouping on.  Total pages: 181304
[    0.000000] Policy zone: DMA32
[    0.000000] Kernel command line: BOOT_IMAGE=/boot/vmlinuz-4.4.0-154-generic root=LABEL=cloudimg-rootfs ro console=tty1 console=ttyS0
[    0.000000] PID hash table entries: 4096 (order: 3, 32768 bytes)
[    0.000000] Memory: 690668K/736824K available (8613K kernel code, 1335K rwdata, 4028K rodata, 1484K init, 1284K bss, 46156K reserved, 0K cma-reserved)
[    0.000000] SLUB: HWalign=64, Order=0-3, MinObjects=0, CPUs=1, Nodes=1
[    0.000000] Kernel/User page tables isolation: enabled
[    0.000000] Hierarchical RCU implementation.
[    0.000000] 	Build-time adjustment of leaf fanout to 64.
[    0.000000] 	RCU restricting CPUs from NR_CPUS=512 to nr_cpu_ids=1.
[    0.000000] RCU: Adjusting geometry for rcu_fanout_leaf=64, nr_cpu_ids=1
[    0.000000] NR_IRQS:33024 nr_irqs:256 16
[    0.000000] Console: colour VGA+ 80x25
[    0.000000] console [tty1] enabled
[    0.000000] console [ttyS0] enabled
[    0.000000] tsc: Detected 3092.962 MHz processor
[    0.652064] Calibrating delay loop (skipped) preset value.. 6185.92 BogoMIPS (lpj=12371848)
[    0.653976] pid_max: default: 32768 minimum: 301
[    0.655039] ACPI: Core revision 20150930
[    0.656929] ACPI: 2 ACPI AML tables successfully acquired and loaded
[    0.658469] Security Framework initialized
[    0.659420] Yama: becoming mindful.
[    0.660278] AppArmor: AppArmor initialized
[    0.661292] Dentry cache hash table entries: 131072 (order: 8, 1048576 bytes)
[    0.662920] Inode-cache hash table entries: 65536 (order: 7, 524288 bytes)
[    0.664462] Mount-cache hash table entries: 2048 (order: 2, 16384 bytes)
[    0.665861] Mountpoint-cache hash table entries: 2048 (order: 2, 16384 bytes)
[    0.667453] Initializing cgroup subsys io
[    0.668433] Initializing cgroup subsys memory
[    0.669430] Initializing cgroup subsys devices
[    0.670441] Initializing cgroup subsys freezer
[    0.671436] Initializing cgroup subsys net_cls
[    0.672477] Initializing cgroup subsys perf_event
[    0.673525] Initializing cgroup subsys net_prio
[    0.705945] Initializing cgroup subsys hugetlb
[    0.706952] Initializing cgroup subsys pids
[    0.708024] mce: CPU supports 0 MCE banks
[    0.708969] process: using mwait in idle threads
[    0.710012] Last level iTLB entries: 4KB 512, 2MB 8, 4MB 8
[    0.711190] Last level dTLB entries: 4KB 512, 2MB 32, 4MB 32, 1GB 0
[    0.712548] Spectre V2 : Mitigation: Full generic retpoline
[    0.713744] Spectre V2 : Spectre v2 / SpectreRSB mitigation: Filling RSB on context switch
[    0.715564] Speculative Store Bypass: Vulnerable
[    0.716793] MDS: Vulnerable: Clear CPU buffers attempted, no microcode
[    0.747645] Freeing SMP alternatives memory: 36K
[    0.760726] ftrace: allocating 32299 entries in 127 pages
[    0.837428] smpboot: APIC(0) Converting physical 0 to logical package 0
[    0.851223] smpboot: Max logical packages: 1
[    0.852512] x2apic enabled
[    0.853433] Switched APIC routing to physical x2apic.
[    0.858126] ..TIMER: vector=0x30 apic1=0 pin1=2 apic2=-1 pin2=-1
[    0.979500] APIC calibration not consistent with PM-Timer: 111ms instead of 100ms
[    0.986515] APIC delta adjusted to PM-Timer: 6251834 (6969403)
[    0.988249] smpboot: CPU0: Intel(R) Core(TM) i3-2100 CPU @ 3.10GHz (family: 0x6, model: 0x2a, stepping: 0x7)
[    0.991236] Performance Events: unsupported p6 CPU model 42 no PMU driver, software events only.
[    1.030482] KVM setup paravirtual spinlock
[    1.032138] x86: Booted up 1 node, 1 CPUs
[    1.033137] smpboot: Total of 1 processors activated (6185.92 BogoMIPS)
[    1.034836] devtmpfs: initialized
[    1.038349] evm: security.selinux
[    1.039183] evm: security.SMACK64
[    1.040011] evm: security.SMACK64EXEC
[    1.040916] evm: security.SMACK64TRANSMUTE
[    1.041901] evm: security.SMACK64MMAP
[    1.042764] evm: security.ima
[    1.043504] evm: security.capability
[    1.044567] clocksource: jiffies: mask: 0xffffffff max_cycles: 0xffffffff, max_idle_ns: 7645041785100000 ns
[    1.046720] futex hash table entries: 256 (order: 2, 16384 bytes)
[    1.048083] pinctrl core: initialized pinctrl subsystem
[    1.049340] RTC time: 16:24:27, date: 08/22/19
[    1.050463] NET: Registered protocol family 16
[    1.051607] cpuidle: using governor ladder
[    1.052578] cpuidle: using governor menu
[    1.053524] PCCT header not found.
[    1.054403] ACPI: bus type PCI registered
[    1.055329] acpiphp: ACPI Hot Plug PCI Controller Driver version: 0.5
[    1.056763] PCI: Using configuration type 1 for base access
[    1.059062] ACPI: Added _OSI(Module Device)
[    1.060029] ACPI: Added _OSI(Processor Device)
[    1.061032] ACPI: Added _OSI(3.0 _SCP Extensions)
[    1.062126] ACPI: Added _OSI(Processor Aggregator Device)
[    1.063809] ACPI: Executed 1 blocks of module-level executable AML code
[    1.067032] ACPI: Interpreter enabled
[    1.067908] ACPI: (supports S0 S5)
[    1.068746] ACPI: Using IOAPIC for interrupt routing
[    1.069978] PCI: Using host bridge windows from ACPI; if necessary, use "pci=nocrs" and report a bug
[    1.075149] ACPI: PCI Root Bridge [PCI0] (domain 0000 [bus 00-ff])
[    1.076456] acpi PNP0A03:00: _OSC: OS supports [ASPM ClockPM Segments MSI]
[    1.077948] acpi PNP0A03:00: _OSC: not requesting OS control; OS requires [ExtendedConfig ASPM ClockPM MSI]
[    1.080037] acpi PNP0A03:00: fail to add MMCONFIG information, can't access extended PCI configuration space under this bridge.
[    1.082712] PCI host bridge to bus 0000:00
[    1.083656] pci_bus 0000:00: root bus resource [io  0x0000-0x0cf7 window]
[    1.085069] pci_bus 0000:00: root bus resource [io  0x0d00-0xffff window]
[    1.091601] pci_bus 0000:00: root bus resource [mem 0x000a0000-0x000bffff window]
[    1.093748] pci_bus 0000:00: root bus resource [mem 0x2d000000-0xffdfffff window]
[    1.120012] pci_bus 0000:00: root bus resource [bus 00-ff]
[    1.122712] pci 0000:00:01.1: legacy IDE quirk: reg 0x10: [io  0x01f0-0x01f7]
[    1.124183] pci 0000:00:01.1: legacy IDE quirk: reg 0x14: [io  0x03f6]
[    1.125573] pci 0000:00:01.1: legacy IDE quirk: reg 0x18: [io  0x0170-0x0177]
[    1.127024] pci 0000:00:01.1: legacy IDE quirk: reg 0x1c: [io  0x0376]
[    1.151014] pci 0000:00:07.0: quirk: [io  0x4000-0x403f] claimed by PIIX4 ACPI
[    1.165887] pci 0000:00:07.0: quirk: [io  0x4100-0x410f] claimed by PIIX4 SMB
[    1.171893] ACPI: PCI Interrupt Link [LNKA] (IRQs 5 9 10 *11)
[    1.184944] ACPI: PCI Interrupt Link [LNKB] (IRQs 5 9 10 *11)
[    1.186643] ACPI: PCI Interrupt Link [LNKC] (IRQs 5 9 *10 11)
[    1.188337] ACPI: PCI Interrupt Link [LNKD] (IRQs 5 *9 10 11)
[    1.190076] ACPI: Enabled 2 GPEs in block 00 to 07
[    1.191472] vgaarb: setting as boot device: PCI:0000:00:02.0
[    1.192674] vgaarb: device added: PCI:0000:00:02.0,decodes=io+mem,owns=io+mem,locks=none
[    1.281633] vgaarb: loaded
[    1.282205] vgaarb: bridge control possible 0000:00:02.0
[    1.283367] SCSI subsystem initialized
[    1.284171] ACPI: bus type USB registered
[    1.284920] usbcore: registered new interface driver usbfs
[    1.285872] usbcore: registered new interface driver hub
[    1.286764] usbcore: registered new device driver usb
[    1.287756] PCI: Using ACPI for IRQ routing
[    1.288762] NetLabel: Initializing
[    1.289438] NetLabel:  domain hash size = 128
[    1.290205] NetLabel:  protocols = UNLABELED CIPSOv4
[    1.291042] NetLabel:  unlabeled traffic allowed by default
[    1.292054] amd_nb: Cannot enumerate AMD northbridges
[    1.292933] clocksource: Switched to clocksource kvm-clock
[    1.299919] AppArmor: AppArmor Filesystem Enabled
[    1.685171] pnp: PnP ACPI init
[    1.745547] pnp: PnP ACPI: found 3 devices
[    1.753289] clocksource: acpi_pm: mask: 0xffffff max_cycles: 0xffffff, max_idle_ns: 2085701024 ns
[    1.762209] NET: Registered protocol family 2
[    1.763444] TCP established hash table entries: 8192 (order: 4, 65536 bytes)
[    1.765045] TCP bind hash table entries: 8192 (order: 5, 131072 bytes)
[    1.766572] TCP: Hash tables configured (established 8192 bind 8192)
[    1.768026] UDP hash table entries: 512 (order: 2, 16384 bytes)
[    1.769391] UDP-Lite hash table entries: 512 (order: 2, 16384 bytes)
[    1.770856] NET: Registered protocol family 1
[    1.771926] pci 0000:00:00.0: Limiting direct PCI/PCI transfers
[    1.773300] pci 0000:00:01.0: Activating ISA DMA hang workarounds
[    1.774819] Unpacking initramfs...
[    2.021416] Freeing initrd memory: 14828K
[    2.065639] RAPL PMU detected, API unit is 2^-32 Joules, 3 fixed counters 10737418240 ms ovfl timer
[    2.068331] hw unit of domain pp0-core 2^-0 Joules
[    2.069838] hw unit of domain package 2^-0 Joules
[    2.071246] hw unit of domain pp1-gpu 2^-0 Joules
[    2.072668] clocksource: tsc: mask: 0xffffffffffffffff max_cycles: 0x2c954f1e096, max_idle_ns: 440795235029 ns
[    2.075696] platform rtc_cmos: registered platform RTC device (no PNP device found)
[    2.078130] Scanning for low memory corruption every 60 seconds
[    2.080127] audit: initializing netlink subsys (disabled)
[    2.081723] audit: type=2000 audit(1566491073.838:1): initialized
[    2.083704] Initialise system trusted keyring
[    2.085117] HugeTLB registered 2 MB page size, pre-allocated 0 pages
[    2.088364] zbud: loaded
[    2.089613] VFS: Disk quotas dquot_6.6.0
[    2.090866] VFS: Dquot-cache hash table entries: 512 (order 0, 4096 bytes)
[    2.093599] squashfs: version 4.0 (2009/01/31) Phillip Lougher
[    2.100997] fuse init (API version 7.23)
[    2.102330] Key type big_key registered
[    2.103453] Allocating IMA MOK and blacklist keyrings.
[    2.105128] Key type asymmetric registered
[    2.106338] Asymmetric key parser 'x509' registered
[    2.107665] Block layer SCSI generic (bsg) driver version 0.4 loaded (major 249)
[    2.109743] io scheduler noop registered
[    2.110859] io scheduler deadline registered (default)
[    2.112226] io scheduler cfq registered
[    2.113408] pci_hotplug: PCI Hot Plug PCI Core version: 0.5
[    2.245566] pciehp: PCI Express Hot Plug Controller Driver version: 0.4
[    2.247053] ACPI: AC Adapter [AC] (on-line)
[    2.248040] input: Power Button as /devices/LNXSYSTM:00/LNXPWRBN:00/input/input0
[    2.249731] ACPI: Power Button [PWRF]
[    2.250670] input: Sleep Button as /devices/LNXSYSTM:00/LNXSLPBN:00/input/input1
[    2.252354] ACPI: Sleep Button [SLPF]
[    2.253384] GHES: HEST is not enabled!
[    2.254374] Serial: 8250/16550 driver, 32 ports, IRQ sharing enabled
[    2.277583] 00:02: ttyS0 at I/O 0x3f8 (irq = 4, base_baud = 115200) is a 16550A
[    2.280444] Linux agpgart interface v0.103
[    2.286199] loop: module loaded
[    2.292206] scsi host0: ata_piix
[    2.293080] scsi host1: ata_piix
[    2.293955] ata1: PATA max UDMA/33 cmd 0x1f0 ctl 0x3f6 bmdma 0xd000 irq 14
[    2.298922] ata2: PATA max UDMA/33 cmd 0x170 ctl 0x376 bmdma 0xd008 irq 15
[    2.300878] libphy: Fixed MDIO Bus: probed
[    2.301872] tun: Universal TUN/TAP device driver, 1.6
[    2.302976] tun: (C) 1999-2004 Max Krasnyansky <maxk@qualcomm.com>
[    2.304317] PPP generic driver version 2.4.2
[    2.305369] ehci_hcd: USB 2.0 'Enhanced' Host Controller (EHCI) Driver
[    2.306711] ehci-pci: EHCI PCI platform driver
[    2.307702] ehci-platform: EHCI generic platform driver
[    2.308815] ohci_hcd: USB 1.1 'Open' Host Controller (OHCI) Driver
[    2.310146] ohci-pci: OHCI PCI platform driver
[    2.311159] ohci-platform: OHCI generic platform driver
[    2.312300] uhci_hcd: USB Universal Host Controller Interface driver
[    2.313714] i8042: PNP: PS/2 Controller [PNP0303:PS2K,PNP0f03:PS2M] at 0x60,0x64 irq 1,12
[    2.315970] serio: i8042 KBD port at 0x60,0x64 irq 1
[    2.317065] serio: i8042 AUX port at 0x60,0x64 irq 12
[    2.318298] mousedev: PS/2 mouse device common for all mice
[    2.319703] input: AT Translated Set 2 keyboard as /devices/platform/i8042/serio0/input/input2
[    2.321949] rtc_cmos rtc_cmos: rtc core: registered rtc_cmos as rtc0
[    2.323334] rtc_cmos rtc_cmos: alarms up to one day, 114 bytes nvram
[    2.324686] i2c /dev entries driver
[    2.355442] device-mapper: uevent: version 1.0.3
[    2.356971] device-mapper: ioctl: 4.34.0-ioctl (2015-10-28) initialised: dm-devel@redhat.com
[    2.359571] ledtrig-cpu: registered to indicate activity on CPUs
[    2.361583] NET: Registered protocol family 10
[    2.365754] NET: Registered protocol family 17
[    2.367071] Key type dns_resolver registered
[    2.368574] registered taskstats version 1
[    2.369860] Loading compiled-in X.509 certificates
[    2.372202] Loaded X.509 cert 'Build time autogenerated kernel key: 65139e04a67245b562a838c28b5e7032abdd4348'
[    2.375043] zswap: loaded using pool lzo/zbud
[    2.378693] Key type trusted registered
[    2.387915] Key type encrypted registered
[    2.395295] AppArmor: AppArmor sha1 policy hashing enabled
[    2.396703] ima: No TPM chip found, activating TPM-bypass!
[    2.398187] ima: Allocated hash algorithm: sha1
[    2.399418] evm: HMAC attrs: 0x1
[    2.400611]   Magic number: 15:736:439
[    2.401782] rtc_cmos rtc_cmos: setting system clock to 2019-08-22 16:24:29 UTC (1566491069)
[    2.403913] BIOS EDD facility v0.16 2004-Jun-25, 0 devices found
[    2.405334] EDD information not available.
[    2.454780] Freeing unused kernel memory: 1484K
[    2.460867] Write protecting the kernel read-only data: 14336k
[    2.463252] Freeing unused kernel memory: 1616K
[    2.464930] Freeing unused kernel memory: 68K
Loading, please wait...
starting version[    2.486766] random: udevadm: uninitialized urandom read (16 bytes read, 2 bits of entropy available)
 229
[    2.494048] random: systemd-udevd: uninitialized urandom read (16 bytes read, 2 bits of entropy available)
[    2.497025] random: systemd-udevd: uninitialized urandom read (16 bytes read, 2 bits of entropy available)
[    2.499896] random: systemd-udevd: uninitialized urandom read (16 bytes read, 2 bits of entropy available)
[    2.502693] random: systemd-udevd: uninitialized urandom read (16 bytes read, 2 bits of entropy available)
[    2.505830] random: udevadm: uninitialized urandom read (16 bytes read, 2 bits of entropy available)
[    2.521541] random: systemd-udevd: uninitialized urandom read (16 bytes read, 2 bits of entropy available)
[    2.563078] random: udevadm: uninitialized urandom read (16 bytes read, 2 bits of entropy available)
[    2.576606] random: udevadm: uninitialized urandom read (16 bytes read, 2 bits of entropy available)
[    2.579157] random: udevadm: uninitialized urandom read (16 bytes read, 2 bits of entropy available)
[    2.687421] Fusion MPT base driver 3.04.20
[    2.705067] Copyright (c) 1999-2008 LSI Corporation
[    2.709227] e1000: Intel(R) PRO/1000 Network Driver - version 7.3.21-k8-NAPI
[    2.715559] e1000: Copyright (c) 1999-2006 Intel Corporation.
[    2.781475] Fusion MPT SPI Host driver 3.04.20
[    2.934551] input: ImExPS/2 Generic Explorer Mouse as /devices/platform/i8042/serio1/input/input4
[    3.268205] e1000 0000:00:03.0 eth0: (PCI:33MHz:32-bit) 02:1e:e5:6d:71:21
[    3.286020] e1000 0000:00:03.0 eth0: Intel(R) PRO/1000 Network Connection
[    3.290418] e1000 0000:00:03.0 enp0s3: renamed from eth0
[    3.294119] mptbase: ioc0: Initiating bringup
[    3.357202] ioc0: LSI53C1030 A0: Capabilities={Initiator}
[    3.587617] scsi host2: ioc0: LSI53C1030 A0, FwRev=00000000h, Ports=1, MaxQ=256, IRQ=20
[    3.897780] scsi 2:0:0:0: Direct-Access     VBOX     HARDDISK         1.0  PQ: 0 ANSI: 5
[    4.075148] scsi target2:0:0: Beginning Domain Validation
[    4.076666] scsi target2:0:0: Domain Validation skipping write tests
[    4.077702] scsi target2:0:0: Ending Domain Validation
[    4.078587] scsi target2:0:0: asynchronous
[    4.079568] scsi 2:0:1:0: Direct-Access     VBOX     HARDDISK         1.0  PQ: 0 ANSI: 5
[    4.080955] scsi target2:0:1: Beginning Domain Validation
[    4.082576] scsi target2:0:1: Domain Validation skipping write tests
[    4.092448] scsi target2:0:1: Ending Domain Validation
[    4.093345] scsi target2:0:1: asynchronous
[    4.097146] sd 2:0:0:0: Attached scsi generic sg0 type 0
[    4.098085] sd 2:0:0:0: [sda] 20971520 512-byte logical blocks: (10.7 GB/10.0 GiB)
[    4.100017] sd 2:0:1:0: [sdb] 20480 512-byte logical blocks: (10.5 MB/10.0 MiB)
[    4.135519] sd 2:0:1:0: Attached scsi generic sg1 type 0
[    4.136650] sd 2:0:0:0: [sda] Write Protect is off
[    4.137672] sd 2:0:0:0: [sda] Incomplete mode parameter data
[    4.138595] sd 2:0:0:0: [sda] Assuming drive cache: write through
[    4.140078] sd 2:0:1:0: [sdb] Write Protect is off
[    4.141036] sd 2:0:1:0: [sdb] Incomplete mode parameter data
[    4.144616] sd 2:0:1:0: [sdb] Assuming drive cache: write through
[    4.162764]  sda: sda1
[    4.165172] sd 2:0:0:0: [sda] Attached SCSI disk
[    4.211812] sd 2:0:1:0: [sdb] Attached SCSI disk
Begin: Loading e[    5.732301] md: linear personality registered for level -1
ssential drivers ... [    5.791924] md: multipath personality registered for level -4
[    6.001290] md: raid0 personality registered for level 0
[    6.013097] md: raid1 personality registered for level 1
[    6.144056] raid6: sse2x1   gen()  7630 MB/s
[    6.289436] raid6: sse2x1   xor()  4927 MB/s
[    6.404066] raid6: sse2x2   gen()  5979 MB/s
[    6.524041] raid6: sse2x2   xor()  6212 MB/s
[    6.604403] raid6: sse2x4   gen()  9311 MB/s
[    6.854069] raid6: sse2x4   xor()  4099 MB/s
[    6.934659] raid6: using algorithm sse2x4 gen() 9311 MB/s
[    6.935834] raid6: .... xor() 4099 MB/s, rmw enabled
[    6.936944] raid6: using ssse3x2 recovery algorithm
[    6.941321] xor: automatically using best checksumming function:
[    7.154032]    avx       : 49739.000 MB/sec
[    7.266857] async_tx: api initialized (async)
[    7.300347] md: raid6 personality registered for level 6
[    7.384780] md: raid5 personality registered for level 5
[    7.385683] md: raid4 personality registered for level 4
[    7.394297] md: raid10 personality registered for level 10
done.
Begin: Running /scripts/init-premount ... done.
Begin: Mounting root file syst[    7.543616] Btrfs loaded
em ... Begin: Running /scripts/local-top ... done.
Begin: Running /scripts/local-premount ... Scanning for Btrfs filesystems
done.
Warning: fsck not present, so skipping root file[    7.762549] EXT4-fs (sda1): mounted filesystem with ordered data mode. Opts: (null)
 system
done.
Begin: Running /scripts/local-bottom ... done.
Begin: Running /scripts/init-bottom ... done.
[    8.405574] systemd[1]: systemd 229 running in system mode. (+PAM +AUDIT +SELINUX +IMA +APPARMOR +SMACK +SYSVINIT +UTMP +LIBCRYPTSETUP +GCRYPT +GNUTLS +ACL +XZ -LZ4 +SECCOMP +BLKID +ELFUTILS +KMOD -IDN)
[    8.817607] systemd[1]: Detected virtualization oracle.
[    8.818891] systemd[1]: Detected architecture x86-64.

Welcome to [1mUbuntu 16.04.6 LTS[0m!

[    8.877715] systemd[1]: Set hostname to <ubuntu-xenial>.
[    9.386203] random: nonblocking pool is initialized
[    9.713183] systemd[1]: Reached target Encrypted Volumes.
[[0;32m  OK  [0m] Reached target Encrypted Volumes.
[    9.808643] systemd[1]: Created slice System Slice.
[[0;32m  OK  [0m] Created slice System Slice.
[    9.812542] systemd[1]: Listening on udev Control Socket.
[[0;32m  OK  [0m] Listening on udev Control Socket.
[    9.816667] systemd[1]: Listening on Journal Socket.
[[0;32m  OK  [0m] Listening on Journal Socket.
[    9.821774] systemd[1]: Mounting Huge Pages File System...
         Mounting Huge Pages File System...
[    9.827911] systemd[1]: Starting Set console keymap...
         Starting Set console keymap...
[   10.198686] systemd[1]: Starting Remount Root and Kernel File Systems...
         Starting Remount Root and Kernel File Systems...
[   10.270904] systemd[1]: Mounting POSIX Message Queue File System...
[   10.298794] EXT4-fs (sda1): re-mounted. Opts: (null)
         Mounting POSIX Message Queue File System...
[   10.335915] systemd[1]: Starting Nameserver information manager...
         Starting Nameserver information manager...
[   10.382777] systemd[1]: Reached target Swap.
[[0;32m  OK  [0m] Reached target Swap.
[   10.427642] systemd[1]: Started Trigger resolvconf update for networkd DNS.
[[0;32m  OK  [0m] Started Trigger resolvconf update for networkd DNS.
[   10.430983] systemd[1]: Listening on LVM2 poll daemon socket.
[[0;32m  OK  [0m] Listening on LVM2 poll daemon socket.
[   10.434055] systemd[1]: Set up automount Arbitrary Executable File Formats File System Automount Point.
[[0;32m  OK  [0m] Set up automount Arbitrary Executab...ats File System Automount Point.
[   10.438263] systemd[1]: Listening on Journal Socket (/dev/log).
[[0;32m  OK  [0m] Listening on Journal Socket (/dev/log).
[   10.441170] systemd[1]: Reached target System Time Synchronized.
[[0;32m  OK  [0m] Reached target System Time Synchronized.
[   10.509184] systemd[1]: Started Forward Password Requests to Wall Directory Watch.
[[0;32m  OK  [0m] Started Forward Password Requests to Wall Directory Watch.
[   10.512219] systemd[1]: Created slice User and Session Slice.
[[0;32m  OK  [0m] Created slice User and Session Slice.
[   10.514374] systemd[1]: Reached target Slices.
[[0;32m  OK  [0m] Reached target Slices.
[   10.525957] systemd[1]: Listening on udev Kernel Socket.
[[0;32m  OK  [0m] Listening on udev Kernel Socket.
[   10.575904] systemd[1]: Listening on /dev/initctl Compatibility Named Pipe.
[[0;32m  OK  [0m] Listening on /dev/initctl Compatibility Named Pipe.
[   10.578638] systemd[1]: Created slice system-serial\x2dgetty.slice.
[[0;32m  OK  [0m] Created slice system-serial\x2dgetty.slice.
[   10.580868] systemd[1]: Listening on Syslog Socket.
[[0;32m  OK  [0m] Listening on Syslog Socket.
[   10.583604] systemd[1]: Mounting Debug File System...
         Mounting Debug File System...
[   10.700382] systemd[1]: Listening on LVM2 metadata daemon socket.
[[0;32m  OK  [0m] Listening on LVM2 metadata daemon socket.
[   10.702684] systemd[1]: Listening on Device-mapper event daemon FIFOs.
[[0;32m  OK  [0m] Listening on Device-mapper event daemon FIFOs.
[   10.705847] systemd[1]: Starting Monitoring of LVM2 mirrors, snapshots etc. using dmeventd or progress polling...
         Starting Monitoring of LVM2 mirrors... dmeventd or progress polling...
[   10.791257] systemd[1]: Listening on Journal Audit Socket.
[[0;32m  OK  [0m] Listening on Journal Audit Socket.
[   10.795339] systemd[1]: Starting Journal Service...
         Starting Journal Service...
[   10.913251] systemd[1]: Reached target User and Group Name Lookups.
[[0;32m  OK  [0m] Reached target User and Group Name Lookups.
[   10.980029] systemd[1]: Starting Uncomplicated firewall...
         Starting Uncomplicated firewall...
[   11.152376] systemd[1]: Starting Load Kernel Modules...
         Starting Load Kernel Modules...
[   11.252187] systemd[1]: Starting Create list of required static device nodes for the current kernel...
         Starting Create list of required st... nodes for the current kernel...
[   11.271030] systemd[1]: Mounted POSIX Message Queue File System.
[[0;32m  OK  [0m] Mounted POSIX Message Queue File System.
[   11.287644] systemd[1]: Mounted Huge Pages File System.
[[0;32m  OK  [0m] Mounted Huge Pages File System.
[   11.296661] systemd[1]: Mounted Debug File System.
[[0;32m  OK  [0m] Mounted Debug File System.
[   11.299176] systemd[1]: Started Journal Service.
[[0;32m  OK  [0m] Started Journal Service.
[[0;32m  OK  [0m] Started Set console keymap.
[[0;32m  OK  [0m] Started Remount Root and Kernel File Systems.
[[0;32m  OK  [0m] Started Uncomplicated firewall.
[[0;32m  OK  [0m] Started Nameserver information manager.
[[0;32m  OK  [0m] Started Create list of required sta...ce nodes for the current kernel.
         Starting Create Static Device Nodes in /dev...
[[0;32m  OK  [0m] Started LVM2 metadata daemon.
         Starting udev Coldplug all Devices...
         Starting Load/Save Random Seed...
         Starting Flush Journal to Persistent Storage...
[   11.628419] Loading iSCSI transport class v2.0-870.
[[0;32m  OK  [0m] Started Load/Save Random Seed.
[[0;32m  OK  [0m] Started udev Coldplug all Devices.
[   11.754593] systemd-journald[374]: Received request to flush runtime journal from PID 1
[   11.792477] iscsi: registered transport (tcp)
[[0;32m  OK  [0m] Started Flush Journal to Persistent Storage.
[   12.027979] iscsi: registered transport (iser)
[[0;32m  OK  [0m] Started Load Kernel Modules.
         Mounting FUSE Control File System...
         Starting Apply Kernel Variables...
[[0;32m  OK  [0m] Mounted FUSE Control File System.
[[0;32m  OK  [0m] Started Monitoring of LVM2 mirrors,...ng dmeventd or progress polling.
[[0;32m  OK  [0m] Started Create Static Device Nodes in /dev.
[[0;32m  OK  [0m] Started Apply Kernel Variables.
         Starting udev Kernel Device Manager...
[[0;32m  OK  [0m] Reached target Local File Systems (Pre).
[[0;32m  OK  [0m] Reached target Local File Systems.
         Starting Initial cloud-init job (pre-networking)...
         Starting Tell Plymouth To Write Out Runtime Data...
         Starting Create Volatile Files and Directories...
         Starting LSB: AppArmor initialization...
         Starting Set console font and keymap...
[[0;32m  OK  [0m] Started Tell Plymouth To Write Out Runtime Data.
[[0;32m  OK  [0m] Started Create Volatile Files and Directories.
         Starting Update UTMP about System Boot/Shutdown...
[[0;32m  OK  [0m] Started Update UTMP about System Boot/Shutdown.
[[0;32m  OK  [0m] Started udev Kernel Device Manager.
[[0;32m  OK  [0m] Started Dispatch Password Requests to Console Directory Watch.
[[0;32m  OK  [0m] Found device /dev/ttyS0.
[[0;32m  OK  [0m] Started LSB: AppArmor initialization.
[[0;32m  OK  [0m] Started Set console font and keymap.
[[0;32m  OK  [0m] Listening on Load/Save RF Kill Switch Status /dev/rfkill Watch.
[[0;32m  OK  [0m] Created slice system-getty.slice.
[[0;32m  OK  [0m] Found device 82540EM Gigabit Ethern...r (PRO/1000 MT Desktop Adapter).
[   16.341048] cloud-init[456]: Cloud-init v. 19.1-1-gbaa47854-0ubuntu1~16.04.1 running 'init-local' at Thu, 22 Aug 2019 16:24:43 +0000. Up 15.57 seconds.
[[0;32m  OK  [0m] Started Initial cloud-init job (pre-networking).
[[0;32m  OK  [0m] Reached target Network (Pre).
         Starting Raise network interfaces...
[[0;32m  OK  [0m] Started ifup for enp0s3.
[[0;32m  OK  [0m] Started Raise network interfaces.
[[0;32m  OK  [0m] Reached target Network.
         Starting Initial cloud-init job (metadata service crawler)...
[   18.144276] cloud-init[967]: Cloud-init v. 19.1-1-gbaa47854-0ubuntu1~16.04.1 running 'init' at Thu, 22 Aug 2019 16:24:45 +0000. Up 17.49 seconds.
[   18.187161] cloud-init[967]: ci-info: ++++++++++++++++++++++++++++++++++++++Net device info++++++++++++++++++++++++++++++++++++++
[   18.192343] cloud-init[967]: ci-info: +--------+------+----------------------------+---------------+--------+-------------------+
[   18.206819] cloud-init[967]: ci-info: | Device |  Up  |          Address           |      Mask     | Scope  |     Hw-Address    |
[   18.213990] cloud-init[967]: ci-info: +--------+------+----------------------------+---------------+--------+-------------------+
[[0;32m  OK  [0m[   18.220540] cloud-init[967]: ci-info: | enp0s3 | True |         10.0.2.15          | 255.255.255.0 | global | 02:1e:e5:6d:71:21 |
[   18.222682] cloud-init[967]: ci-info: | enp0s3 | True | fe80::1e:e5ff:fe6d:7121/64 |       .       |  link  | 02:1e:e5:6d:71:21 |] Started Initial cloud-init job (metadata service crawler).
[[0;32m  OK  [0m] Reached target Network is Online.
         Starting iSCSI initiator daemon (iscsid)...
[[0;32m  OK  [0m] Reached target System Initialization.
[[0;32m  OK  [0m] Started Daily Cleanup of Temporary Directories.
         Starting Socket activation for snappy daemon.
[[0;32m  OK  [0m] Listening on UUID daemon activation socket.

[   18.235993] cloud-init[967]: ci-info: |   lo   | True |         127.0.0.1          |   255.0.0.0   |  host  |         .         |
         Starting LXD - unix socket.
[   18.240443] cloud-init[967]: ci-info: |   lo   | True |          ::1/128           |       .       |  host  |         .         |
[   18.244851] cloud-init[967]: ci-info: +--------+------+----------------------------+---------------+--------+-------------------+
[   18.268037] cloud-init[967]: ci-info: +++++++++++++++++++++++++++Route IPv4 info++++++++++++++++++++++++++++
[[0;32m  OK  [0m] Started ACPI Events Check.
[[0;32m  OK  [0m] Reached target Paths.
[   18.271934] cloud-init[967]: ci-info: +-------+-------------+----------+---------------+-----------+-------+
[   18.274333] cloud-init[967]: ci-info: | Route | Destination | Gateway  |    Genmask    | Interface | Flags |
[   18.276877] cloud-init[967]: ci-info: +-------+-------------+----------+---------------+-----------+-------+
[   18.278471] cloud-init[967]: ci-info: |   0   |   0.0.0.0   | 10.0.2.2 |    0.0.0.0    |   enp0s3  |   UG  |
[   18.280058] cloud-init[967]: ci-info: |   1   |   10.0.2.0  | 0.0.0.0  | 255.255.255.0 |   enp0s3  |   U   |
[   18.281678] cloud-init[967]: ci-info: +-------+-------------+----------+---------------+-----------+-------+
[   18.283262] cloud-init[967]: ci-info: +++++++++++++++++++Route IPv6 info+++++++++++++++++++
[   18.284754] cloud-init[967]: ci-info: +-------+-------------+---------+-----------+-------+
[   18.286210] cloud-init[967]: ci-info: | Route | Destination | Gateway | Interface | Flags |
[   18.287660] cloud-init[967]: ci-info: +-------+-------------+---------+-----------+-------+
[   18.289142] cloud-init[967]: ci-info: |   0   |  fe80::/64  |    ::   |   enp0s3  |   U   |
[   18.290594] cloud-init[967]: [[0;32m  OK  [0m] Started Daily apt download activities.
[[0;32m  OK  [0m] Started Daily apt upgrade and clean activities.
[[0;32m  OK  [0m] Reached target Timers.
[[0;32m  OK  [0m] Listening on D-Bus System Message Bus Socket.
[[0;32m  OK  [0m] Listening on ACPID Listen Socket.
[ci-info: |   3   |   ff00::/8  |    ::   |   enp0s3  |   U   |
[   18.296802] cloud-init[967]: ci-info: +-------+-------------+---------+-----------+-------+
[0;32m  OK  [0m] Reached target Cloud-config availability.
[[0;32m  OK  [0m] Listening on Socket activation for snappy daemon.
[[0;32m  OK  [0m] Listening on LXD - unix socket.
[[0;32m  OK  [0m] Started iSCSI initiator daemon (iscsid).
         Starting Login to default iSCSI targets...
[[0;32m  OK  [0m] Reached target Sockets.
[[0;32m  OK  [0m] Reached target Basic System.
[[0;32m  OK  [0m] Started Deferred execution scheduler.
         Starting Login Service...
         Starting LSB: MD monitoring daemon...
         Starting LXD - container startup/shutdown...
[[0;32m  OK  [0m] Started FUSE filesystem for LXC.
[[0;32m  OK  [0m] Started Regular background program processing daemon.
         Starting LSB: Record successful boot for GRUB...
[[0;32m  OK  [0m] Started ACPI event daemon.
         Starting OpenBSD Secure Shell server...
         Starting /etc/rc.local Compatibility...
         Starting Accounts Service...
         Starting Snappy daemon...
         Starting System Logging Service...
[[0;32m  OK  [0m] Started D-Bus System Message Bus.
         Starting Virtualbox guest utils...
[[0;32m  OK  [0m] Started System Logging Service.
[[0;32m  OK  [0m] Started /etc/rc.local Compatibility.
[[0;32m  OK  [0m] Started Login Service.
[[0;32m  OK  [0m] Started Unattended Upgrades Shutdown.
[[0;32m  OK  [0m] Started OpenBSD Secure Shell server.
[[0;32m  OK  [0m] Started LSB: Record successful boot for GRUB.
         Starting Authenticate and Authorize Users to Run Privileged Tasks...
[[0;32m  OK  [0m] Started Login to default iSCSI targets.
[[0;32m  OK  [0m] Reached target Remote File Systems (Pre).
[[0;32m  OK  [0m] Reached target Remote File Systems.
         Starting LSB: daemon to balance interrupts for SMP systems...
         Starting LSB: automatic crash report generation...
         Starting Permit User Sessions...
         Starting LSB: Set the CPU Frequency Scaling governor to "ondemand"...
[[0;32m  OK  [0m] Started LSB: MD monitoring daemon.
[[0;32m  OK  [0m] Started LSB: Set the CPU Frequency Scaling governor to "ondemand".
[[0;32m  OK  [0m] Started Permit User Sessions.
         Starting Hold until boot process finishes up...
         Starting Terminate Plymouth Boot Screen...
[[0;32m  OK  [0m] Started Hold until boot process finishes up.
[[0;32m  OK  [0m] Started Terminate Plymouth Boot Screen.
[[0;32m  OK  [0m] Started Serial Getty on ttyS0.
[[0;32m  OK  [0m] Started Getty on tty1.
[[0;32m  OK  [0m] Reached target Login Prompts.
         Starting Set console scheme...
[[0;32m  OK  [0m] Started LSB: daemon to balance interrupts for SMP systems.
[[0;32m  OK  [0m] Started LSB: automatic crash report generation.
[[0;32m  OK  [0m] Started Set console scheme.
[[0;32m  OK  [0m] Started Virtualbox guest utils.
[[0;32m  OK  [0m] Started Authenticate and Authorize Users to Run Privileged Tasks.
[[0;32m  OK  [0m] Started Accounts Service.
[[0;32m  OK  [0m] Started LXD - container startup/shutdown.
[[0;32m  OK  [0m] Started Snappy daemon.
         Starting Wait until snapd is fully seeded...
[[0;32m  OK  [0m] Started Wait until snapd is fully seeded.
[[0;32m  OK  [0m] Reached target Multi-User System.
[[0;32m  OK  [0m] Reached target Graphical Interface.
         Starting Update UTMP about System Runlevel Changes...
         Starting Apply the settings specified in cloud-config...
[[0;32m  OK  [0m] Started Update UTMP about System Runlevel Changes.
[   22.810343] cloud-init[1246]: Cloud-init v. 19.1-1-gbaa47854-0ubuntu1~16.04.1 running 'modules:config' at Thu, 22 Aug 2019 16:24:50 +0000. Up 22.63 seconds.
[[0;32m  OK  [0m] Started Apply the settings specified in cloud-config.
         Starting Execute cloud user/final scripts...
[   23.493153] cloud-init[1257]: Cloud-init v. 19.1-1-gbaa47854-0ubuntu1~16.04.1 running 'modules:final' at Thu, 22 Aug 2019 16:24:51 +0000. Up 23.35 seconds.
[   23.543620] cloud-init[1257]: Cloud-init v. 19.1-1-gbaa47854-0ubuntu1~16.04.1 finished at Thu, 22 Aug 2019 16:24:51 +0000. Datasource DataSourceNoCloud [seed=/dev/sdb][dsmode=net].  Up 23.48 seconds
[[0;32m  OK  [0m] Started Execute cloud user/final scripts.
[[0;32m  OK  [0m] Reached target Cloud-init target.

Ubuntu 16.04.6 LTS ubuntu-xenial ttyS0

ubuntu-xenial login: 