[    0.000000] Initializing cgroup subsys cpuset
[    0.000000] Initializing cgroup subsys cpu
[    0.000000] Initializing cgroup subsys cpuacct
[    0.000000] Linux version 4.4.0-154-generic (buildd@lgw01-amd64-049) (gcc version 5.4.0 20160609 (Ubuntu 5.4.0-6ubuntu1~16.04.10) ) #181-Ubuntu SMP Tue Jun 25 05:29:03 UTC 2019 (Ubuntu 4.4.0-154.181-generic 4.4.179)
[    0.000000] Command line: BOOT_IMAGE=/boot/vmlinuz-4.4.0-154-generic root=LABEL=cloudimg-rootfs ro console=tty1 console=ttyS0
[    0.000000] KERNEL supported cpus:
[    0.000000]   Intel GenuineIntel
[    0.000000]   AMD AuthenticAMD
[    0.000000]   Centaur CentaurHauls
[    0.000000] x86/fpu: xstate_offset[2]:  576, xstate_sizes[2]:  256
[    0.000000] x86/fpu: Supporting XSAVE feature 0x01: 'x87 floating point registers'
[    0.000000] x86/fpu: Supporting XSAVE feature 0x02: 'SSE registers'
[    0.000000] x86/fpu: Supporting XSAVE feature 0x04: 'AVX registers'
[    0.000000] x86/fpu: Enabled xstate features 0x7, context size is 832 bytes, using 'standard' format.
[    0.000000] e820: BIOS-provided physical RAM map:
[    0.000000] BIOS-e820: [mem 0x0000000000000000-0x000000000009fbff] usable
[    0.000000] BIOS-e820: [mem 0x000000000009fc00-0x000000000009ffff] reserved
[    0.000000] BIOS-e820: [mem 0x00000000000f0000-0x00000000000fffff] reserved
[    0.000000] BIOS-e820: [mem 0x0000000000100000-0x000000003ffeffff] usable
[    0.000000] BIOS-e820: [mem 0x000000003fff0000-0x000000003fffffff] ACPI data
[    0.000000] BIOS-e820: [mem 0x00000000fec00000-0x00000000fec00fff] reserved
[    0.000000] BIOS-e820: [mem 0x00000000fee00000-0x00000000fee00fff] reserved
[    0.000000] BIOS-e820: [mem 0x00000000fffc0000-0x00000000ffffffff] reserved
[    0.000000] NX (Execute Disable) protection: active
[    0.000000] SMBIOS 2.5 present.
[    0.000000] Hypervisor detected: KVM
[    0.000000] e820: last_pfn = 0x3fff0 max_arch_pfn = 0x400000000
[    0.000000] MTRR: Disabled
[    0.000000] x86/PAT: MTRRs disabled, skipping PAT initialization too.
[    0.000000] CPU MTRRs all blank - virtualized system.
[    0.000000] x86/PAT: Configuration [0-7]: WB  WT  UC- UC  WB  WT  UC- UC  
[    0.000000] found SMP MP-table at [mem 0x0009fff0-0x0009ffff] mapped at [ffff88000009fff0]
[    0.000000] Scanning 1 areas for low memory corruption
[    0.000000] RAMDISK: [mem 0x362fa000-0x37174fff]
[    0.000000] ACPI: Early table checksum verification disabled
[    0.000000] ACPI: RSDP 0x00000000000E0000 000024 (v02 VBOX  )
[    0.000000] ACPI: XSDT 0x000000003FFF0030 00003C (v01 VBOX   VBOXXSDT 00000001 ASL  00000061)
[    0.000000] ACPI: FACP 0x000000003FFF00F0 0000F4 (v04 VBOX   VBOXFACP 00000001 ASL  00000061)
[    0.000000] ACPI: DSDT 0x000000003FFF0470 0021FF (v02 VBOX   VBOXBIOS 00000002 INTL 20160108)
[    0.000000] ACPI: FACS 0x000000003FFF0200 000040
[    0.000000] ACPI: FACS 0x000000003FFF0200 000040
[    0.000000] ACPI: APIC 0x000000003FFF0240 00005C (v02 VBOX   VBOXAPIC 00000001 ASL  00000061)
[    0.000000] ACPI: SSDT 0x000000003FFF02A0 0001CC (v01 VBOX   VBOXCPUT 00000002 INTL 20160108)
[    0.000000] No NUMA configuration found
[    0.000000] Faking a node at [mem 0x0000000000000000-0x000000003ffeffff]
[    0.000000] NODE_DATA(0) allocated [mem 0x3ffeb000-0x3ffeffff]
[    0.000000] kvm-clock: Using msrs 4b564d01 and 4b564d00
[    0.000000] kvm-clock: cpu 0, msr 0:3ffe3001, primary cpu clock
[    0.000000] kvm-clock: using sched offset of 3425695755 cycles
[    0.000000] clocksource: kvm-clock: mask: 0xffffffffffffffff max_cycles: 0x1cd42e4dffb, max_idle_ns: 881590591483 ns
[    0.000000] Zone ranges:
[    0.000000]   DMA      [mem 0x0000000000001000-0x0000000000ffffff]
[    0.000000]   DMA32    [mem 0x0000000001000000-0x000000003ffeffff]
[    0.000000]   Normal   empty
[    0.000000]   Device   empty
[    0.000000] Movable zone start for each node
[    0.000000] Early memory node ranges
[    0.000000]   node   0: [mem 0x0000000000001000-0x000000000009efff]
[    0.000000]   node   0: [mem 0x0000000000100000-0x000000003ffeffff]
[    0.000000] Initmem setup node 0 [mem 0x0000000000001000-0x000000003ffeffff]
[    0.000000] ACPI: PM-Timer IO Port: 0x4008
[    0.000000] IOAPIC[0]: apic_id 2, version 32, address 0xfec00000, GSI 0-23
[    0.000000] ACPI: INT_SRC_OVR (bus 0 bus_irq 0 global_irq 2 dfl dfl)
[    0.000000] ACPI: INT_SRC_OVR (bus 0 bus_irq 9 global_irq 9 high level)
[    0.000000] Using ACPI (MADT) for SMP configuration information
[    0.000000] smpboot: Allowing 2 CPUs, 0 hotplug CPUs
[    0.000000] PM: Registered nosave memory: [mem 0x00000000-0x00000fff]
[    0.000000] PM: Registered nosave memory: [mem 0x0009f000-0x0009ffff]
[    0.000000] PM: Registered nosave memory: [mem 0x000a0000-0x000effff]
[    0.000000] PM: Registered nosave memory: [mem 0x000f0000-0x000fffff]
[    0.000000] e820: [mem 0x40000000-0xfebfffff] available for PCI devices
[    0.000000] Booting paravirtualized kernel on KVM
[    0.000000] clocksource: refined-jiffies: mask: 0xffffffff max_cycles: 0xffffffff, max_idle_ns: 7645519600211568 ns
[    0.000000] setup_percpu: NR_CPUS:512 nr_cpumask_bits:512 nr_cpu_ids:2 nr_node_ids:1
[    0.000000] PERCPU: Embedded 34 pages/cpu @ffff88003fc00000 s99480 r8192 d31592 u1048576
[    0.000000] Built 1 zonelists in Node order, mobility grouping on.  Total pages: 257912
[    0.000000] Policy zone: DMA32
[    0.000000] Kernel command line: BOOT_IMAGE=/boot/vmlinuz-4.4.0-154-generic root=LABEL=cloudimg-rootfs ro console=tty1 console=ttyS0
[    0.000000] PID hash table entries: 4096 (order: 3, 32768 bytes)
[    0.000000] Memory: 997732K/1048120K available (8613K kernel code, 1335K rwdata, 4028K rodata, 1484K init, 1284K bss, 50388K reserved, 0K cma-reserved)
[    0.000000] SLUB: HWalign=64, Order=0-3, MinObjects=0, CPUs=2, Nodes=1
[    0.000000] Kernel/User page tables isolation: enabled
[    0.000000] Hierarchical RCU implementation.
[    0.000000] 	Build-time adjustment of leaf fanout to 64.
[    0.000000] 	RCU restricting CPUs from NR_CPUS=512 to nr_cpu_ids=2.
[    0.000000] RCU: Adjusting geometry for rcu_fanout_leaf=64, nr_cpu_ids=2
[    0.000000] NR_IRQS:33024 nr_irqs:440 16
[    0.000000] Console: colour VGA+ 80x25
[    0.000000] console [tty1] enabled
[    0.000000] console [ttyS0] enabled
[    0.000000] tsc: Detected 3092.962 MHz processor
[    0.191027] Calibrating delay loop (skipped) preset value.. 6185.92 BogoMIPS (lpj=12371848)
[    0.192491] pid_max: default: 32768 minimum: 301
[    0.193274] ACPI: Core revision 20150930
[    0.194929] ACPI: 2 ACPI AML tables successfully acquired and loaded
[    0.196062] Security Framework initialized
[    0.196781] Yama: becoming mindful.
[    0.197444] AppArmor: AppArmor initialized
[    0.198240] Dentry cache hash table entries: 131072 (order: 8, 1048576 bytes)
[    0.200032] Inode-cache hash table entries: 65536 (order: 7, 524288 bytes)
[    0.235329] Mount-cache hash table entries: 2048 (order: 2, 16384 bytes)
[    0.236367] Mountpoint-cache hash table entries: 2048 (order: 2, 16384 bytes)
[    0.237589] Initializing cgroup subsys io
[    0.238307] Initializing cgroup subsys memory
[    0.239090] Initializing cgroup subsys devices
[    0.239860] Initializing cgroup subsys freezer
[    0.240625] Initializing cgroup subsys net_cls
[    0.241388] Initializing cgroup subsys perf_event
[    0.242181] Initializing cgroup subsys net_prio
[    0.266129] Initializing cgroup subsys hugetlb
[    0.266897] Initializing cgroup subsys pids
[    0.267696] mce: CPU supports 0 MCE banks
[    0.268445] Last level iTLB entries: 4KB 512, 2MB 8, 4MB 8
[    0.269334] Last level dTLB entries: 4KB 512, 2MB 32, 4MB 32, 1GB 0
[    0.270320] Spectre V2 : Mitigation: Full generic retpoline
[    0.271216] Spectre V2 : Spectre v2 / SpectreRSB mitigation: Filling RSB on context switch
[    0.272609] Speculative Store Bypass: Vulnerable
[    0.273491] MDS: Vulnerable: Clear CPU buffers attempted, no microcode
[    0.278275] Freeing SMP alternatives memory: 36K
[    0.284541] ftrace: allocating 32299 entries in 127 pages
[    0.348108] smpboot: APIC(0) Converting physical 0 to logical package 0
[    0.378759] smpboot: Max logical packages: 1
[    0.379778] x2apic enabled
[    0.386302] Switched APIC routing to physical x2apic.
[    0.392017] ..TIMER: vector=0x30 apic1=0 pin1=2 apic2=-1 pin2=-1
[    0.530340] smpboot: CPU0: Intel(R) Core(TM) i3-2100 CPU @ 3.10GHz (family: 0x6, model: 0x2a, stepping: 0x7)
[    0.533203] Performance Events: unsupported p6 CPU model 42 no PMU driver, software events only.
[    0.544781] KVM setup paravirtual spinlock
[    0.552542] x86: Booting SMP configuration:
[    0.556137] .... node  #0, CPUs:      #1
[    0.556961] kvm-clock: cpu 1, msr 0:3ffe3041, secondary cpu clock
[    0.557922] mce: CPU supports 0 MCE banks
[    0.560529] x86: Booted up 1 node, 2 CPUs
[    0.565422] smpboot: Total of 2 processors activated (12371.84 BogoMIPS)
[    0.566813] devtmpfs: initialized
[    0.570059] evm: security.selinux
[    0.570713] evm: security.SMACK64
[    0.571341] evm: security.SMACK64EXEC
[    0.572012] evm: security.SMACK64TRANSMUTE
[    0.576004] evm: security.SMACK64MMAP
[    0.576670] evm: security.ima
[    0.577256] evm: security.capability
[    0.578076] clocksource: jiffies: mask: 0xffffffff max_cycles: 0xffffffff, max_idle_ns: 7645041785100000 ns
[    0.579680] futex hash table entries: 512 (order: 3, 32768 bytes)
[    0.580769] pinctrl core: initialized pinctrl subsystem
[    0.581731] RTC time: 15:38:33, date: 08/22/19
[    0.582683] NET: Registered protocol family 16
[    0.594468] cpuidle: using governor ladder
[    0.618410] cpuidle: using governor menu
[    0.629210] PCCT header not found.
[    0.658783] ACPI: bus type PCI registered
[    0.677341] acpiphp: ACPI Hot Plug PCI Controller Driver version: 0.5
[    0.678418] PCI: Using configuration type 1 for base access
[    0.691192] ACPI: Added _OSI(Module Device)
[    0.693401] ACPI: Added _OSI(Processor Device)
[    0.694283] ACPI: Added _OSI(3.0 _SCP Extensions)
[    0.713250] ACPI: Added _OSI(Processor Aggregator Device)
[    0.731326] ACPI: Executed 1 blocks of module-level executable AML code
[    0.734391] ACPI: Interpreter enabled
[    0.767999] ACPI: (supports S0 S5)
[    0.786410] ACPI: Using IOAPIC for interrupt routing
[    0.816789] PCI: Using host bridge windows from ACPI; if necessary, use "pci=nocrs" and report a bug
[    0.821640] ACPI: PCI Root Bridge [PCI0] (domain 0000 [bus 00-ff])
[    0.822668] acpi PNP0A03:00: _OSC: OS supports [ASPM ClockPM Segments MSI]
[    0.823723] acpi PNP0A03:00: _OSC: not requesting OS control; OS requires [ExtendedConfig ASPM ClockPM MSI]
[    0.825287] acpi PNP0A03:00: fail to add MMCONFIG information, can't access extended PCI configuration space under this bridge.
[    0.827299] PCI host bridge to bus 0000:00
[    0.828018] pci_bus 0000:00: root bus resource [io  0x0000-0x0cf7 window]
[    0.829030] pci_bus 0000:00: root bus resource [io  0x0d00-0xffff window]
[    0.830046] pci_bus 0000:00: root bus resource [mem 0x000a0000-0x000bffff window]
[    0.831340] pci_bus 0000:00: root bus resource [mem 0x40000000-0xffdfffff window]
[    0.836915] pci_bus 0000:00: root bus resource [bus 00-ff]
[    0.839198] pci 0000:00:01.1: legacy IDE quirk: reg 0x10: [io  0x01f0-0x01f7]
[    0.840260] pci 0000:00:01.1: legacy IDE quirk: reg 0x14: [io  0x03f6]
[    0.841240] pci 0000:00:01.1: legacy IDE quirk: reg 0x18: [io  0x0170-0x0177]
[    0.842322] pci 0000:00:01.1: legacy IDE quirk: reg 0x1c: [io  0x0376]
[    0.865314] pci 0000:00:07.0: quirk: [io  0x4000-0x403f] claimed by PIIX4 ACPI
[    0.887733] pci 0000:00:07.0: quirk: [io  0x4100-0x410f] claimed by PIIX4 SMB
[    0.970487] ACPI: PCI Interrupt Link [LNKA] (IRQs 5 9 10 *11)
[    0.984618] ACPI: PCI Interrupt Link [LNKB] (IRQs 5 9 10 *11)
[    0.989208] ACPI: PCI Interrupt Link [LNKC] (IRQs 5 9 *10 11)
[    0.990572] ACPI: PCI Interrupt Link [LNKD] (IRQs 5 *9 10 11)
[    0.994615] ACPI: Enabled 2 GPEs in block 00 to 07
[    1.017392] vgaarb: setting as boot device: PCI:0000:00:02.0
[    1.018287] vgaarb: device added: PCI:0000:00:02.0,decodes=io+mem,owns=io+mem,locks=none
[    1.037598] vgaarb: loaded
[    1.038157] vgaarb: bridge control possible 0000:00:02.0
[    1.039298] SCSI subsystem initialized
[    1.040142] ACPI: bus type USB registered
[    1.040875] usbcore: registered new interface driver usbfs
[    1.041754] usbcore: registered new interface driver hub
[    1.042632] usbcore: registered new device driver usb
[    1.043685] PCI: Using ACPI for IRQ routing
[    1.044682] NetLabel: Initializing
[    1.045317] NetLabel:  domain hash size = 128
[    1.046056] NetLabel:  protocols = UNLABELED CIPSOv4
[    1.047349] NetLabel:  unlabeled traffic allowed by default
[    1.099165] amd_nb: Cannot enumerate AMD northbridges
[    1.110531] clocksource: Switched to clocksource kvm-clock
[    1.118084] AppArmor: AppArmor Filesystem Enabled
[    1.167707] pnp: PnP ACPI init
[    1.208496] pnp: PnP ACPI: found 3 devices
[    1.232044] clocksource: acpi_pm: mask: 0xffffff max_cycles: 0xffffff, max_idle_ns: 2085701024 ns
[    1.278909] NET: Registered protocol family 2
[    1.279855] TCP established hash table entries: 8192 (order: 4, 65536 bytes)
[    1.352915] TCP bind hash table entries: 8192 (order: 5, 131072 bytes)
[    1.353918] TCP: Hash tables configured (established 8192 bind 8192)
[    1.354902] UDP hash table entries: 512 (order: 2, 16384 bytes)
[    1.355862] UDP-Lite hash table entries: 512 (order: 2, 16384 bytes)
[    1.356857] NET: Registered protocol family 1
[    1.357606] pci 0000:00:00.0: Limiting direct PCI/PCI transfers
[    1.358542] pci 0000:00:01.0: Activating ISA DMA hang workarounds
[    1.359646] Unpacking initramfs...
[    1.578246] Freeing initrd memory: 14828K
[    1.693380] RAPL PMU detected, API unit is 2^-32 Joules, 3 fixed counters 10737418240 ms ovfl timer
[    1.695505] hw unit of domain pp0-core 2^-0 Joules
[    1.701700] hw unit of domain package 2^-0 Joules
[    1.702521] hw unit of domain pp1-gpu 2^-0 Joules
[    1.703351] clocksource: tsc: mask: 0xffffffffffffffff max_cycles: 0x2c954f1e096, max_idle_ns: 440795235029 ns
[    1.723542] platform rtc_cmos: registered platform RTC device (no PNP device found)
[    1.724910] Scanning for low memory corruption every 60 seconds
[    1.726221] audit: initializing netlink subsys (disabled)
[    1.727147] audit: type=2000 audit(1566488318.742:1): initialized
[    1.728376] Initialise system trusted keyring
[    1.729338] HugeTLB registered 2 MB page size, pre-allocated 0 pages
[    1.731659] zbud: loaded
[    1.732588] VFS: Disk quotas dquot_6.6.0
[    1.733332] VFS: Dquot-cache hash table entries: 512 (order 0, 4096 bytes)
[    1.734604] squashfs: version 4.0 (2009/01/31) Phillip Lougher
[    1.735855] fuse init (API version 7.23)
[    1.736679] Key type big_key registered
[    1.737386] Allocating IMA MOK and blacklist keyrings.
[    1.739203] Key type asymmetric registered
[    1.742989] Asymmetric key parser 'x509' registered
[    1.743839] Block layer SCSI generic (bsg) driver version 0.4 loaded (major 249)
[    1.745190] io scheduler noop registered
[    1.748271] io scheduler deadline registered (default)
[    1.749135] io scheduler cfq registered
[    1.749921] pci_hotplug: PCI Hot Plug PCI Core version: 0.5
[    1.750810] pciehp: PCI Express Hot Plug Controller Driver version: 0.4
[    1.751983] ACPI: AC Adapter [AC] (on-line)
[    1.752771] input: Power Button as /devices/LNXSYSTM:00/LNXPWRBN:00/input/input0
[    1.754062] ACPI: Power Button [PWRF]
[    1.754801] input: Sleep Button as /devices/LNXSYSTM:00/LNXSLPBN:00/input/input1
[    1.756100] ACPI: Sleep Button [SLPF]
[    1.756942] GHES: HEST is not enabled!
[    1.757731] Serial: 8250/16550 driver, 32 ports, IRQ sharing enabled
[    1.780470] 00:02: ttyS0 at I/O 0x3f8 (irq = 4, base_baud = 115200) is a 16550A
[    1.824657] Linux agpgart interface v0.103
[    1.826937] loop: module loaded
[    1.833441] scsi host0: ata_piix
[    1.836213] scsi host1: ata_piix
[    1.839257] ata1: PATA max UDMA/33 cmd 0x1f0 ctl 0x3f6 bmdma 0xd000 irq 14
[    1.882742] ata2: PATA max UDMA/33 cmd 0x170 ctl 0x376 bmdma 0xd008 irq 15
[    1.903809] libphy: Fixed MDIO Bus: probed
[    1.904533] tun: Universal TUN/TAP device driver, 1.6
[    1.905351] tun: (C) 1999-2004 Max Krasnyansky <maxk@qualcomm.com>
[    1.906347] PPP generic driver version 2.4.2
[    1.907187] ehci_hcd: USB 2.0 'Enhanced' Host Controller (EHCI) Driver
[    1.908203] ehci-pci: EHCI PCI platform driver
[    1.908974] ehci-platform: EHCI generic platform driver
[    1.909823] ohci_hcd: USB 1.1 'Open' Host Controller (OHCI) Driver
[    1.910781] ohci-pci: OHCI PCI platform driver
[    1.911581] ohci-platform: OHCI generic platform driver
[    1.912446] uhci_hcd: USB Universal Host Controller Interface driver
[    1.913486] i8042: PNP: PS/2 Controller [PNP0303:PS2K,PNP0f03:PS2M] at 0x60,0x64 irq 1,12
[    1.915337] serio: i8042 KBD port at 0x60,0x64 irq 1
[    1.916175] serio: i8042 AUX port at 0x60,0x64 irq 12
[    1.917105] mousedev: PS/2 mouse device common for all mice
[    1.918456] input: AT Translated Set 2 keyboard as /devices/platform/i8042/serio0/input/input2
[    1.920055] rtc_cmos rtc_cmos: rtc core: registered rtc_cmos as rtc0
[    1.921385] rtc_cmos rtc_cmos: alarms up to one day, 114 bytes nvram
[    1.922809] i2c /dev entries driver
[    1.924510] device-mapper: uevent: version 1.0.3
[    1.926645] device-mapper: ioctl: 4.34.0-ioctl (2015-10-28) initialised: dm-devel@redhat.com
[    1.930147] ledtrig-cpu: registered to indicate activity on CPUs
[    1.933328] NET: Registered protocol family 10
[    1.935524] NET: Registered protocol family 17
[    1.936508] Key type dns_resolver registered
[    1.938188] registered taskstats version 1
[    1.939851] Loading compiled-in X.509 certificates
[    1.942903] Loaded X.509 cert 'Build time autogenerated kernel key: 65139e04a67245b562a838c28b5e7032abdd4348'
[    1.946433] zswap: loaded using pool lzo/zbud
[    1.951315] Key type trusted registered
[    1.959480] Key type encrypted registered
[    1.963527] AppArmor: AppArmor sha1 policy hashing enabled
[    1.965130] ima: No TPM chip found, activating TPM-bypass!
[    1.966725] ima: Allocated hash algorithm: sha1
[    1.968126] evm: HMAC attrs: 0x1
[    1.969591]   Magic number: 15:836:639
[    1.970989] rtc_cmos rtc_cmos: setting system clock to 2019-08-22 15:38:34 UTC (1566488314)
[    1.973640] BIOS EDD facility v0.16 2004-Jun-25, 0 devices found
[    1.975305] EDD information not available.
[    2.060255] Freeing unused kernel memory: 1484K
[    2.064206] Write protecting the kernel read-only data: 14336k
[    2.067451] Freeing unused kernel memory: 1616K
[    2.070864] Freeing unused kernel memory: 68K
Loading, please wait...
starting version[    2.101070] random: systemd-udevd: uninitialized urandom read (16 bytes read, 2 bits of entropy available)
 229
[    2.102333] random: udevadm: uninitialized urandom read (16 bytes read, 2 bits of entropy available)
[    2.102387] random: udevadm: uninitialized urandom read (16 bytes read, 2 bits of entropy available)
[    2.113457] random: systemd-udevd: uninitialized urandom read (16 bytes read, 2 bits of entropy available)
[    2.116845] random: systemd-udevd: uninitialized urandom read (16 bytes read, 2 bits of entropy available)
[    2.120210] random: systemd-udevd: uninitialized urandom read (16 bytes read, 2 bits of entropy available)
[    2.125014] random: systemd-udevd: uninitialized urandom read (16 bytes read, 2 bits of entropy available)
[    2.126349] random: udevadm: uninitialized urandom read (16 bytes read, 2 bits of entropy available)
[    2.126441] random: udevadm: uninitialized urandom read (16 bytes read, 2 bits of entropy available)
[    2.127002] random: udevadm: uninitialized urandom read (16 bytes read, 2 bits of entropy available)
[    2.203800] e1000: Intel(R) PRO/1000 Network Driver - version 7.3.21-k8-NAPI
[    2.213495] e1000: Copyright (c) 1999-2006 Intel Corporation.
[    2.215573] Fusion MPT base driver 3.04.20
[    2.223054] Copyright (c) 1999-2008 LSI Corporation
[    2.234234] Fusion MPT SPI Host driver 3.04.20
[    2.463912] input: ImExPS/2 Generic Explorer Mouse as /devices/platform/i8042/serio1/input/input4
[    2.581478] e1000 0000:00:03.0 eth0: (PCI:33MHz:32-bit) 02:1e:e5:6d:71:21
[    2.694212] e1000 0000:00:03.0 eth0: Intel(R) PRO/1000 Network Connection
[    2.696743] e1000 0000:00:03.0 enp0s3: renamed from eth0
[    2.699560] mptbase: ioc0: Initiating bringup
[    2.954924] ioc0: LSI53C1030 A0: Capabilities={Initiator}
[    3.174213] scsi host2: ioc0: LSI53C1030 A0, FwRev=00000000h, Ports=1, MaxQ=256, IRQ=20
[    3.307764] scsi 2:0:0:0: Direct-Access     VBOX     HARDDISK         1.0  PQ: 0 ANSI: 5
[    3.314007] scsi target2:0:0: Beginning Domain Validation
[    3.318264] scsi target2:0:0: Domain Validation skipping write tests
[    3.320820] scsi target2:0:0: Ending Domain Validation
[    3.322922] scsi target2:0:0: asynchronous
[    3.325543] scsi 2:0:1:0: Direct-Access     VBOX     HARDDISK         1.0  PQ: 0 ANSI: 5
[    3.328849] scsi target2:0:1: Beginning Domain Validation
[    3.332322] scsi target2:0:1: Domain Validation skipping write tests
[    3.334578] scsi target2:0:1: Ending Domain Validation
[    3.336548] scsi target2:0:1: asynchronous
[    3.362093] sd 2:0:0:0: [sda] 20971520 512-byte logical blocks: (10.7 GB/10.0 GiB)
[    3.366222] sd 2:0:0:0: [sda] Write Protect is off
[    3.368199] sd 2:0:0:0: Attached scsi generic sg0 type 0
[    3.369954] sd 2:0:0:0: [sda] Incomplete mode parameter data
[    3.371769] sd 2:0:0:0: [sda] Assuming drive cache: write through
[    3.375388] sd 2:0:1:0: [sdb] 20480 512-byte logical blocks: (10.5 MB/10.0 MiB)
[    3.380911] sd 2:0:1:0: [sdb] Write Protect is off
[    3.382587] sd 2:0:1:0: Attached scsi generic sg1 type 0
[    3.384308] sd 2:0:1:0: [sdb] Incomplete mode parameter data
[    3.386018] sd 2:0:1:0: [sdb] Assuming drive cache: write through
[    3.395933]  sda: sda1
[    3.400670] sd 2:0:0:0: [sda] Attached SCSI disk
[    3.410495] sd 2:0:1:0: [sdb] Attached SCSI disk
Begin: Loading e[    4.836355] md: linear personality registered for level -1
ssential drivers ... [    5.026097] md: multipath personality registered for level -4
[    5.435848] md: raid0 personality registered for level 0
[    5.706933] md: raid1 personality registered for level 1
[    5.794839] raid6: sse2x1   gen()  8182 MB/s
[    5.962159] raid6: sse2x1   xor()  6952 MB/s
[    6.363691] raid6: sse2x2   gen()  9850 MB/s
[    6.742665] raid6: sse2x2   xor()  6876 MB/s
[    6.826594] raid6: sse2x4   gen() 11785 MB/s
[    6.912145] raid6: sse2x4   xor()  9658 MB/s
[    6.932962] raid6: using algorithm sse2x4 gen() 11785 MB/s
[    6.936738] raid6: .... xor() 9658 MB/s, rmw enabled
[    6.955335] raid6: using ssse3x2 recovery algorithm
[    6.958066] xor: automatically using best checksumming function:
[    7.002564]    avx       : 19670.000 MB/sec
[    7.009015] async_tx: api initialized (async)
[    7.022364] md: raid6 personality registered for level 6
[    7.035084] md: raid5 personality registered for level 5
[    7.035947] md: raid4 personality registered for level 4
[    7.044629] md: raid10 personality registered for level 10
done.
Begin: Running /scripts/init-premount ... done.
Begin: Mounting root file system ... Begin: Running /scripts/local-top ... done.
Begin: Running /scripts/local-premount ... [    7.088191] Btrfs loaded
Scanning for Btrfs filesystems
done.
Warning: fsck not present, so skipping root file system
[    7.174172] EXT4-fs (sda1): mounted filesystem with ordered data mode. Opts: (null)
done.
Begin: Running /scripts/local-bottom ... done.
Begin: Running /scripts/init-bottom ... done.
[    7.776326] systemd[1]: systemd 229 running in system mode. (+PAM +AUDIT +SELINUX +IMA +APPARMOR +SMACK +SYSVINIT +UTMP +LIBCRYPTSETUP +GCRYPT +GNUTLS +ACL +XZ -LZ4 +SECCOMP +BLKID +ELFUTILS +KMOD -IDN)
[    7.805924] systemd[1]: Detected virtualization oracle.
[    7.807287] systemd[1]: Detected architecture x86-64.

Welcome to [1mUbuntu 16.04.6 LTS[0m!

[    7.871158] systemd[1]: Set hostname to <ubuntu>.
[    7.939152] systemd[1]: Initializing machine ID from random generator.
[    7.991794] systemd[1]: Installed transient /etc/machine-id file.
[    8.546720] random: nonblocking pool is initialized
[    9.000694] systemd[1]: Listening on /dev/initctl Compatibility Named Pipe.
[[0;32m  OK  [0m] Listening on /dev/initctl Compatibility Named Pipe.
[    9.095241] systemd[1]: Set up automount Arbitrary Executable File Formats File System Automount Point.
[[0;32m  OK  [0m] Set up automount Arbitrary Executab...ats File System Automount Point.
[    9.222241] systemd[1]: Listening on Device-mapper event daemon FIFOs.
[[0;32m  OK  [0m] Listening on Device-mapper event daemon FIFOs.
[    9.224404] systemd[1]: Started Trigger resolvconf update for networkd DNS.
[[0;32m  OK  [0m] Started Trigger resolvconf update for networkd DNS.
[    9.226582] systemd[1]: Listening on Journal Socket.
[[0;32m  OK  [0m] Listening on Journal Socket.
[    9.228298] systemd[1]: Reached target Encrypted Volumes.
[[0;32m  OK  [0m] Reached target Encrypted Volumes.
[    9.230106] systemd[1]: Started Forward Password Requests to Wall Directory Watch.
[[0;32m  OK  [0m] Started Forward Password Requests to Wall Directory Watch.
[    9.232647] systemd[1]: Listening on Journal Audit Socket.
[[0;32m  OK  [0m] Listening on Journal Audit Socket.
[    9.234425] systemd[1]: Reached target Swap.
[[0;32m  OK  [0m] Reached target Swap.
[    9.236399] systemd[1]: Created slice User and Session Slice.
[[0;32m  OK  [0m] Created slice User and Session Slice.
[    9.238556] systemd[1]: Created slice System Slice.
[[0;32m  OK  [0m] Created slice System Slice.
[    9.250689] systemd[1]: Mounting POSIX Message Queue File System...
         Mounting POSIX Message Queue File System...
[    9.333859] systemd[1]: Reached target Slices.
[[0;32m  OK  [0m] Reached target Slices.
[    9.336507] systemd[1]: Starting Set console keymap...
         Starting Set console keymap...
[    9.365458] systemd[1]: Starting Nameserver information manager...
         Starting Nameserver information manager...
[    9.418740] systemd[1]: Starting Load Kernel Modules...
         Starting Load Kernel Modules...
[    9.438442] systemd[1]: Mounting Debug File System...
         Mounting Debug File System...
[    9.446200] systemd[1]: Created slice system-serial\x2dgetty.slice.
[[0;32m  OK  [0m] Created slice system-serial\x2dgetty.slice.
[    9.453587] systemd[1]: Listening on Journal Socket (/dev/log).
[[0;32m  OK  [0m] Listening on Journal Socket (/dev/log).
[    9.456585] systemd[1]: Listening on Syslog Socket.
[[0;32m  OK  [0m] Listening on Syslog Socket.
[    9.460287] systemd[1]: Starting Journal Service...
         Starting Journal Service...
[    9.466291] systemd[1]: Starting Remount Root and Kernel File Systems...
         Starting Remount Root and Kernel File Systems...
[    9.507348] EXT4-fs (sda1): re-mounted. Opts: (null)
[    9.515622] systemd[1]: Starting Create list of required static device nodes for the current kernel...
         Startin[    9.529040] Loading iSCSI transport class v2.0-870.
g Create list of required st... nodes for the current kernel...
[    9.601790] systemd[1]: Mounting Huge Pages File System...
         Mounting Huge Pages File System...
[    9.634561] systemd[1]: Listening on LVM2 poll daemon socket.
[[0;32m  OK  [0m] Listening on LVM2 poll daemon socket.
[    9.639723] systemd[1]: Listening on udev Kernel Socket.
[[0;32m  OK  [0m] Listening on udev Kernel Socket.
[    9.643673] systemd[1]: Listening on udev Control Socket.
[    9.648059] iscsi: registered transport (tcp)
[[0;32m  OK  [0m] Listening on udev Control Socket.
[    9.679110] systemd[1]: Reached target User and Group Name Lookups.
[[0;32m  OK  [0m] Reached target User and Group Name Lookups.
[    9.681367] systemd[1]: Listening on LVM2 metadata daemon socket.
[[0;32m  OK  [0m] Listening on LVM2 metadata daemon socket.
[    9.726775] systemd[1]: Starting Monitoring of LVM2 mirrors, snapshots etc. using dmeventd or progress polling...
         Starting Monitoring of LVM2 mirrors... dmeventd or progress polling...
[    9.746430] systemd[1]: Reached target System Time Synchronized.
[[0;32m  OK  [0m] Reached target System Time Synchronized.
[    9.753790] systemd[1]: Starting Uncomplicated firewall...
         Starting Uncomplicated firewall...
[    9.792876] iscsi: registered transport (iser)
[    9.795482] systemd[1]: Mounted POSIX Message Queue File System.
[[0;32m  OK  [0m] Mounted POSIX Message Queue File System.
[    9.851454] systemd[1]: Mounted Huge Pages File System.
[[0;32m  OK  [0m] Mounted Huge Pages File System.
[    9.853411] systemd[1]: Mounted Debug File System.
[[0;32m  OK  [0m] Mounted Debug File System.
[    9.855334] systemd[1]: Started Journal Service.
[[0;32m  OK  [0m] Started Journal Service.
[[0;32m  OK  [0m] Started Set console keymap.
[[0;32m  OK  [0m] Started Load Kernel Modules.
[[0;32m  OK  [0m] Started Remount Root and Kernel File Systems.
[[0;32m  OK  [0m] Started Create list of required sta...ce nodes for the current kernel.
[[0;32m  OK  [0m] Started Uncomplicated firewall.
[[0;32m  OK  [0m] Started Nameserver information manager.
[[0;32m  OK  [0m] Started LVM2 metadata daemon.
         Starting Create Static Device Nodes in /dev...
         Starting udev Coldplug all Devices...
         Starting Load/Save Random Seed...
         Mounting FUSE Control File System...
         Starting Apply Kernel Variables...
         Starting Flush Journal to Persistent Storage...
[[0;32m  OK  [0m] Mounted FUSE Control File System.
[[0;32m  OK  [0m] Started udev Coldplug all Devices.
[   10.171911] systemd-journald[366]: Received request to flush runtime journal from PID 1
[[0;32m  OK  [0m] Started Load/Save Random Seed.
[[0;32m  OK  [0m] Started Flush Journal to Persistent Storage.
[[0;32m  OK  [0m] Started Apply Kernel Variables.
[[0;32m  OK  [0m] Started Monitoring of LVM2 mirrors,...ng dmeventd or progress polling.
[[0;32m  OK  [0m] Started Create Static Device Nodes in /dev.
         Starting udev Kernel Device Manager...
[[0;32m  OK  [0m] Reached target Local File Systems (Pre).
[[0;32m  OK  [0m] Reached target Local File Systems.
         Starting Set console font and keymap...
         Starting Tell Plymouth To Write Out Runtime Data...
         Starting LSB: AppArmor initialization...
         Starting Commit a transient machine-id on disk...
         Starting Create Volatile Files and Directories...
         Starting Initial cloud-init job (pre-networking)...
[[0;32m  OK  [0m] Started Tell Plymouth To Write Out Runtime Data.
[[0;32m  OK  [0m] Started Commit a transient machine-id on disk.
[[0;32m  OK  [0m] Started Create Volatile Files and Directories.
         Starting Update UTMP about System Boot/Shutdown...
[[0;32m  OK  [0m] Started Update UTMP about System Boot/Shutdown.
[[0;32m  OK  [0m] Started udev Kernel Device Manager.
[[0;32m  OK  [0m] Started Dispatch Password Requests to Console Directory Watch.
[[0;32m  OK  [0m] Found device /dev/ttyS0.
[[0;32m  OK  [0m] Listening on Load/Save RF Kill Switch Status /dev/rfkill Watch.
[[0;32m  OK  [0m] Started LSB: AppArmor initialization.
[[0;32m  OK  [0m] Started Set console font and keymap.
[[0;32m  OK  [0m] Created slice system-getty.slice.
[   14.188349] cloud-init[463]: Cloud-init v. 19.1-1-gbaa47854-0ubuntu1~16.04.1 running 'init-local' at Thu, 22 Aug 2019 15:38:46 +0000. Up 13.56 seconds.
[[0;32m  OK  [0m] Started Initial cloud-init job (pre-networking).
[[0;32m  OK  [0m] Reached target Network (Pre).
         Starting Raise network interfaces...
[[0;32m  OK  [0m] Started Raise network interfaces.
         Starting Initial cloud-init job (metadata service crawler)...
[[0;32m  OK  [0m] Reached target Network.
[   16.332242] cloud-init[942]: Cloud-init v. 19.1-1-gbaa47854-0ubuntu1~16.04.1 running 'init' at Thu, 22 Aug 2019 15:38:48 +0000. Up 15.15 seconds.
[[0;32m  OK  [0m] Started Initial cloud-init job (metadata service crawler).
[   16.416692] cloud-init[942]: ci-info: ++++++++++++++++++++++++++++++++++++++Net device info++++++++++++++++++++++++++++++++++++++
[   16.421937] [[0;32m  OK  [0m] Reached target System Initialization.
[[0;32m  OK  [0m] Started Daily apt download activities.
cloud-init[942]: ci-info: +--------+------+----------------------------+---------------+--------+-------------------+
[   16.437523] cloud-init[942]: ci-info: | Device |  Up  |          Address           |      Mask     | Scope  |     Hw-Address    |
[   16.439633] cloud-init[942]: ci-info: +--------+------+----------------------------+---------------+--------+-------------------+
[   16.441764] cloud-init[942]: ci-info: | enp0s3 | True |         10.0.2.15          | 255.255.255.0 | global | 02:1e:e5:6d:71:21 |
         Starting LXD - unix socket.
[   16.448167] [[0;32m  OK  [0m] Listening on ACPID Listen Socket.
         Starting Socket activation for snappy daemon.
[[0;32m  OK  [0m] Started Daily Cleanup of Temporary Directories.
[[0;32m  OK  [0m] Listening on D-Bus System Message Bus Socket.
[[0;32m  OK  [0m] Listening on UUID daemon activation socket.
[[0;32m  OK  [0m] Started Daily apt upgrade and clean activities.
[[0;32m  OK  [0m] Reached target Timers.
cloud-init[942]: ci-info: | enp0s3 | True | fe80::1e:e5ff:fe6d:7121/64 |       .       |  link  | 02:1e:e5:6d:71:21 |
[   16.457873] [[0;32m  OK  [0m] Started ACPI Events Check.
[[0;32m  OK  [0m] Reached target Paths.
[[0;32m  OK  [0m] Reached target Network is Online.
cloud-init[942]: ci-info: |   lo   | True |         127.0.0.1          |   255.0.0.0   |  host  |         .         |
[   16.462236] cloud-init[942]: ci-info: |   lo   | True |          ::1/128           |       .       |  host  |         .         |
[   16.464291] cloud-init[942]: ci-info: +--------+------+----------------------------+---------------+--------+-------------------+
[   16.466226] cloud-init[942]: ci-info: +++++++++++++++++++++++++++Route IPv4 info++++++++++++++++++++++++++++
[   16.467953] cloud-init[942]: ci-info: +-------+-------------+----------+---------------+-----------+-------+
[   16.469677] cloud-init[942]: ci-info: | Route | Destination | Gateway  |    Genmask    | Interface | Flags |
[   16.472319] cloud-init[942]: ci-info: +-------+-------------+----------+---------------+-----------+-------+
[   16.473897] cloud-init[942]: ci-info: |   0   |   0.0.0.0   | 10.0.2.2 |    0.0.0.0    |   enp0s3  |   UG  |
[   16.475468] cloud-init[942]:          Starting iSCSI initiator daemon (iscsid)...
[[0;32m  OK  [0m] Reached target Cloud-config availability.
[[0;32m  OK  [0m] Listening on LXD - unix socket.
[[0;32m  OK  [0m] Listening on Socket activation for snappy daemon.
[[0;32m  OK  [0m] Reached target Sockets.
[[0;32m  OK  [0m] Reached target Basic System.
ci-info: |   1   |   10.0.2.0  | 0.0.0.0  | 255.255.255.0 |   enp0s3  |   U   |
[   16.483110]          Starting LSB: MD monitoring daemon...
cloud-init[942]: ci-info: +-------+-------------+----------+---------------+-----------+-------+
[   16.489851] cloud-init[942]: ci-info: +++++++++++++++++++Route IPv6 info+++++++++++++++++++
[[0;32m  OK  [0m] Started D-Bus System Message Bus.
[   16.492197] cloud-init[942]: ci-info: +-------+-------------+---------+-----------+-------+
[   16.529365] cloud-init[942]: ci-info: | Route | Destination | Gateway | Interface | Flags |
[   16.532305] cloud-init[942]: ci-info: +-------+-------------+---------+-----------+-------+
[   16.534299] cloud-init[942]: ci-info: |   0   |  fe80::/64  |    ::   |   enp0s3  |   U   |
[   16.536309] cloud-init[942]: ci-info: |   3   |   ff00::/8  |    ::   |   enp0s3  |   U   |
[   16.538162] cloud-init[942]: ci-info: +-------+-------------+---------+-----------+-------+
[   16.539986] cloud-init[942]: Generating public/private rsa key pair.
[   16.542616] cloud-init[942]: Your identification has been saved in /etc/ssh/ssh_host_rsa_key.
[   16.545405] cloud-init[942]: Your public key has been saved in /etc/ssh/ssh_host_rsa_key.pub.
[   16.548111] cloud-init[942]: The key fingerprint is:
[   16.549505] cloud-init[942]: SHA256:tltoFj07s4r17dV7CK0FjznZpz6/WW+rqlSW5G21UOg root@ubuntu-xenial
[   16.551469] cloud-init[942]: The key's randomart image is:
[   16.553024] cloud-init[942]: +---[RSA 2048]----+
[   16.555559] cloud-init[942]: |              .. |
[   16.556942] cloud-init[942]: |             ..  |
[   16.558266] cloud-init[942]: |           ... . |
[   16.559589] cloud-init[942]: |         .o +Eo .|
[   16.560936] cloud-init[942]: |        S o= @ . |
[   16.562259] cloud-init[942]: |       . +ooB =..|
[   16.563680] cloud-init[942]: |        *.=  =.+o|
[   16.566030] cloud-init[942]: |       =.+ =..+ B|
[   16.567371] cloud-init[942]: |      . oo+o+ooO*|
[   16.568744] cloud-init[942]: +----[SHA256]-----+
[   16.570086] cloud-init[942]: Generating public/private dsa key pair.
[   16.571634] cloud-init[942]: Your identification has been saved in /etc/ssh/ssh_host_dsa_key.
[   16.577648] cloud-init[942]: Your public key has been saved in /etc/ssh/ssh_host_dsa_key.pub.
[   16.579521] cloud-init[942]: The key fingerprint is:
[   16.580920] cloud-init[942]: SHA256:n0AStrJMbhAOv3yHrAHv3GJ9i4tT8Kg+NG1mkLUD8NY root@ubuntu-xenial
[   16.585261] cloud-init[942]: The key's randomart image is:
[   16.586695] cloud-init[942]: +---[DSA 1024]----+
[   16.588095] cloud-init[942]: |+ .   o          |
[   16.589445] cloud-init[942]: | * + . o         |
[   16.590769] cloud-init[942]: |. X E o .        |
[   16.592110] cloud-init[942]: | B.X + o         |
[   16.593441] cloud-init[942]: |  B+X . S        |
[   16.594853] cloud-init[942]: | =.%o.   o .     |
[   16.596207] cloud-init[942]: |..@.o .   o      |
[   16.597542] cloud-init[942]: |.o.o o .         |
[   16.598863] cloud-init[942]: |..o.o..          |
[   16.600835] cloud-init[942]: +----[SHA256]-----+
[   16.602160] cloud-init[942]: Generating public/private ecdsa key pair.
[   16.603727] cloud-init[942]: Your identification has been saved in /etc/ssh/ssh_host_ecdsa_key.
[   16.605625] cloud-init[942]: Your public key has been saved in /etc/ssh/ssh_host_ecdsa_key.pub.
[   16.607547] cloud-init[942]: The key fingerprint is:
[   16.608966] cloud-init[942]: SHA256:F35gipwXrdx0EVH9oOsdcqIU3lSUoEZzzMShN17v9X0 root@ubuntu-xenial
[   16.610868] cloud-init[942]: The key's randomart image is:
[   16.612323] cloud-init[942]: +---[ECDSA 256]---+
[   16.613653] cloud-init[942]: |          o=OBoo |
[   16.614974] cloud-init[942]: |         o =+.+ .|
[   16.616444] cloud-init[942]: |        . X +o...|
[   16.617787] cloud-init[942]: |     . + X.*oo ..|
[   16.619107] cloud-init[942]: |      + S.++o.  o|
[   16.620454] cloud-init[942]: |       . .o.= o.+|
[   16.623930] cloud-init[942]: |         . o = .E|
[   16.625436] cloud-init[942]: |          . . . .|
[   16.626867] cloud-init[942]: |                 |
[   16.628865] cloud-init[942]: +----[SHA256]-----+
[   16.629978] cloud-init[942]: Generating public/private ed25519 key pair.
[   16.631242] cloud-init[942]: Your identification has been saved in /etc/ssh/ssh_host_ed25519_key.
[   16.632752] cloud-init[942]: Your public key has been saved in /etc/ssh/ssh_host_ed25519_key.pub.
[   16.634191] cloud-init[942]: The key fingerprint is:
[   16.635317] cloud-init[942]: SHA256:Sx6XJkuVMQuE3yRo/sYJ33hfxI//hSvd4IYVHNqudx8 root@ubuntu-xenial
[   16.636802] cloud-init[942]: The key's randomart image is:
[   16.644586] cloud-init[942]: +--[ED25519 256]--+
[   16.657671] cloud-init[942]: |       +o o      |
[   16.659268] cloud-init[942]: |      + ...=  .  |
[   16.660889] cloud-init[942]: |     o . ++  = . |
[   16.662464] cloud-init[942]: |      o ..... *  |
[   16.664061]          Starting Snappy daemon...
cloud-init[942]: |       =S++  o + |
[   16.670124]          cloud-initStarting LSB: Record successful boot for GRUB...[942]: 
|       +BBo   *..|
[   16.675120] [[0;32m  OK  [0m] Started Deferred execution scheduler.
cloud-init[942]: |       .+. . B.E.|
[   16.678410]          cloud-initStarting Login Service...[942]: 
|            = =.*|
         Starting /etc/rc.local Compatibility...
[   16.682014] cloud-init[942]: |             +..=|
[   16.685141] cloud-init[942]: +----[SHA256]-----+
[[0;32m  OK  [0m] Started FUSE filesystem for LXC.
         Starting Pollinate to seed the pseudo random number generator...
[[0;32m  OK  [0m] Started Regular background program processing daemon.
         Starting Accounts Service...
[[0;32m  OK  [0m] Started ACPI event daemon.
         Starting Virtualbox guest utils...
         Starting System Logging Service...
         Starting LXD - container startup/shutdown...
[[0;32m  OK  [0m] Started /etc/rc.local Compatibility.
[[0;32m  OK  [0m] Started Login Service.
[[0;32m  OK  [0m] Started Unattended Upgrades Shutdown.
[[0;32m  OK  [0m] Started iSCSI initiator daemon (iscsid).
         Starting Login to default iSCSI targets...
[[0;32m  OK  [0m] Started LSB: Record successful boot for GRUB.
[[0;32m  OK  [0m] Started System Logging Service.
[[0;32m  OK  [0m] Started LSB: MD monitoring daemon.
[[0;32m  OK  [0m] Started Login to default iSCSI targets.
[[0;32m  OK  [0m] Reached target Remote File Systems (Pre).
[[0;32m  OK  [0m] Reached target Remote File Systems.
         Starting LSB: Set the CPU Frequency Scaling governor to "ondemand"...
         Starting LSB: daemon to balance interrupts for SMP systems...
         Starting Permit User Sessions...
         Starting LSB: automatic crash report generation...
[[0;32m  OK  [0m] Started LSB: Set the CPU Frequency Scaling governor to "ondemand".
[[0;32m  OK  [0m] Started Permit User Sessions.
         Starting Hold until boot process finishes up...
         Starting Terminate Plymouth Boot Screen...
[[0;32m  OK  [0m] Started Hold until boot process finishes up.
[[0;32m  OK  [0m] Started Terminate Plymouth Boot Screen.
[[0;32m  OK  [0m] Started LSB: daemon to balance interrupts for SMP systems.
         Starting Set console scheme...
[[0;32m  OK  [0m] Started Getty on tty1.
[[0;32m  OK  [0m] Started Serial Getty on ttyS0.
[[0;32m  OK  [0m] Reached target Login Prompts.
[[0;32m  OK  [0m] Started Set console scheme.
[[0;32m  OK  [0m] Started LSB: automatic crash report generation.
[[0;32m  OK  [0m] Started Virtualbox guest utils.
         Starting Authenticate and Authorize Users to Run Privileged Tasks...
[[0;32m  OK  [0m] Started Authenticate and Authorize Users to Run Privileged Tasks.
[[0;32m  OK  [0m] Started Accounts Service.
[[0;32m  OK  [0m] Started LXD - container startup/shutdown.
[[0;32m  OK  [0m] Started Pollinate to seed the pseudo random number generator.
         Starting OpenBSD Secure Shell server...
[[0;32m  OK  [0m] Started OpenBSD Secure Shell server.
[[0;32m  OK  [0m] Started Snappy daemon.
         Starting Wait until snapd is fully seeded...
[[0;32m  OK  [0m] Created slice User Slice of vagrant.
         Starting User Manager for UID 1000...
[[0;32m  OK  [0m] Started Session 1 of user vagrant.
[[0;32m  OK  [0m] Started User Manager for UID 1000.
[   23.376328] cloud-init[1411]: Generating locales (this might take a while)...

Ubuntu 16.04.6 LTS ubuntu-xenial ttyS0

ubuntu-xenial login: [   24.606425] cloud-init[1411]:   en_US.UTF-8... done
[   24.606993] cloud-init[1411]: Generation complete.
[   25.419421] cloud-init[1411]: Cloud-init v. 19.1-1-gbaa47854-0ubuntu1~16.04.1 running 'modules:config' at Thu, 22 Aug 2019 15:38:56 +0000. Up 23.16 seconds.
ci-info: no authorized ssh keys fingerprints found for user ubuntu.
<14>Aug 22 15:38:59 ec2: 
<14>Aug 22 15:38:59 ec2: #############################################################
<14>Aug 22 15:38:59 ec2: -----BEGIN SSH HOST KEY FINGERPRINTS-----
<14>Aug 22 15:38:59 ec2: 1024 SHA256:n0AStrJMbhAOv3yHrAHv3GJ9i4tT8Kg+NG1mkLUD8NY root@ubuntu-xenial (DSA)
<14>Aug 22 15:38:59 ec2: 256 SHA256:F35gipwXrdx0EVH9oOsdcqIU3lSUoEZzzMShN17v9X0 root@ubuntu-xenial (ECDSA)
<14>Aug 22 15:38:59 ec2: 256 SHA256:Sx6XJkuVMQuE3yRo/sYJ33hfxI//hSvd4IYVHNqudx8 root@ubuntu-xenial (ED25519)
<14>Aug 22 15:38:59 ec2: 2048 SHA256:tltoFj07s4r17dV7CK0FjznZpz6/WW+rqlSW5G21UOg root@ubuntu-xenial (RSA)
<14>Aug 22 15:38:59 ec2: -----END SSH HOST KEY FINGERPRINTS-----
<14>Aug 22 15:38:59 ec2: #############################################################
-----BEGIN SSH HOST KEY KEYS-----
ecdsa-sha2-nistp256 AAAAE2VjZHNhLXNoYTItbmlzdHAyNTYAAAAIbmlzdHAyNTYAAABBBKuI3khbXcJC5MXMC/eievURxQeAbJ2LGCtsa5knPIfoGuKWzdkXA8U9ypxjhDMl/9Przr897sVpasg4obHq2zA= root@ubuntu-xenial
ssh-ed25519 AAAAC3NzaC1lZDI1NTE5AAAAIErR3iwtf/5bZ+IiteGXWfSMqQNWLXOX7HD+h1CWMKwA root@ubuntu-xenial
ssh-rsa AAAAB3NzaC1yc2EAAAADAQABAAABAQC2pvaaHnVg41ITlQyuR+s3SP+8jb8+FE7gytAHAsiIqQ32FjVlwtaGg5SDBtOkS6z5k5VjSnbzicHQq5c2sxdMCYE2/4FYvkRyp3hvHsOXxqfOWvM2IuDTTnqqGwpjm/guqPXjAnEz4Jkqjxz1CoG6wgvVNOA5YP952wj47yfRKDAYywTIqh7JwEjaEdd5xy+tgZsDKWmRWjCVtoHAuYryKFh7S51V075dUvXLDNMpyPqVEY32hhxniiO3t2h43fHfyvNERbbNBk3r6n1j/wcfGT/vxIw6IP+HCGc1vdljikWo3r29mRmapdeLEvRenw1/o/rMJZD3xU+DHINZai4t root@ubuntu-xenial
-----END SSH HOST KEY KEYS-----
[   26.017322] cloud-init[1562]: Cloud-init v. 19.1-1-gbaa47854-0ubuntu1~16.04.1 running 'modules:final' at Thu, 22 Aug 2019 15:38:59 +0000. Up 25.80 seconds.
[   26.017713] cloud-init[1562]: ci-info: no authorized ssh keys fingerprints found for user ubuntu.
[   26.018004] cloud-init[1562]: Cloud-init v. 19.1-1-gbaa47854-0ubuntu1~16.04.1 finished at Thu, 22 Aug 2019 15:38:59 +0000. Datasource DataSourceNoCloud [seed=/dev/sdb][dsmode=net].  Up 26.00 seconds
