[    0.000000] Initializing cgroup subsys cpuset
[    0.000000] Initializing cgroup subsys cpu
[    0.000000] Initializing cgroup subsys cpuacct
[    0.000000] Linux version 4.4.0-154-generic (buildd@lgw01-amd64-049) (gcc version 5.4.0 20160609 (Ubuntu 5.4.0-6ubuntu1~16.04.10) ) #181-Ubuntu SMP Tue Jun 25 05:29:03 UTC 2019 (Ubuntu 4.4.0-154.181-generic 4.4.179)
[    0.000000] Command line: BOOT_IMAGE=/boot/vmlinuz-4.4.0-154-generic root=LABEL=cloudimg-rootfs ro console=tty1 console=ttyS0
[    0.000000] KERNEL supported cpus:
[    0.000000]   Intel GenuineIntel
[    0.000000]   AMD AuthenticAMD
[    0.000000]   Centaur CentaurHauls
[    0.000000] x86/fpu: xstate_offset[2]:  576, xstate_sizes[2]:  256
[    0.000000] x86/fpu: Supporting XSAVE feature 0x01: 'x87 floating point registers'
[    0.000000] x86/fpu: Supporting XSAVE feature 0x02: 'SSE registers'
[    0.000000] x86/fpu: Supporting XSAVE feature 0x04: 'AVX registers'
[    0.000000] x86/fpu: Enabled xstate features 0x7, context size is 832 bytes, using 'standard' format.
[    0.000000] e820: BIOS-provided physical RAM map:
[    0.000000] BIOS-e820: [mem 0x0000000000000000-0x000000000009fbff] usable
[    0.000000] BIOS-e820: [mem 0x000000000009fc00-0x000000000009ffff] reserved
[    0.000000] BIOS-e820: [mem 0x00000000000f0000-0x00000000000fffff] reserved
[    0.000000] BIOS-e820: [mem 0x0000000000100000-0x000000003ffeffff] usable
[    0.000000] BIOS-e820: [mem 0x000000003fff0000-0x000000003fffffff] ACPI data
[    0.000000] BIOS-e820: [mem 0x00000000fec00000-0x00000000fec00fff] reserved
[    0.000000] BIOS-e820: [mem 0x00000000fee00000-0x00000000fee00fff] reserved
[    0.000000] BIOS-e820: [mem 0x00000000fffc0000-0x00000000ffffffff] reserved
[    0.000000] NX (Execute Disable) protection: active
[    0.000000] SMBIOS 2.5 present.
[    0.000000] Hypervisor detected: KVM
[    0.000000] e820: last_pfn = 0x3fff0 max_arch_pfn = 0x400000000
[    0.000000] MTRR: Disabled
[    0.000000] x86/PAT: MTRRs disabled, skipping PAT initialization too.
[    0.000000] CPU MTRRs all blank - virtualized system.
[    0.000000] x86/PAT: Configuration [0-7]: WB  WT  UC- UC  WB  WT  UC- UC  
[    0.000000] found SMP MP-table at [mem 0x0009fff0-0x0009ffff] mapped at [ffff88000009fff0]
[    0.000000] Scanning 1 areas for low memory corruption
[    0.000000] RAMDISK: [mem 0x362fa000-0x37174fff]
[    0.000000] ACPI: Early table checksum verification disabled
[    0.000000] ACPI: RSDP 0x00000000000E0000 000024 (v02 VBOX  )
[    0.000000] ACPI: XSDT 0x000000003FFF0030 00003C (v01 VBOX   VBOXXSDT 00000001 ASL  00000061)
[    0.000000] ACPI: FACP 0x000000003FFF00F0 0000F4 (v04 VBOX   VBOXFACP 00000001 ASL  00000061)
[    0.000000] ACPI: DSDT 0x000000003FFF0470 0021FF (v02 VBOX   VBOXBIOS 00000002 INTL 20160108)
[    0.000000] ACPI: FACS 0x000000003FFF0200 000040
[    0.000000] ACPI: FACS 0x000000003FFF0200 000040
[    0.000000] ACPI: APIC 0x000000003FFF0240 00005C (v02 VBOX   VBOXAPIC 00000001 ASL  00000061)
[    0.000000] ACPI: SSDT 0x000000003FFF02A0 0001CC (v01 VBOX   VBOXCPUT 00000002 INTL 20160108)
[    0.000000] No NUMA configuration found
[    0.000000] Faking a node at [mem 0x0000000000000000-0x000000003ffeffff]
[    0.000000] NODE_DATA(0) allocated [mem 0x3ffeb000-0x3ffeffff]
[    0.000000] kvm-clock: Using msrs 4b564d01 and 4b564d00
[    0.000000] kvm-clock: cpu 0, msr 0:3ffe3001, primary cpu clock
[    0.000000] kvm-clock: using sched offset of 3365554083 cycles
[    0.000000] clocksource: kvm-clock: mask: 0xffffffffffffffff max_cycles: 0x1cd42e4dffb, max_idle_ns: 881590591483 ns
[    0.000000] Zone ranges:
[    0.000000]   DMA      [mem 0x0000000000001000-0x0000000000ffffff]
[    0.000000]   DMA32    [mem 0x0000000001000000-0x000000003ffeffff]
[    0.000000]   Normal   empty
[    0.000000]   Device   empty
[    0.000000] Movable zone start for each node
[    0.000000] Early memory node ranges
[    0.000000]   node   0: [mem 0x0000000000001000-0x000000000009efff]
[    0.000000]   node   0: [mem 0x0000000000100000-0x000000003ffeffff]
[    0.000000] Initmem setup node 0 [mem 0x0000000000001000-0x000000003ffeffff]
[    0.000000] ACPI: PM-Timer IO Port: 0x4008
[    0.000000] IOAPIC[0]: apic_id 2, version 32, address 0xfec00000, GSI 0-23
[    0.000000] ACPI: INT_SRC_OVR (bus 0 bus_irq 0 global_irq 2 dfl dfl)
[    0.000000] ACPI: INT_SRC_OVR (bus 0 bus_irq 9 global_irq 9 high level)
[    0.000000] Using ACPI (MADT) for SMP configuration information
[    0.000000] smpboot: Allowing 2 CPUs, 0 hotplug CPUs
[    0.000000] PM: Registered nosave memory: [mem 0x00000000-0x00000fff]
[    0.000000] PM: Registered nosave memory: [mem 0x0009f000-0x0009ffff]
[    0.000000] PM: Registered nosave memory: [mem 0x000a0000-0x000effff]
[    0.000000] PM: Registered nosave memory: [mem 0x000f0000-0x000fffff]
[    0.000000] e820: [mem 0x40000000-0xfebfffff] available for PCI devices
[    0.000000] Booting paravirtualized kernel on KVM
[    0.000000] clocksource: refined-jiffies: mask: 0xffffffff max_cycles: 0xffffffff, max_idle_ns: 7645519600211568 ns
[    0.000000] setup_percpu: NR_CPUS:512 nr_cpumask_bits:512 nr_cpu_ids:2 nr_node_ids:1
[    0.000000] PERCPU: Embedded 34 pages/cpu @ffff88003fc00000 s99480 r8192 d31592 u1048576
[    0.000000] Built 1 zonelists in Node order, mobility grouping on.  Total pages: 257912
[    0.000000] Policy zone: DMA32
[    0.000000] Kernel command line: BOOT_IMAGE=/boot/vmlinuz-4.4.0-154-generic root=LABEL=cloudimg-rootfs ro console=tty1 console=ttyS0
[    0.000000] PID hash table entries: 4096 (order: 3, 32768 bytes)
[    0.000000] Memory: 997732K/1048120K available (8613K kernel code, 1335K rwdata, 4028K rodata, 1484K init, 1284K bss, 50388K reserved, 0K cma-reserved)
[    0.000000] SLUB: HWalign=64, Order=0-3, MinObjects=0, CPUs=2, Nodes=1
[    0.000000] Kernel/User page tables isolation: enabled
[    0.000000] Hierarchical RCU implementation.
[    0.000000] 	Build-time adjustment of leaf fanout to 64.
[    0.000000] 	RCU restricting CPUs from NR_CPUS=512 to nr_cpu_ids=2.
[    0.000000] RCU: Adjusting geometry for rcu_fanout_leaf=64, nr_cpu_ids=2
[    0.000000] NR_IRQS:33024 nr_irqs:440 16
[    0.000000] Console: colour VGA+ 80x25
[    0.000000] console [tty1] enabled
[    0.000000] console [ttyS0] enabled
[    0.000000] tsc: Detected 3092.962 MHz processor
[    0.158305] Calibrating delay loop (skipped) preset value.. 6185.92 BogoMIPS (lpj=12371848)
[    0.159750] pid_max: default: 32768 minimum: 301
[    0.160524] ACPI: Core revision 20150930
[    0.162186] ACPI: 2 ACPI AML tables successfully acquired and loaded
[    0.163300] Security Framework initialized
[    0.164013] Yama: becoming mindful.
[    0.164694] AppArmor: AppArmor initialized
[    0.165499] Dentry cache hash table entries: 131072 (order: 8, 1048576 bytes)
[    0.167276] Inode-cache hash table entries: 65536 (order: 7, 524288 bytes)
[    0.187649] Mount-cache hash table entries: 2048 (order: 2, 16384 bytes)
[    0.188663] Mountpoint-cache hash table entries: 2048 (order: 2, 16384 bytes)
[    0.189876] Initializing cgroup subsys io
[    0.190596] Initializing cgroup subsys memory
[    0.191340] Initializing cgroup subsys devices
[    0.192094] Initializing cgroup subsys freezer
[    0.192846] Initializing cgroup subsys net_cls
[    0.193610] Initializing cgroup subsys perf_event
[    0.200133] Initializing cgroup subsys net_prio
[    0.206194] Initializing cgroup subsys hugetlb
[    0.206948] Initializing cgroup subsys pids
[    0.220468] mce: CPU supports 0 MCE banks
[    0.230057] Last level iTLB entries: 4KB 512, 2MB 8, 4MB 8
[    0.230927] Last level dTLB entries: 4KB 512, 2MB 32, 4MB 32, 1GB 0
[    0.231884] Spectre V2 : Mitigation: Full generic retpoline
[    0.232763] Spectre V2 : Spectre v2 / SpectreRSB mitigation: Filling RSB on context switch
[    0.234165] Speculative Store Bypass: Vulnerable
[    0.235036] MDS: Vulnerable: Clear CPU buffers attempted, no microcode
[    0.238735] Freeing SMP alternatives memory: 36K
[    0.247673] ftrace: allocating 32299 entries in 127 pages
[    0.333471] smpboot: APIC(0) Converting physical 0 to logical package 0
[    0.400744] smpboot: Max logical packages: 1
[    0.406337] x2apic enabled
[    0.407115] Switched APIC routing to physical x2apic.
[    0.409026] ..TIMER: vector=0x30 apic1=0 pin1=2 apic2=-1 pin2=-1
[    0.517670] smpboot: CPU0: Intel(R) Core(TM) i3-2100 CPU @ 3.10GHz (family: 0x6, model: 0x2a, stepping: 0x7)
[    0.528413] Performance Events: unsupported p6 CPU model 42 no PMU driver, software events only.
[    0.540012] KVM setup paravirtual spinlock
[    0.543581] x86: Booting SMP configuration:
[    0.546417] .... node  #0, CPUs:      #1
[    0.547231] kvm-clock: cpu 1, msr 0:3ffe3041, secondary cpu clock
[    0.548211] mce: CPU supports 0 MCE banks
[    0.563817] x86: Booted up 1 node, 2 CPUs
[    0.575180] smpboot: Total of 2 processors activated (12371.84 BogoMIPS)
[    0.576545] devtmpfs: initialized
[    0.579796] evm: security.selinux
[    0.580423] evm: security.SMACK64
[    0.581040] evm: security.SMACK64EXEC
[    0.581705] evm: security.SMACK64TRANSMUTE
[    0.582424] evm: security.SMACK64MMAP
[    0.583077] evm: security.ima
[    0.583652] evm: security.capability
[    0.584475] clocksource: jiffies: mask: 0xffffffff max_cycles: 0xffffffff, max_idle_ns: 7645041785100000 ns
[    0.586061] futex hash table entries: 512 (order: 3, 32768 bytes)
[    0.587124] pinctrl core: initialized pinctrl subsystem
[    0.588068] RTC time: 16:43:59, date: 08/22/19
[    0.588966] NET: Registered protocol family 16
[    0.601586] cpuidle: using governor ladder
[    0.613582] cpuidle: using governor menu
[    0.614292] PCCT header not found.
[    0.614968] ACPI: bus type PCI registered
[    0.615663] acpiphp: ACPI Hot Plug PCI Controller Driver version: 0.5
[    0.616725] PCI: Using configuration type 1 for base access
[    0.630186] ACPI: Added _OSI(Module Device)
[    0.669962] ACPI: Added _OSI(Processor Device)
[    0.679662] ACPI: Added _OSI(3.0 _SCP Extensions)
[    0.680433] ACPI: Added _OSI(Processor Aggregator Device)
[    0.681958] ACPI: Executed 1 blocks of module-level executable AML code
[    0.684869] ACPI: Interpreter enabled
[    0.685534] ACPI: (supports S0 S5)
[    0.686184] ACPI: Using IOAPIC for interrupt routing
[    0.687129] PCI: Using host bridge windows from ACPI; if necessary, use "pci=nocrs" and report a bug
[    0.691919] ACPI: PCI Root Bridge [PCI0] (domain 0000 [bus 00-ff])
[    0.692866] acpi PNP0A03:00: _OSC: OS supports [ASPM ClockPM Segments MSI]
[    0.693898] acpi PNP0A03:00: _OSC: not requesting OS control; OS requires [ExtendedConfig ASPM ClockPM MSI]
[    0.730592] acpi PNP0A03:00: fail to add MMCONFIG information, can't access extended PCI configuration space under this bridge.
[    0.732571] PCI host bridge to bus 0000:00
[    0.733273] pci_bus 0000:00: root bus resource [io  0x0000-0x0cf7 window]
[    0.734290] pci_bus 0000:00: root bus resource [io  0x0d00-0xffff window]
[    0.735288] pci_bus 0000:00: root bus resource [mem 0x000a0000-0x000bffff window]
[    0.736543] pci_bus 0000:00: root bus resource [mem 0x40000000-0xffdfffff window]
[    0.757957] pci_bus 0000:00: root bus resource [bus 00-ff]
[    0.760173] pci 0000:00:01.1: legacy IDE quirk: reg 0x10: [io  0x01f0-0x01f7]
[    0.761212] pci 0000:00:01.1: legacy IDE quirk: reg 0x14: [io  0x03f6]
[    0.762203] pci 0000:00:01.1: legacy IDE quirk: reg 0x18: [io  0x0170-0x0177]
[    0.763234] pci 0000:00:01.1: legacy IDE quirk: reg 0x1c: [io  0x0376]
[    0.786820] pci 0000:00:07.0: quirk: [io  0x4000-0x403f] claimed by PIIX4 ACPI
[    0.817252] pci 0000:00:07.0: quirk: [io  0x4100-0x410f] claimed by PIIX4 SMB
[    0.825557] ACPI: PCI Interrupt Link [LNKA] (IRQs 5 9 10 *11)
[    0.842852] ACPI: PCI Interrupt Link [LNKB] (IRQs 5 9 10 *11)
[    0.858586] ACPI: PCI Interrupt Link [LNKC] (IRQs 5 9 *10 11)
[    0.877622] ACPI: PCI Interrupt Link [LNKD] (IRQs 5 *9 10 11)
[    0.887777] ACPI: Enabled 2 GPEs in block 00 to 07
[    0.889068] vgaarb: setting as boot device: PCI:0000:00:02.0
[    0.889961] vgaarb: device added: PCI:0000:00:02.0,decodes=io+mem,owns=io+mem,locks=none
[    0.954803] vgaarb: loaded
[    0.960638] vgaarb: bridge control possible 0000:00:02.0
[    0.961746] SCSI subsystem initialized
[    0.962578] ACPI: bus type USB registered
[    0.963299] usbcore: registered new interface driver usbfs
[    0.964166] usbcore: registered new interface driver hub
[    0.965019] usbcore: registered new device driver usb
[    0.966046] PCI: Using ACPI for IRQ routing
[    1.015181] NetLabel: Initializing
[    1.043008] NetLabel:  domain hash size = 128
[    1.056585] NetLabel:  protocols = UNLABELED CIPSOv4
[    1.060341] NetLabel:  unlabeled traffic allowed by default
[    1.062892] amd_nb: Cannot enumerate AMD northbridges
[    1.063749] clocksource: Switched to clocksource kvm-clock
[    1.071500] AppArmor: AppArmor Filesystem Enabled
[    1.080034] pnp: PnP ACPI init
[    1.081333] pnp: PnP ACPI: found 3 devices
[    1.091112] clocksource: acpi_pm: mask: 0xffffff max_cycles: 0xffffff, max_idle_ns: 2085701024 ns
[    1.100077] NET: Registered protocol family 2
[    1.118092] TCP established hash table entries: 8192 (order: 4, 65536 bytes)
[    1.126745] TCP bind hash table entries: 8192 (order: 5, 131072 bytes)
[    1.129978] TCP: Hash tables configured (established 8192 bind 8192)
[    1.130949] UDP hash table entries: 512 (order: 2, 16384 bytes)
[    1.131854] UDP-Lite hash table entries: 512 (order: 2, 16384 bytes)
[    1.132868] NET: Registered protocol family 1
[    1.133614] pci 0000:00:00.0: Limiting direct PCI/PCI transfers
[    1.134564] pci 0000:00:01.0: Activating ISA DMA hang workarounds
[    1.154587] Unpacking initramfs...
[    1.365285] Freeing initrd memory: 14828K
[    1.388321] RAPL PMU detected, API unit is 2^-32 Joules, 3 fixed counters 10737418240 ms ovfl timer
[    1.389769] hw unit of domain pp0-core 2^-0 Joules
[    1.390557] hw unit of domain package 2^-0 Joules
[    1.391324] hw unit of domain pp1-gpu 2^-0 Joules
[    1.404172] clocksource: tsc: mask: 0xffffffffffffffff max_cycles: 0x2c954f1e096, max_idle_ns: 440795235029 ns
[    1.489447] platform rtc_cmos: registered platform RTC device (no PNP device found)
[    1.490782] Scanning for low memory corruption every 60 seconds
[    1.492089] audit: initializing netlink subsys (disabled)
[    1.552968] audit: type=2000 audit(1566492244.972:1): initialized
[    1.609051] Initialise system trusted keyring
[    1.609986] HugeTLB registered 2 MB page size, pre-allocated 0 pages
[    1.699001] zbud: loaded
[    1.710420] VFS: Disk quotas dquot_6.6.0
[    1.737744] VFS: Dquot-cache hash table entries: 512 (order 0, 4096 bytes)
[    1.738999] squashfs: version 4.0 (2009/01/31) Phillip Lougher
[    1.740213] fuse init (API version 7.23)
[    1.741062] Key type big_key registered
[    1.741758] Allocating IMA MOK and blacklist keyrings.
[    1.743833] Key type asymmetric registered
[    1.752459] Asymmetric key parser 'x509' registered
[    1.753288] Block layer SCSI generic (bsg) driver version 0.4 loaded (major 249)
[    1.754617] io scheduler noop registered
[    1.777199] io scheduler deadline registered (default)
[    1.788954] io scheduler cfq registered
[    1.789731] pci_hotplug: PCI Hot Plug PCI Core version: 0.5
[    1.817242] pciehp: PCI Express Hot Plug Controller Driver version: 0.4
[    1.844499] ACPI: AC Adapter [AC] (on-line)
[    1.845264] input: Power Button as /devices/LNXSYSTM:00/LNXPWRBN:00/input/input0
[    1.846539] ACPI: Power Button [PWRF]
[    1.847414] input: Sleep Button as /devices/LNXSYSTM:00/LNXSLPBN:00/input/input1
[    1.859775] ACPI: Sleep Button [SLPF]
[    1.860605] GHES: HEST is not enabled!
[    1.897787] Serial: 8250/16550 driver, 32 ports, IRQ sharing enabled
[    1.936156] 00:02: ttyS0 at I/O 0x3f8 (irq = 4, base_baud = 115200) is a 16550A
[    1.960491] Linux agpgart interface v0.103
[    1.979632] loop: module loaded
[    2.004790] scsi host0: ata_piix
[    2.005515] scsi host1: ata_piix
[    2.006167] ata1: PATA max UDMA/33 cmd 0x1f0 ctl 0x3f6 bmdma 0xd000 irq 14
[    2.024902] ata2: PATA max UDMA/33 cmd 0x170 ctl 0x376 bmdma 0xd008 irq 15
[    2.027084] libphy: Fixed MDIO Bus: probed
[    2.076372] tun: Universal TUN/TAP device driver, 1.6
[    2.085265] tun: (C) 1999-2004 Max Krasnyansky <maxk@qualcomm.com>
[    2.111411] PPP generic driver version 2.4.2
[    2.117895] ehci_hcd: USB 2.0 'Enhanced' Host Controller (EHCI) Driver
[    2.124440] ehci-pci: EHCI PCI platform driver
[    2.129033] ehci-platform: EHCI generic platform driver
[    2.144546] ohci_hcd: USB 1.1 'Open' Host Controller (OHCI) Driver
[    2.145490] ohci-pci: OHCI PCI platform driver
[    2.146259] ohci-platform: OHCI generic platform driver
[    2.147098] uhci_hcd: USB Universal Host Controller Interface driver
[    2.148131] i8042: PNP: PS/2 Controller [PNP0303:PS2K,PNP0f03:PS2M] at 0x60,0x64 irq 1,12
[    2.149939] serio: i8042 KBD port at 0x60,0x64 irq 1
[    2.150749] serio: i8042 AUX port at 0x60,0x64 irq 12
[    2.151786] mousedev: PS/2 mouse device common for all mice
[    2.152987] input: AT Translated Set 2 keyboard as /devices/platform/i8042/serio0/input/input2
[    2.154828] rtc_cmos rtc_cmos: rtc core: registered rtc_cmos as rtc0
[    2.155860] rtc_cmos rtc_cmos: alarms up to one day, 114 bytes nvram
[    2.156822] i2c /dev entries driver
[    2.157506] device-mapper: uevent: version 1.0.3
[    2.158377] device-mapper: ioctl: 4.34.0-ioctl (2015-10-28) initialised: dm-devel@redhat.com
[    2.159783] ledtrig-cpu: registered to indicate activity on CPUs
[    2.161093] NET: Registered protocol family 10
[    2.162062] NET: Registered protocol family 17
[    2.162820] Key type dns_resolver registered
[    2.163973] registered taskstats version 1
[    2.164699] Loading compiled-in X.509 certificates
[    2.166237] Loaded X.509 cert 'Build time autogenerated kernel key: 65139e04a67245b562a838c28b5e7032abdd4348'
[    2.167806] zswap: loaded using pool lzo/zbud
[    2.170767] Key type trusted registered
[    2.191683] Key type encrypted registered
[    2.205285] AppArmor: AppArmor sha1 policy hashing enabled
[    2.206150] ima: No TPM chip found, activating TPM-bypass!
[    2.207006] ima: Allocated hash algorithm: sha1
[    2.229420] evm: HMAC attrs: 0x1
[    2.256498]   Magic number: 15:48:743
[    2.312297] rtc_cmos rtc_cmos: setting system clock to 2019-08-22 16:44:01 UTC (1566492241)
[    2.356871] BIOS EDD facility v0.16 2004-Jun-25, 0 devices found
[    2.371827] EDD information not available.
[    2.373867] Freeing unused kernel memory: 1484K
[    2.391820] Write protecting the kernel read-only data: 14336k
[    2.423303] Freeing unused kernel memory: 1616K
[    2.482690] Freeing unused kernel memory: 68K
Loading, please wait...
starting version[    2.510285] random: systemd-udevd: uninitialized urandom read (16 bytes read, 2 bits of entropy available)
 229
[    2.511325] random: udevadm: uninitialized urandom read (16 bytes read, 2 bits of entropy available)
[    2.511362] random: udevadm: uninitialized urandom read (16 bytes read, 2 bits of entropy available)
[    2.530391] random: udevadm: uninitialized urandom read (16 bytes read, 2 bits of entropy available)
[    2.530469] random: udevadm: uninitialized urandom read (16 bytes read, 2 bits of entropy available)
[    2.530753] random: udevadm: uninitialized urandom read (16 bytes read, 2 bits of entropy available)
[    2.530864] random: udevadm: uninitialized urandom read (16 bytes read, 2 bits of entropy available)
[    2.530977] random: udevadm: uninitialized urandom read (16 bytes read, 2 bits of entropy available)
[    2.531091] random: udevadm: uninitialized urandom read (16 bytes read, 2 bits of entropy available)
[    2.531197] random: udevadm: uninitialized urandom read (16 bytes read, 2 bits of entropy available)
[    2.664287] e1000: Intel(R) PRO/1000 Network Driver - version 7.3.21-k8-NAPI
[    2.682068] e1000: Copyright (c) 1999-2006 Intel Corporation.
[    2.684437] Fusion MPT base driver 3.04.20
[    2.688159] Copyright (c) 1999-2008 LSI Corporation
[    2.696939] Fusion MPT SPI Host driver 3.04.20
[    2.893135] input: ImExPS/2 Generic Explorer Mouse as /devices/platform/i8042/serio1/input/input4
[    3.042219] e1000 0000:00:03.0 eth0: (PCI:33MHz:32-bit) 02:1e:e5:6d:71:21
[    3.047800] e1000 0000:00:03.0 eth0: Intel(R) PRO/1000 Network Connection
[    3.051323] mptbase: ioc0: Initiating bringup
[    3.052856] e1000 0000:00:03.0 enp0s3: renamed from eth0
[    3.120084] ioc0: LSI53C1030 A0: Capabilities={Initiator}
[    3.291204] scsi host2: ioc0: LSI53C1030 A0, FwRev=00000000h, Ports=1, MaxQ=256, IRQ=20
[    3.420444] scsi 2:0:0:0: Direct-Access     VBOX     HARDDISK         1.0  PQ: 0 ANSI: 5
[    3.425952] scsi target2:0:0: Beginning Domain Validation
[    3.429521] scsi target2:0:0: Domain Validation skipping write tests
[    3.459463] scsi target2:0:0: Ending Domain Validation
[    3.460878] scsi target2:0:0: asynchronous
[    3.462507] scsi 2:0:1:0: Direct-Access     VBOX     HARDDISK         1.0  PQ: 0 ANSI: 5
[    3.464614] scsi target2:0:1: Beginning Domain Validation
[    3.466966] scsi target2:0:1: Domain Validation skipping write tests
[    3.468489] scsi target2:0:1: Ending Domain Validation
[    3.469808] scsi target2:0:1: asynchronous
[    3.531648] sd 2:0:0:0: [sda] 20971520 512-byte logical blocks: (10.7 GB/10.0 GiB)
[    3.532025] sd 2:0:0:0: Attached scsi generic sg0 type 0
[    3.532234] sd 2:0:1:0: Attached scsi generic sg1 type 0
[    3.532984] sd 2:0:1:0: [sdb] 20480 512-byte logical blocks: (10.5 MB/10.0 MiB)
[    3.533134] sd 2:0:1:0: [sdb] Write Protect is off
[    3.533231] sd 2:0:1:0: [sdb] Incomplete mode parameter data
[    3.533233] sd 2:0:1:0: [sdb] Assuming drive cache: write through
[    3.548055] sd 2:0:0:0: [sda] Write Protect is off
[    3.555613] sd 2:0:0:0: [sda] Incomplete mode parameter data
[    3.556715] sd 2:0:0:0: [sda] Assuming drive cache: write through
[    3.575787]  sda: sda1
[    3.576791] sd 2:0:1:0: [sdb] Attached SCSI disk
[    3.579417] sd 2:0:0:0: [sda] Attached SCSI disk
Begin: Loading e[    5.131908] md: linear personality registered for level -1
ssential drivers ... [    5.156607] md: multipath personality registered for level -4
[    5.168475] md: raid0 personality registered for level 0
[    5.210345] md: raid1 personality registered for level 1
[    5.295781] raid6: sse2x1   gen()  8158 MB/s
[    5.383785] raid6: sse2x1   xor()  5997 MB/s
[    5.451786] raid6: sse2x2   gen()  9940 MB/s
[    5.551764] raid6: sse2x2   xor()  7323 MB/s
[    5.639778] raid6: sse2x4   gen() 11913 MB/s
[    5.723781] raid6: sse2x4   xor()  8977 MB/s
[    5.752006] raid6: using algorithm sse2x4 gen() 11913 MB/s
[    5.793240] raid6: .... xor() 8977 MB/s, rmw enabled
[    5.799323] raid6: using ssse3x2 recovery algorithm
[    5.801740] xor: automatically using best checksumming function:
[    5.857122]    avx       : 46841.000 MB/sec
[    5.863356] async_tx: api initialized (async)
[    5.894213] md: raid6 personality registered for level 6
[    5.900391] md: raid5 personality registered for level 5
[    5.901228] md: raid4 personality registered for level 4
[    5.909190] md: raid10 personality registered for level 10
done.
Begin: Running /scripts/init-premount ... done.
Begin: Mounting root file system ... Begin: Running /scripts/local-top ... done.
Begin: Running /scripts/local-premount ... [    5.957780] Btrfs loaded
Scanning for Btrfs filesystems
done.
Warning: fsck not present, so skipping root file system
[    6.016775] EXT4-fs (sda1): mounted filesystem with ordered data mode. Opts: (null)
done.
Begin: Running /scripts/local-bottom ... done.
Begin: Running /scripts/init-bottom ... done.
[    6.592086] systemd[1]: systemd 229 running in system mode. (+PAM +AUDIT +SELINUX +IMA +APPARMOR +SMACK +SYSVINIT +UTMP +LIBCRYPTSETUP +GCRYPT +GNUTLS +ACL +XZ -LZ4 +SECCOMP +BLKID +ELFUTILS +KMOD -IDN)
[    6.613484] systemd[1]: Detected virtualization oracle.
[    6.615366] systemd[1]: Detected architecture x86-64.

Welcome to [1mUbuntu 16.04.6 LTS[0m!

[    6.676790] systemd[1]: Set hostname to <ubuntu-xenial>.
[    7.044612] random: nonblocking pool is initialized
[    7.331870] systemd[1]: Listening on Journal Socket (/dev/log).
[[0;32m  OK  [0m] Listening on Journal Socket (/dev/log).
[    7.372211] systemd[1]: Listening on Device-mapper event daemon FIFOs.
[[0;32m  OK  [0m] Listening on Device-mapper event daemon FIFOs.
[    7.375475] systemd[1]: Reached target User and Group Name Lookups.
[[0;32m  OK  [0m] Reached target User and Group Name Lookups.
[    7.379283] systemd[1]: Created slice System Slice.
[[0;32m  OK  [0m] Created slice System Slice.
[    7.389551] systemd[1]: Listening on Journal Audit Socket.
[[0;32m  OK  [0m] Listening on Journal Audit Socket.
[    7.392481] systemd[1]: Listening on LVM2 poll daemon socket.
[[0;32m  OK  [0m] Listening on LVM2 poll daemon socket.
[    7.395406] systemd[1]: Reached target Encrypted Volumes.
[[0;32m  OK  [0m] Reached target Encrypted Volumes.
[    7.398713] systemd[1]: Created slice system-serial\x2dgetty.slice.
[[0;32m  OK  [0m] Created slice system-serial\x2dgetty.slice.
[    7.401834] systemd[1]: Listening on /dev/initctl Compatibility Named Pipe.
[[0;32m  OK  [0m] Listening on /dev/initctl Compatibility Named Pipe.
[    7.405172] systemd[1]: Listening on udev Control Socket.
[[0;32m  OK  [0m] Listening on udev Control Socket.
[    7.408331] systemd[1]: Created slice User and Session Slice.
[[0;32m  OK  [0m] Created slice User and Session Slice.
[    7.411324] systemd[1]: Set up automount Arbitrary Executable File Formats File System Automount Point.
[[0;32m  OK  [0m] Set up automount Arbitrary Executab...ats File System Automount Point.
[    7.415407] systemd[1]: Reached target System Time Synchronized.
[[0;32m  OK  [0m] Reached target System Time Synchronized.
[    7.418264] systemd[1]: Started Forward Password Requests to Wall Directory Watch.
[[0;32m  OK  [0m] Started Forward Password Requests to Wall Directory Watch.
[    7.421850] systemd[1]: Reached target Slices.
[[0;32m  OK  [0m] Reached target Slices.
[    7.424100] systemd[1]: Listening on LVM2 metadata daemon socket.
[[0;32m  OK  [0m] Listening on LVM2 metadata daemon socket.
[    7.426793] systemd[1]: Listening on udev Kernel Socket.
[[0;32m  OK  [0m] Listening on udev Kernel Socket.
[    7.429288] systemd[1]: Listening on Syslog Socket.
[[0;32m  OK  [0m] Listening on Syslog Socket.
[    7.431638] systemd[1]: Listening on Journal Socket.
[[0;32m  OK  [0m] Listening on Journal Socket.
[    7.452006] systemd[1]: Starting Create list of required static device nodes for the current kernel...
         Starting Create list of required st... nodes for the current kernel...
[    7.572427] systemd[1]: Starting Load Kernel Modules...
         Starting Load Kernel Modules...
[    7.595102] systemd[1]: Starting Monitoring of LVM2 mirrors, snapshots etc. using dmeventd or progress polling...
         Starting Monitoring of LVM2 mirrors... dmeventd or progress polling...
[    7.610968] systemd[1]: Mounting Huge Pages File System...
         Mounting Huge Pages File System...
[    7.620888] systemd[1]: Mounting Debug File System...
         Mounting Debug File System...
[    7.648858] systemd[1]: Mounting POSIX Message Queue File System...
         Mounting POSIX Message Queue File System...
[    7.660036] systemd[1]: Starting Journal Service...
         Starting Journal Service...
[    7.676828] systemd[1]: Starting Set console keymap...
         Starting Set console keymap...
[    7.685779] systemd[1]: Starting Remount Root and Kernel File Systems...
[    7.729383] Loading iSCSI transport class v2.0-870.
         Starting Remount Root and Kernel File Systems...
[    7.732832] systemd[1]: Started Trigger resolvconf update for networkd DNS.
[[0;32m  OK  [0m] Started Trigger resolvconf update for networkd DNS.
[    7.736083] systemd[1]: Starting Uncomplicated firewall...
         Starting Uncomplicated firewall...
[    7.750618] systemd[1]: Reached target Swap.
[[0;32m  OK  [0m] Reached target Swap.
[    7.760698] systemd[1]: Starting Nameserver information manager...
[    7.768768] EXT4-fs (sda1): re-mounted. Opts: (null)
         Starting Nameserver information manager...
[    7.793749] systemd[1]: Mounted POSIX Message Queue File System.
[    7.812421] iscsi: registered transport (tcp)
[[0;32m  OK  [0m] Mounted POSIX Message Queue File System.
[    7.815388] systemd[1]: Mounted Huge Pages File System.
[[0;32m  OK  [0m] Mounted Huge Pages File System.
[    7.839149] systemd[1]: Mounted Debug File System.
[[0;32m  OK  [0m] Mounted Debug File System.
[    7.841630] systemd[1]: Started Create list of required static device nodes for the current kernel.
[[0;32m  OK  [0m] Started Create list of required sta...ce nodes for the current kernel.
[    7.848215] systemd[1]: Started Remount Root and Kernel File Systems.
[[0;32m  OK  [0m] Started Remount Root and Kernel File Systems.
[    7.857727] systemd[1]: Started Uncomplicated firewall.
[[0;32m  OK  [0m] Started Uncomplicated firewall.
[    7.906666] systemd[1]: Started Nameserver information manager.
[[0;32m  OK  [0m] Started Nameserver information manager.
[    8.008094] systemd[1]: Starting udev Coldplug all Devices...
         Starting udev Coldplug all Devices...
[    8.033374] systemd[1]: Starting Load/Save Random Seed...
         Starting Load/Save Random Seed...
[    8.042014] systemd[1]: Starting Create Static Device Nodes in /dev...
         Starting Create Static Device Nodes in /dev...
[    8.046818] systemd[1]: Started Journal Service.
[[0;32m  OK  [0m] Started Journal Service.
[[0;32m  OK  [0m] Started Set console keymap.
         Starting Flush Journal to Persistent Storage...
[    8.114808] iscsi: registered transport (iser)
[[0;32m  OK  [0m] Started LVM2 metadata daemon.
[[0;32m  OK  [0m] Started Load Kernel Modules.
[[0;32m  OK  [0m] Started Load/Save Random Seed.
[    8.401675] systemd-journald[366]: Received request to flush runtime journal from PID 1
[[0;32m  OK  [0m] Started udev Coldplug all Devices.
         Starting Apply Kernel Variables...
         Mounting FUSE Control File System...
[[0;32m  OK  [0m] Mounted FUSE Control File System.
[[0;32m  OK  [0m] Started Flush Journal to Persistent Storage.
[[0;32m  OK  [0m] Started Create Static Device Nodes in /dev.
[[0;32m  OK  [0m] Started Apply Kernel Variables.
         Starting udev Kernel Device Manager...
[[0;32m  OK  [0m] Started udev Kernel Device Manager.
[[0;32m  OK  [0m] Started Dispatch Password Requests to Console Directory Watch.
[[0;32m  OK  [0m] Found device /dev/ttyS0.
[[0;32m  OK  [0m] Started Monitoring of LVM2 mirrors,...ng dmeventd or progress polling.
[[0;32m  OK  [0m] Reached target Local File Systems (Pre).
[[0;32m  OK  [0m] Reached target Local File Systems.
         Starting Set console font and keymap...
         Starting LSB: AppArmor initialization...
         Starting Create Volatile Files and Directories...
         Starting Initial cloud-init job (pre-networking)...
         Starting Tell Plymouth To Write Out Runtime Data...
[[0;32m  OK  [0m] Listening on Load/Save RF Kill Switch Status /dev/rfkill Watch.
[[0;32m  OK  [0m] Started Create Volatile Files and Directories.
[[0;32m  OK  [0m] Started Tell Plymouth To Write Out Runtime Data.
[[0;32m  OK  [0m] Started Set console font and keymap.
[[0;32m  OK  [0m] Created slice system-getty.slice.
         Starting Update UTMP about System Boot/Shutdown...
[[0;32m  OK  [0m] Started Update UTMP about System Boot/Shutdown.
[[0;32m  OK  [0m] Started LSB: AppArmor initialization.
[   11.566601] cloud-init[619]: Cloud-init v. 19.1-1-gbaa47854-0ubuntu1~16.04.1 running 'init-local' at Thu, 22 Aug 2019 16:44:10 +0000. Up 10.91 seconds.
[[0;32m  OK  [0m] Started Initial cloud-init job (pre-networking).
[[0;32m  OK  [0m] Reached target Network (Pre).
[[0;32m  OK  [0m] Started ifup for enp0s3.
         Starting Raise network interfaces...
[[0;32m  OK  [0m] Started Raise network interfaces.
[[0;32m  OK  [0m] Reached target Network.
         Starting Initial cloud-init job (metadata service crawler)...
[   13.077179] cloud-init[962]: Cloud-init v. 19.1-1-gbaa47854-0ubuntu1~16.04.1 running 'init' at Thu, 22 Aug 2019 16:44:12 +0000. Up 12.49 seconds.
[[   13.153455] cloud-init[962]: ci-info: ++++++++++++++++++++++++++++++++++++++Net device info++++++++++++++++++++++++++++++++++++++
[   13.153903] cloud-init[962]: ci-info: +--------+------+----------------------------+---------------+--------+-------------------+
[   13.154482] cloud-init[962]: ci-info: | Device |  Up  |          Address           |      Mask     | Scope  |     Hw-Address    |
[   13.155061] cloud-init[962]: ci-info: +--------+------+----------------------------+---------------+--------+-------------------+
[0;32m  OK  [0m] Started Initial cloud-init job (metadata service crawler).
[[0;32m  OK  [0m] Reached target Cloud-config availability.
[[0;32m  OK  [0m] Reached target Network is Online.
[   13.155427] cloud-init[962]: ci-info: | enp0s3 | True |         10.0.2.15          | 255.255.255.0 | global | 02:1e:e5:6d:71:21 |
[   13.167295] cloud-init[962]: ci-info: | enp0s3 | True | fe80::1e:e5ff:fe6d:7121/64 |       .       |  link  | 02:1e:e5:6d:71:21 |
[   13.169220] cloud-init[962]: ci-info: |   lo   | True |         127.0.0.1          |   255.0.0.0   |  host  |         .         |
[   13.172252] cloud-init[962]: ci-info: |   lo   | True |          ::1/128           |       .       |  host  |         .         |
[   13.174148] cloud-init[962]: ci-info: +--------+------+----------------------------+---------------+--------+-------------------+
         Starting iSCSI initiator daemon (iscsid)...
[[0;32m  OK  [0m] Reached target System Initialization.
[   13.176024] cloud-init[962]: ci-info: +++++++++++++++++++++++++++Route IPv4 info++++++++++++++++++++++++++++
[   13.179449] cloud-init[962]: ci-info: +-------+-------------+----------+---------------+-----------+-------+
[   13.181462] cloud-init[962]: ci-info: | Route | Destination | Gateway  |    Genmask    | Interface | Flags |
[   13.183526] cloud-init[962]: ci-info: +-------+-------------+----------+---------------+-----------+-------+
[   13.185275] cloud-init[962]: ci-info: |   0   |   0.0.0.0   | 10.0.2.2 |    0.0.0.0    |   enp0s3  |   UG  |
[   13.187881] cloud-init[962]: ci-info: |   1   |   10.0.2.0  | 0.0.0.0  | 255.255.255.0 |   enp0s3  |   U   |
[   13.200219] [[0;32m  OK  [0m] Started ACPI Events Check.
[[0;32m  OK  [0m] Reached target Paths.
[[0;32m  OK  [0m] Started Daily Cleanup of Temporary Directories.
cloud-init[962]: ci-info: +-------+-------------+----------+---------------+-----------+-------+
[   13.203961] cloud-init[962]: ci-info: +++++++++++++++++++Route IPv6 info+++++++++++++++++++
[   13.205740] cloud-init[962]: ci-info: +-------+-------------+---------+-----------+-------+
[   13.212682] cloud-init[962]: ci-info: | Route | Destination | Gateway | Interface | Flags |[[0;32m  OK  [0m] Started Daily apt download activities.
         Starting Socket activation for snappy daemon.
[[0;32m  OK  [0m] Listening on UUID daemon activation socket.
[[0;32m  OK  [0m] Started Daily apt upgrade and clean activities.
[[0;32m  OK  [0m] Reached target Timers.

[   13.217933] cloud-init[962]: ci-info: +-------+-------------+---------+-----------+-------+
[   13.221171] cloud-init[962]: ci-info: |   0   |  fe80::/64  |    ::   |   enp0s3  |   U   |
[   13.222967] cloud-init[962]: ci-info: |   3   |   ff00::/8  |    ::   |   enp0s3  |   U   |
[   13.224785] cloud-init[962]: ci-info: +-------+-------------+---------+-----------+-------+
         Starting LXD - unix socket.
[[0;32m  OK  [0m] Listening on ACPID Listen Socket.
[[0;32m  OK  [0m] Listening on D-Bus System Message Bus Socket.
[[0;32m  OK  [0m] Listening on Socket activation for snappy daemon.
[[0;32m  OK  [0m] Listening on LXD - unix socket.
[[0;32m  OK  [0m] Started iSCSI initiator daemon (iscsid).
         Starting Login to default iSCSI targets...
[[0;32m  OK  [0m] Reached target Sockets.
[[0;32m  OK  [0m] Reached target Basic System.
         Starting LSB: MD monitoring daemon...
[[0;32m  OK  [0m] Started FUSE filesystem for LXC.
[[0;32m  OK  [0m] Started D-Bus System Message Bus.
         Starting System Logging Service...
[[0;32m  OK  [0m] Started Regular background program processing daemon.
         Starting Accounts Service...
         Starting OpenBSD Secure Shell server...
         Starting Login Service...
         Starting Snappy daemon...
         Starting /etc/rc.local Compatibility...
[[0;32m  OK  [0m] Started Deferred execution scheduler.
         Starting Virtualbox guest utils...
         Starting LSB: Record successful boot for GRUB...
[[0;32m  OK  [0m] Started ACPI event daemon.
         Starting LXD - container startup/shutdown...
[[0;32m  OK  [0m] Started System Logging Service.
[[0;32m  OK  [0m] Started /etc/rc.local Compatibility.
[[0;32m  OK  [0m] Started Login Service.
[[0;32m  OK  [0m] Started Unattended Upgrades Shutdown.
[[0;32m  OK  [0m] Started LSB: MD monitoring daemon.
[[0;32m  OK  [0m] Started LSB: Record successful boot for GRUB.
[[0;32m  OK  [0m] Started Login to default iSCSI targets.
[[0;32m  OK  [0m] Reached target Remote File Systems (Pre).
[[0;32m  OK  [0m] Reached target Remote File Systems.
         Starting Permit User Sessions...
         Starting LSB: Set the CPU Frequency Scaling governor to "ondemand"...
         Starting LSB: daemon to balance interrupts for SMP systems...
         Starting LSB: automatic crash report generation...
[[0;32m  OK  [0m] Started LSB: Set the CPU Frequency Scaling governor to "ondemand".
[[0;32m  OK  [0m] Started Permit User Sessions.
         Starting Terminate Plymouth Boot Screen...
         Starting Hold until boot process finishes up...
[[0;32m  OK  [0m] Started Hold until boot process finishes up.
[[0;32m  OK  [0m] Started Terminate Plymouth Boot Screen.
[[0;32m  OK  [0m] Started Serial Getty on ttyS0.
         Starting Set console scheme...
[[0;32m  OK  [0m] Started Getty on tty1.
[[0;32m  OK  [0m] Reached target Login Prompts.
[[0;32m  OK  [0m] Started Set console scheme.
[[0;32m  OK  [0m] Started LSB: daemon to balance interrupts for SMP systems.
[[0;32m  OK  [0m] Started LSB: automatic crash report generation.
         Starting Authenticate and Authorize Users to Run Privileged Tasks...
[[0;32m  OK  [0m] Started OpenBSD Secure Shell server.
[[0;32m  OK  [0m] Started Virtualbox guest utils.
[[0;32m  OK  [0m] Started Authenticate and Authorize Users to Run Privileged Tasks.
[[0;32m  OK  [0m] Started Accounts Service.
[[0;32m  OK  [0m] Started LXD - container startup/shutdown.
[[0;32m  OK  [0m] Started Snappy daemon.
         Starting Wait until snapd is fully seeded...
[[0;32m  OK  [0m] Started Wait until snapd is fully seeded.
         Starting Apply the settings specified in cloud-config...
[[0;32m  OK  [0m] Reached target Multi-User System.
[[0;32m  OK  [0m] Reached target Graphical Interface.
         Starting Update UTMP about System Runlevel Changes...
[[0;32m  OK  [0m] Started Update UTMP about System Runlevel Changes.
[   16.306782] cloud-init[1220]: Cloud-init v. 19.1-1-gbaa47854-0ubuntu1~16.04.1 running 'modules:config' at Thu, 22 Aug 2019 16:44:16 +0000. Up 16.19 seconds.
[[0;32m  OK  [0m] Started Apply the settings specified in cloud-config.
         Starting Execute cloud user/final scripts...
[   16.834717] cloud-init[1233]: Cloud-init v. 19.1-1-gbaa47854-0ubuntu1~16.04.1 running 'modules:final' at Thu, 22 Aug 2019 16:44:16 +0000. Up 16.71 seconds.
[   16.841604] cloud-init[1233]: Cloud-init v. 19.1-1-gbaa47854-0ubuntu1~16.04.1 finished at Thu, 22 Aug 2019 16:44:16 +0000. Datasource DataSourceNoCloud [seed=/dev/sdb][dsmode=net].  Up 16.82 seconds
[[0;32m  OK  [0m] Started Execute cloud user/final scripts.
[[0;32m  OK  [0m] Reached target Cloud-init target.

Ubuntu 16.04.6 LTS ubuntu-xenial ttyS0

ubuntu-xenial login: 